mode: atomic
github.com/gochain/gochain/pkg/explorer/api/handlers.go:21.83,25.2 1 23
github.com/gochain/gochain/pkg/explorer/api/handlers.go:28.84,32.16 3 4
github.com/gochain/gochain/pkg/explorer/api/handlers.go:32.16,35.3 2 3
github.com/gochain/gochain/pkg/explorer/api/handlers.go:37.2,37.35 1 1
github.com/gochain/gochain/pkg/explorer/api/handlers.go:41.87,47.16 4 3
github.com/gochain/gochain/pkg/explorer/api/handlers.go:47.16,50.3 2 1
github.com/gochain/gochain/pkg/explorer/api/handlers.go:52.2,54.16 3 2
github.com/gochain/gochain/pkg/explorer/api/handlers.go:54.16,57.3 2 1
github.com/gochain/gochain/pkg/explorer/api/handlers.go:59.2,59.38 1 1
github.com/gochain/gochain/pkg/explorer/api/handlers.go:63.93,69.16 4 2
github.com/gochain/gochain/pkg/explorer/api/handlers.go:69.16,72.3 2 1
github.com/gochain/gochain/pkg/explorer/api/handlers.go:74.2,76.16 3 1
github.com/gochain/gochain/pkg/explorer/api/handlers.go:76.16,79.3 2 0
github.com/gochain/gochain/pkg/explorer/api/handlers.go:81.2,81.35 1 1
github.com/gochain/gochain/pkg/explorer/api/handlers.go:85.89,90.44 3 3
github.com/gochain/gochain/pkg/explorer/api/handlers.go:90.44,93.3 2 2
github.com/gochain/gochain/pkg/explorer/api/handlers.go:95.2,97.16 3 1
github.com/gochain/gochain/pkg/explorer/api/handlers.go:97.16,100.3 2 0
github.com/gochain/gochain/pkg/explorer/api/handlers.go:102.2,102.40 1 1
github.com/gochain/gochain/pkg/explorer/api/handlers.go:106.81,112.16 4 3
github.com/gochain/gochain/pkg/explorer/api/handlers.go:112.16,115.3 2 1
github.com/gochain/gochain/pkg/explorer/api/handlers.go:117.2,122.4 1 2
github.com/gochain/gochain/pkg/explorer/api/handlers.go:126.87,132.16 4 2
github.com/gochain/gochain/pkg/explorer/api/handlers.go:132.16,135.3 2 1
github.com/gochain/gochain/pkg/explorer/api/handlers.go:137.2,142.4 1 1
github.com/gochain/gochain/pkg/explorer/api/handlers.go:146.81,148.17 2 3
github.com/gochain/gochain/pkg/explorer/api/handlers.go:148.17,151.3 2 1
github.com/gochain/gochain/pkg/explorer/api/handlers.go:153.2,155.16 3 2
github.com/gochain/gochain/pkg/explorer/api/handlers.go:155.16,158.3 2 1
github.com/gochain/gochain/pkg/explorer/api/handlers.go:160.2,160.38 1 1
github.com/gochain/gochain/pkg/explorer/api/handlers.go:164.85,167.16 3 2
github.com/gochain/gochain/pkg/explorer/api/handlers.go:167.16,170.3 2 1
github.com/gochain/gochain/pkg/explorer/api/handlers.go:172.2,172.36 1 1
github.com/gochain/gochain/pkg/explorer/api/handlers.go:176.81,184.2 2 5
github.com/gochain/gochain/pkg/explorer/api/handlers.go:187.82,190.2 1 0
github.com/gochain/gochain/pkg/explorer/api/handlers.go:195.86,202.16 6 15
github.com/gochain/gochain/pkg/explorer/api/handlers.go:202.16,205.3 2 0
github.com/gochain/gochain/pkg/explorer/api/handlers.go:207.2,208.19 2 15
github.com/gochain/gochain/pkg/explorer/api/handlers.go:212.86,218.60 3 10
github.com/gochain/gochain/pkg/explorer/api/handlers.go:218.60,219.70 1 6
github.com/gochain/gochain/pkg/explorer/api/handlers.go:219.70,220.20 1 4
github.com/gochain/gochain/pkg/explorer/api/handlers.go:220.20,222.5 1 1
github.com/gochain/gochain/pkg/explorer/api/handlers.go:222.10,224.5 1 3
github.com/gochain/gochain/pkg/explorer/api/handlers.go:229.2,229.63 1 10
github.com/gochain/gochain/pkg/explorer/api/handlers.go:229.63,230.72 1 6
github.com/gochain/gochain/pkg/explorer/api/handlers.go:230.72,232.4 1 4
github.com/gochain/gochain/pkg/explorer/api/handlers.go:235.2,235.22 1 10
github.com/gochain/gochain/pkg/explorer/api/handlers.go:239.75,244.24 2 4
github.com/gochain/gochain/pkg/explorer/api/handlers.go:244.24,246.3 1 2
github.com/gochain/gochain/pkg/explorer/api/handlers.go:249.2,250.16 2 2
github.com/gochain/gochain/pkg/explorer/api/handlers.go:250.16,252.3 1 1
github.com/gochain/gochain/pkg/explorer/api/handlers.go:254.2,254.18 1 1
github.com/gochain/gochain/pkg/explorer/api/handlers.go:258.101,269.16 5 1
github.com/gochain/gochain/pkg/explorer/api/handlers.go:269.16,272.3 2 0
github.com/gochain/gochain/pkg/explorer/api/handlers.go:274.2,275.19 2 1
github.com/gochain/gochain/pkg/explorer/api/routes.go:10.56,47.2 15 6
github.com/gochain/gochain/pkg/explorer/api/routes.go:50.53,51.71 1 11
github.com/gochain/gochain/pkg/explorer/api/routes.go:51.71,59.28 5 11
github.com/gochain/gochain/pkg/explorer/api/routes.go:59.28,62.4 2 1
github.com/gochain/gochain/pkg/explorer/api/routes.go:64.3,64.23 1 10
github.com/gochain/gochain/pkg/explorer/api/routes.go:69.56,70.71 1 11
github.com/gochain/gochain/pkg/explorer/api/routes.go:70.71,83.3 2 10
github.com/gochain/gochain/pkg/explorer/api/routes.go:92.49,95.2 2 11
github.com/gochain/gochain/pkg/explorer/api/routes.go:97.56,99.2 1 11
