mode: atomic
github.com/gochain/gochain/pkg/block/block.go:60.73,77.2 3 10
github.com/gochain/gochain/pkg/block/block.go:81.86,95.2 3 5
github.com/gochain/gochain/pkg/block/block.go:98.49,100.20 1 7
github.com/gochain/gochain/pkg/block/block.go:100.20,102.3 1 3
github.com/gochain/gochain/pkg/block/block.go:103.2,106.47 2 7
github.com/gochain/gochain/pkg/block/block.go:111.40,147.2 20 5
github.com/gochain/gochain/pkg/block/block.go:150.47,159.34 5 9
github.com/gochain/gochain/pkg/block/block.go:159.34,160.19 1 0
github.com/gochain/gochain/pkg/block/block.go:160.19,169.4 8 0
github.com/gochain/gochain/pkg/block/block.go:173.2,173.36 1 9
github.com/gochain/gochain/pkg/block/block.go:173.36,174.20 1 6
github.com/gochain/gochain/pkg/block/block.go:174.20,179.4 4 6
github.com/gochain/gochain/pkg/block/block.go:183.2,193.16 8 9
github.com/gochain/gochain/pkg/block/block.go:198.46,199.30 1 26
github.com/gochain/gochain/pkg/block/block.go:199.30,202.3 2 15
github.com/gochain/gochain/pkg/block/block.go:205.2,205.30 1 11
github.com/gochain/gochain/pkg/block/block.go:205.30,207.3 1 9
github.com/gochain/gochain/pkg/block/block.go:210.2,211.36 2 2
github.com/gochain/gochain/pkg/block/block.go:211.36,213.3 1 4
github.com/gochain/gochain/pkg/block/block.go:215.2,215.32 1 2
github.com/gochain/gochain/pkg/block/block.go:221.46,222.22 1 4
github.com/gochain/gochain/pkg/block/block.go:222.22,224.3 1 2
github.com/gochain/gochain/pkg/block/block.go:227.2,227.24 1 2
github.com/gochain/gochain/pkg/block/block.go:227.24,229.3 1 0
github.com/gochain/gochain/pkg/block/block.go:232.2,233.38 2 2
github.com/gochain/gochain/pkg/block/block.go:233.38,237.3 3 2
github.com/gochain/gochain/pkg/block/block.go:239.2,239.35 1 2
github.com/gochain/gochain/pkg/block/block.go:244.33,246.21 1 3
github.com/gochain/gochain/pkg/block/block.go:246.21,248.3 1 1
github.com/gochain/gochain/pkg/block/block.go:251.2,251.43 1 2
github.com/gochain/gochain/pkg/block/block.go:251.43,253.3 1 0
github.com/gochain/gochain/pkg/block/block.go:256.2,257.54 2 2
github.com/gochain/gochain/pkg/block/block.go:257.54,260.3 1 0
github.com/gochain/gochain/pkg/block/block.go:263.2,263.36 1 2
github.com/gochain/gochain/pkg/block/block.go:263.36,264.38 1 0
github.com/gochain/gochain/pkg/block/block.go:264.38,266.4 1 0
github.com/gochain/gochain/pkg/block/block.go:269.2,269.12 1 2
github.com/gochain/gochain/pkg/block/block.go:274.34,275.20 1 5
github.com/gochain/gochain/pkg/block/block.go:275.20,277.3 1 1
github.com/gochain/gochain/pkg/block/block.go:279.2,279.28 1 4
github.com/gochain/gochain/pkg/block/block.go:279.28,281.3 1 1
github.com/gochain/gochain/pkg/block/block.go:283.2,283.52 1 3
github.com/gochain/gochain/pkg/block/block.go:283.52,285.3 1 0
github.com/gochain/gochain/pkg/block/block.go:287.2,287.26 1 3
github.com/gochain/gochain/pkg/block/block.go:287.26,289.3 1 0
github.com/gochain/gochain/pkg/block/block.go:291.2,291.23 1 3
github.com/gochain/gochain/pkg/block/block.go:291.23,293.3 1 0
github.com/gochain/gochain/pkg/block/block.go:297.2,297.12 1 3
github.com/gochain/gochain/pkg/block/block.go:302.40,303.21 1 4
github.com/gochain/gochain/pkg/block/block.go:303.21,305.3 1 1
github.com/gochain/gochain/pkg/block/block.go:307.2,307.24 1 3
github.com/gochain/gochain/pkg/block/block.go:307.24,309.3 1 0
github.com/gochain/gochain/pkg/block/block.go:312.2,312.25 1 3
github.com/gochain/gochain/pkg/block/block.go:312.25,313.27 1 3
github.com/gochain/gochain/pkg/block/block.go:313.27,315.4 1 1
github.com/gochain/gochain/pkg/block/block.go:317.8,319.26 1 0
github.com/gochain/gochain/pkg/block/block.go:319.26,321.4 1 0
github.com/gochain/gochain/pkg/block/block.go:324.2,324.26 1 2
github.com/gochain/gochain/pkg/block/block.go:324.26,326.3 1 0
github.com/gochain/gochain/pkg/block/block.go:329.2,329.34 1 2
github.com/gochain/gochain/pkg/block/block.go:329.34,330.41 1 0
github.com/gochain/gochain/pkg/block/block.go:330.41,332.4 1 0
github.com/gochain/gochain/pkg/block/block.go:336.2,336.36 1 2
github.com/gochain/gochain/pkg/block/block.go:336.36,337.42 1 2
github.com/gochain/gochain/pkg/block/block.go:337.42,339.4 1 0
github.com/gochain/gochain/pkg/block/block.go:342.2,342.12 1 2
github.com/gochain/gochain/pkg/block/block.go:347.36,348.30 1 0
github.com/gochain/gochain/pkg/block/block.go:348.30,350.3 1 0
github.com/gochain/gochain/pkg/block/block.go:352.2,352.12 1 0
github.com/gochain/gochain/pkg/block/block.go:357.38,358.20 1 2
github.com/gochain/gochain/pkg/block/block.go:358.20,360.3 1 0
github.com/gochain/gochain/pkg/block/block.go:362.2,362.32 1 2
github.com/gochain/gochain/pkg/block/block.go:362.32,364.3 1 0
github.com/gochain/gochain/pkg/block/block.go:366.2,366.12 1 2
github.com/gochain/gochain/pkg/block/block.go:370.33,373.2 1 0
github.com/gochain/gochain/pkg/block/block.go:376.34,379.2 1 0
github.com/gochain/gochain/pkg/block/block.go:382.40,385.2 1 0
github.com/gochain/gochain/pkg/block/block.go:389.42,391.2 1 0
github.com/gochain/gochain/pkg/block/block.go:395.35,396.22 1 2
github.com/gochain/gochain/pkg/block/block.go:396.22,398.3 1 0
github.com/gochain/gochain/pkg/block/block.go:399.2,399.19 1 2
github.com/gochain/gochain/pkg/block/block.go:399.19,400.19 1 64
github.com/gochain/gochain/pkg/block/block.go:400.19,402.4 1 0
github.com/gochain/gochain/pkg/block/block.go:404.2,404.13 1 2
github.com/gochain/gochain/pkg/block/block.go:408.34,410.2 1 1
github.com/gochain/gochain/pkg/block/block.go:413.45,421.16 3 5
github.com/gochain/gochain/pkg/block/block.go:421.16,423.3 1 0
github.com/gochain/gochain/pkg/block/block.go:426.2,439.36 10 5
github.com/gochain/gochain/pkg/block/block.go:439.36,441.17 2 3
github.com/gochain/gochain/pkg/block/block.go:441.17,443.4 1 0
github.com/gochain/gochain/pkg/block/block.go:446.3,450.33 5 3
github.com/gochain/gochain/pkg/block/block.go:453.2,453.18 1 5
github.com/gochain/gochain/pkg/block/block.go:457.48,458.19 1 5
github.com/gochain/gochain/pkg/block/block.go:458.19,460.3 1 0
github.com/gochain/gochain/pkg/block/block.go:462.2,468.39 4 5
github.com/gochain/gochain/pkg/block/block.go:468.39,470.3 1 0
github.com/gochain/gochain/pkg/block/block.go:473.2,474.81 2 5
github.com/gochain/gochain/pkg/block/block.go:474.81,476.3 1 3
github.com/gochain/gochain/pkg/block/block.go:477.2,481.26 3 2
github.com/gochain/gochain/pkg/block/block.go:481.26,483.3 1 0
github.com/gochain/gochain/pkg/block/block.go:484.2,489.39 4 2
github.com/gochain/gochain/pkg/block/block.go:489.39,490.27 1 0
github.com/gochain/gochain/pkg/block/block.go:490.27,492.4 1 0
github.com/gochain/gochain/pkg/block/block.go:494.3,497.36 3 0
github.com/gochain/gochain/pkg/block/block.go:497.36,499.4 1 0
github.com/gochain/gochain/pkg/block/block.go:501.3,502.74 2 0
github.com/gochain/gochain/pkg/block/block.go:502.74,504.4 1 0
github.com/gochain/gochain/pkg/block/block.go:505.3,506.23 2 0
github.com/gochain/gochain/pkg/block/block.go:510.2,512.12 2 2
github.com/gochain/gochain/pkg/block/block.go:516.41,518.2 1 0
github.com/gochain/gochain/pkg/block/block.go:521.38,523.2 1 0
github.com/gochain/gochain/pkg/block/block.go:526.44,528.2 1 0
github.com/gochain/gochain/pkg/block/block.go:531.41,533.2 1 0
github.com/gochain/gochain/pkg/block/block.go:536.43,538.2 1 0
github.com/gochain/gochain/pkg/block/block.go:541.41,543.2 1 0
github.com/gochain/gochain/pkg/block/block.go:546.36,548.2 1 0
github.com/gochain/gochain/pkg/block/block.go:551.37,553.2 1 0
github.com/gochain/gochain/pkg/block/block.go:556.46,591.2 19 6
github.com/gochain/gochain/pkg/block/block.go:594.49,595.21 1 6
github.com/gochain/gochain/pkg/block/block.go:595.21,597.3 1 4
github.com/gochain/gochain/pkg/block/block.go:599.2,631.12 18 2
github.com/gochain/gochain/pkg/block/block.go:635.52,650.34 9 8
github.com/gochain/gochain/pkg/block/block.go:650.34,652.17 2 0
github.com/gochain/gochain/pkg/block/block.go:652.17,654.4 1 0
github.com/gochain/gochain/pkg/block/block.go:657.3,661.36 5 0
github.com/gochain/gochain/pkg/block/block.go:665.2,671.36 5 8
github.com/gochain/gochain/pkg/block/block.go:671.36,673.17 2 8
github.com/gochain/gochain/pkg/block/block.go:673.17,675.4 1 0
github.com/gochain/gochain/pkg/block/block.go:678.3,682.37 5 8
github.com/gochain/gochain/pkg/block/block.go:686.2,698.18 8 8
github.com/gochain/gochain/pkg/block/block.go:702.55,703.20 1 4
github.com/gochain/gochain/pkg/block/block.go:703.20,705.3 1 0
github.com/gochain/gochain/pkg/block/block.go:707.2,719.42 7 4
github.com/gochain/gochain/pkg/block/block.go:719.42,720.27 1 0
github.com/gochain/gochain/pkg/block/block.go:720.27,722.4 1 0
github.com/gochain/gochain/pkg/block/block.go:724.3,727.39 3 0
github.com/gochain/gochain/pkg/block/block.go:727.39,729.4 1 0
github.com/gochain/gochain/pkg/block/block.go:731.3,732.80 2 0
github.com/gochain/gochain/pkg/block/block.go:732.80,734.4 1 0
github.com/gochain/gochain/pkg/block/block.go:735.3,736.26 2 0
github.com/gochain/gochain/pkg/block/block.go:740.2,740.26 1 4
github.com/gochain/gochain/pkg/block/block.go:740.26,742.3 1 0
github.com/gochain/gochain/pkg/block/block.go:743.2,748.43 4 4
github.com/gochain/gochain/pkg/block/block.go:748.43,749.27 1 4
github.com/gochain/gochain/pkg/block/block.go:749.27,751.4 1 0
github.com/gochain/gochain/pkg/block/block.go:753.3,756.40 3 4
github.com/gochain/gochain/pkg/block/block.go:756.40,758.4 1 0
github.com/gochain/gochain/pkg/block/block.go:760.3,761.82 2 4
github.com/gochain/gochain/pkg/block/block.go:761.82,763.4 1 0
github.com/gochain/gochain/pkg/block/block.go:764.3,765.27 2 4
github.com/gochain/gochain/pkg/block/block.go:769.2,769.26 1 4
github.com/gochain/gochain/pkg/block/block.go:769.26,771.3 1 0
github.com/gochain/gochain/pkg/block/block.go:772.2,776.26 3 4
github.com/gochain/gochain/pkg/block/block.go:776.26,778.3 1 0
github.com/gochain/gochain/pkg/block/block.go:779.2,783.27 3 4
github.com/gochain/gochain/pkg/block/block.go:783.27,785.3 1 0
github.com/gochain/gochain/pkg/block/block.go:786.2,789.12 3 4
github.com/gochain/gochain/pkg/block/block.go:793.48,819.2 14 0
github.com/gochain/gochain/pkg/block/block.go:822.51,823.20 1 0
github.com/gochain/gochain/pkg/block/block.go:823.20,825.3 1 0
github.com/gochain/gochain/pkg/block/block.go:827.2,843.42 9 0
github.com/gochain/gochain/pkg/block/block.go:843.42,845.3 1 0
github.com/gochain/gochain/pkg/block/block.go:846.2,851.26 4 0
github.com/gochain/gochain/pkg/block/block.go:851.26,853.3 1 0
github.com/gochain/gochain/pkg/block/block.go:854.2,856.12 2 0
github.com/gochain/gochain/pkg/block/block.go:860.50,878.2 10 8
github.com/gochain/gochain/pkg/block/block.go:881.53,882.20 1 4
github.com/gochain/gochain/pkg/block/block.go:882.20,884.3 1 0
github.com/gochain/gochain/pkg/block/block.go:886.2,897.45 6 4
github.com/gochain/gochain/pkg/block/block.go:897.45,899.3 1 0
github.com/gochain/gochain/pkg/block/block.go:900.2,903.12 3 4
