mode: atomic
github.com/gochain/gochain/pkg/chain/chain.go:45.40,51.2 1 22
github.com/gochain/gochain/pkg/chain/chain.go:55.124,70.16 4 22
github.com/gochain/gochain/pkg/chain/chain.go:70.16,72.3 1 0
github.com/gochain/gochain/pkg/chain/chain.go:74.2,74.28 1 22
github.com/gochain/gochain/pkg/chain/chain.go:74.28,78.70 2 22
github.com/gochain/gochain/pkg/chain/chain.go:78.70,80.4 1 0
github.com/gochain/gochain/pkg/chain/chain.go:81.3,84.18 1 22
github.com/gochain/gochain/pkg/chain/chain.go:84.18,86.4 1 0
github.com/gochain/gochain/pkg/chain/chain.go:88.3,88.72 1 22
github.com/gochain/gochain/pkg/chain/chain.go:88.72,90.4 1 0
github.com/gochain/gochain/pkg/chain/chain.go:93.3,93.49 1 22
github.com/gochain/gochain/pkg/chain/chain.go:94.8,97.17 2 0
github.com/gochain/gochain/pkg/chain/chain.go:97.17,99.4 1 0
github.com/gochain/gochain/pkg/chain/chain.go:100.3,105.55 4 0
github.com/gochain/gochain/pkg/chain/chain.go:105.55,107.4 1 0
github.com/gochain/gochain/pkg/chain/chain.go:113.3,113.62 1 0
github.com/gochain/gochain/pkg/chain/chain.go:113.62,115.4 1 0
github.com/gochain/gochain/pkg/chain/chain.go:118.2,118.19 1 22
github.com/gochain/gochain/pkg/chain/chain.go:124.38,155.2 11 22
github.com/gochain/gochain/pkg/chain/chain.go:160.92,179.2 4 22
github.com/gochain/gochain/pkg/chain/chain.go:184.72,193.34 5 22
github.com/gochain/gochain/pkg/chain/chain.go:193.34,202.3 8 0
github.com/gochain/gochain/pkg/chain/chain.go:205.2,205.36 1 22
github.com/gochain/gochain/pkg/chain/chain.go:205.36,210.3 4 22
github.com/gochain/gochain/pkg/chain/chain.go:213.2,223.16 8 22
github.com/gochain/gochain/pkg/chain/chain.go:228.52,229.18 1 8
github.com/gochain/gochain/pkg/chain/chain.go:229.18,231.3 1 0
github.com/gochain/gochain/pkg/chain/chain.go:232.2,232.25 1 8
github.com/gochain/gochain/pkg/chain/chain.go:232.25,234.3 1 1
github.com/gochain/gochain/pkg/chain/chain.go:236.2,241.68 4 7
github.com/gochain/gochain/pkg/chain/chain.go:241.68,243.3 1 3
github.com/gochain/gochain/pkg/chain/chain.go:246.2,246.47 1 4
github.com/gochain/gochain/pkg/chain/chain.go:246.47,248.3 1 1
github.com/gochain/gochain/pkg/chain/chain.go:251.2,252.49 2 3
github.com/gochain/gochain/pkg/chain/chain.go:252.49,254.3 1 0
github.com/gochain/gochain/pkg/chain/chain.go:257.2,257.52 1 3
github.com/gochain/gochain/pkg/chain/chain.go:257.52,259.3 1 0
github.com/gochain/gochain/pkg/chain/chain.go:262.2,262.28 1 3
github.com/gochain/gochain/pkg/chain/chain.go:262.28,268.23 4 3
github.com/gochain/gochain/pkg/chain/chain.go:268.23,271.4 2 3
github.com/gochain/gochain/pkg/chain/chain.go:274.3,277.18 1 3
github.com/gochain/gochain/pkg/chain/chain.go:277.18,279.4 1 0
github.com/gochain/gochain/pkg/chain/chain.go:281.3,281.55 1 3
github.com/gochain/gochain/pkg/chain/chain.go:281.55,283.4 1 0
github.com/gochain/gochain/pkg/chain/chain.go:286.3,286.39 1 3
github.com/gochain/gochain/pkg/chain/chain.go:287.8,289.37 1 0
github.com/gochain/gochain/pkg/chain/chain.go:289.37,291.4 1 0
github.com/gochain/gochain/pkg/chain/chain.go:295.2,298.12 3 3
github.com/gochain/gochain/pkg/chain/chain.go:304.57,305.18 1 4
github.com/gochain/gochain/pkg/chain/chain.go:305.18,307.3 1 0
github.com/gochain/gochain/pkg/chain/chain.go:308.2,308.25 1 4
github.com/gochain/gochain/pkg/chain/chain.go:308.25,310.3 1 0
github.com/gochain/gochain/pkg/chain/chain.go:313.2,313.40 1 4
github.com/gochain/gochain/pkg/chain/chain.go:313.40,315.3 1 0
github.com/gochain/gochain/pkg/chain/chain.go:318.2,319.39 2 4
github.com/gochain/gochain/pkg/chain/chain.go:319.39,322.3 1 1
github.com/gochain/gochain/pkg/chain/chain.go:325.2,325.29 1 3
github.com/gochain/gochain/pkg/chain/chain.go:325.29,327.37 2 3
github.com/gochain/gochain/pkg/chain/chain.go:327.37,329.4 1 0
github.com/gochain/gochain/pkg/chain/chain.go:332.3,332.55 1 3
github.com/gochain/gochain/pkg/chain/chain.go:332.55,335.4 1 0
github.com/gochain/gochain/pkg/chain/chain.go:338.3,338.64 1 3
github.com/gochain/gochain/pkg/chain/chain.go:338.64,341.4 1 0
github.com/gochain/gochain/pkg/chain/chain.go:345.2,345.45 1 3
github.com/gochain/gochain/pkg/chain/chain.go:345.45,347.3 1 0
github.com/gochain/gochain/pkg/chain/chain.go:350.2,350.40 1 3
github.com/gochain/gochain/pkg/chain/chain.go:350.40,351.59 1 3
github.com/gochain/gochain/pkg/chain/chain.go:351.59,353.4 1 0
github.com/gochain/gochain/pkg/chain/chain.go:356.2,356.12 1 3
github.com/gochain/gochain/pkg/chain/chain.go:361.57,371.40 4 5
github.com/gochain/gochain/pkg/chain/chain.go:371.40,373.3 1 5
github.com/gochain/gochain/pkg/chain/chain.go:375.2,375.13 1 5
github.com/gochain/gochain/pkg/chain/chain.go:380.66,390.34 4 5
github.com/gochain/gochain/pkg/chain/chain.go:390.34,392.3 1 0
github.com/gochain/gochain/pkg/chain/chain.go:395.2,395.36 1 5
github.com/gochain/gochain/pkg/chain/chain.go:395.36,397.3 1 5
github.com/gochain/gochain/pkg/chain/chain.go:399.2,399.13 1 5
github.com/gochain/gochain/pkg/chain/chain.go:405.56,406.41 1 5
github.com/gochain/gochain/pkg/chain/chain.go:406.41,408.3 1 1
github.com/gochain/gochain/pkg/chain/chain.go:411.2,411.24 1 4
github.com/gochain/gochain/pkg/chain/chain.go:411.24,413.75 1 4
github.com/gochain/gochain/pkg/chain/chain.go:413.75,415.4 1 4
github.com/gochain/gochain/pkg/chain/chain.go:416.8,419.3 1 0
github.com/gochain/gochain/pkg/chain/chain.go:422.2,423.16 2 0
github.com/gochain/gochain/pkg/chain/chain.go:423.16,425.3 1 0
github.com/gochain/gochain/pkg/chain/chain.go:427.2,428.16 2 0
github.com/gochain/gochain/pkg/chain/chain.go:428.16,430.3 1 0
github.com/gochain/gochain/pkg/chain/chain.go:433.2,433.47 1 0
github.com/gochain/gochain/pkg/chain/chain.go:438.52,440.53 1 8
github.com/gochain/gochain/pkg/chain/chain.go:440.53,442.3 1 7
github.com/gochain/gochain/pkg/chain/chain.go:445.2,446.16 2 1
github.com/gochain/gochain/pkg/chain/chain.go:446.16,448.3 1 1
github.com/gochain/gochain/pkg/chain/chain.go:451.2,453.14 2 0
github.com/gochain/gochain/pkg/chain/chain.go:458.62,460.54 1 8
github.com/gochain/gochain/pkg/chain/chain.go:460.54,462.3 1 6
github.com/gochain/gochain/pkg/chain/chain.go:466.2,466.33 1 2
github.com/gochain/gochain/pkg/chain/chain.go:466.33,467.36 1 2
github.com/gochain/gochain/pkg/chain/chain.go:467.36,470.4 2 0
github.com/gochain/gochain/pkg/chain/chain.go:473.2,473.12 1 2
github.com/gochain/gochain/pkg/chain/chain.go:477.45,482.2 3 15
github.com/gochain/gochain/pkg/chain/chain.go:485.36,487.2 1 15
github.com/gochain/gochain/pkg/chain/chain.go:490.37,495.2 3 19
github.com/gochain/gochain/pkg/chain/chain.go:498.48,502.2 3 14
github.com/gochain/gochain/pkg/chain/chain.go:506.50,508.2 1 14
github.com/gochain/gochain/pkg/chain/chain.go:511.53,513.2 1 3
github.com/gochain/gochain/pkg/chain/chain.go:517.75,521.61 3 2
github.com/gochain/gochain/pkg/chain/chain.go:521.61,523.3 1 1
github.com/gochain/gochain/pkg/chain/chain.go:526.2,526.49 1 1
github.com/gochain/gochain/pkg/chain/chain.go:530.81,533.39 2 1
github.com/gochain/gochain/pkg/chain/chain.go:533.39,535.19 2 1
github.com/gochain/gochain/pkg/chain/chain.go:535.19,537.4 1 1
github.com/gochain/gochain/pkg/chain/chain.go:539.3,540.42 2 0
github.com/gochain/gochain/pkg/chain/chain.go:543.2,543.25 1 0
github.com/gochain/gochain/pkg/chain/chain.go:547.54,558.18 5 0
github.com/gochain/gochain/pkg/chain/chain.go:558.18,559.42 1 0
github.com/gochain/gochain/pkg/chain/chain.go:559.42,561.18 2 0
github.com/gochain/gochain/pkg/chain/chain.go:561.18,563.5 1 0
github.com/gochain/gochain/pkg/chain/chain.go:564.4,564.37 1 0
github.com/gochain/gochain/pkg/chain/chain.go:568.2,568.12 1 0
github.com/gochain/gochain/pkg/chain/chain.go:572.47,577.2 1 0
github.com/gochain/gochain/pkg/chain/chain.go:581.65,583.17 2 3
github.com/gochain/gochain/pkg/chain/chain.go:583.17,586.3 2 0
github.com/gochain/gochain/pkg/chain/chain.go:589.2,590.63 2 3
github.com/gochain/gochain/pkg/chain/chain.go:590.63,592.3 1 3
github.com/gochain/gochain/pkg/chain/chain.go:595.2,597.43 3 3
github.com/gochain/gochain/pkg/chain/chain.go:602.57,604.31 1 2
github.com/gochain/gochain/pkg/chain/chain.go:604.31,606.3 1 1
github.com/gochain/gochain/pkg/chain/chain.go:608.2,608.59 1 1
github.com/gochain/gochain/pkg/chain/chain.go:612.31,614.2 1 2
github.com/gochain/gochain/pkg/chain/chain.go:617.33,623.2 3 1
