mode: atomic
github.com/gochain/gochain/pkg/chain/chain.go:45.40,51.2 1 22
github.com/gochain/gochain/pkg/chain/chain.go:55.124,70.16 4 22
github.com/gochain/gochain/pkg/chain/chain.go:70.16,72.3 1 0
github.com/gochain/gochain/pkg/chain/chain.go:74.2,74.28 1 22
github.com/gochain/gochain/pkg/chain/chain.go:74.28,78.70 2 22
github.com/gochain/gochain/pkg/chain/chain.go:78.70,80.4 1 0
github.com/gochain/gochain/pkg/chain/chain.go:81.3,84.18 1 22
github.com/gochain/gochain/pkg/chain/chain.go:84.18,86.4 1 0
github.com/gochain/gochain/pkg/chain/chain.go:88.3,88.72 1 22
github.com/gochain/gochain/pkg/chain/chain.go:88.72,90.4 1 0
github.com/gochain/gochain/pkg/chain/chain.go:93.3,93.49 1 22
github.com/gochain/gochain/pkg/chain/chain.go:94.8,97.17 2 0
github.com/gochain/gochain/pkg/chain/chain.go:97.17,99.4 1 0
github.com/gochain/gochain/pkg/chain/chain.go:100.3,105.55 4 0
github.com/gochain/gochain/pkg/chain/chain.go:105.55,107.4 1 0
github.com/gochain/gochain/pkg/chain/chain.go:113.3,113.62 1 0
github.com/gochain/gochain/pkg/chain/chain.go:113.62,115.4 1 0
github.com/gochain/gochain/pkg/chain/chain.go:118.2,118.19 1 22
github.com/gochain/gochain/pkg/chain/chain.go:124.38,155.2 11 22
github.com/gochain/gochain/pkg/chain/chain.go:160.92,179.2 4 22
github.com/gochain/gochain/pkg/chain/chain.go:184.72,193.34 5 22
github.com/gochain/gochain/pkg/chain/chain.go:193.34,202.3 8 0
github.com/gochain/gochain/pkg/chain/chain.go:205.2,205.36 1 22
github.com/gochain/gochain/pkg/chain/chain.go:205.36,210.3 4 22
github.com/gochain/gochain/pkg/chain/chain.go:213.2,223.16 8 22
github.com/gochain/gochain/pkg/chain/chain.go:228.52,229.18 1 8
github.com/gochain/gochain/pkg/chain/chain.go:229.18,231.3 1 0
github.com/gochain/gochain/pkg/chain/chain.go:232.2,232.25 1 8
github.com/gochain/gochain/pkg/chain/chain.go:232.25,234.3 1 1
github.com/gochain/gochain/pkg/chain/chain.go:236.2,241.68 4 7
github.com/gochain/gochain/pkg/chain/chain.go:241.68,243.3 1 3
github.com/gochain/gochain/pkg/chain/chain.go:246.2,246.47 1 4
github.com/gochain/gochain/pkg/chain/chain.go:246.47,248.3 1 1
github.com/gochain/gochain/pkg/chain/chain.go:251.2,252.49 2 3
github.com/gochain/gochain/pkg/chain/chain.go:252.49,254.3 1 0
github.com/gochain/gochain/pkg/chain/chain.go:257.2,257.52 1 3
github.com/gochain/gochain/pkg/chain/chain.go:257.52,259.3 1 0
github.com/gochain/gochain/pkg/chain/chain.go:262.2,262.28 1 3
github.com/gochain/gochain/pkg/chain/chain.go:262.28,268.23 4 3
github.com/gochain/gochain/pkg/chain/chain.go:268.23,271.4 2 3
github.com/gochain/gochain/pkg/chain/chain.go:274.3,277.18 1 3
github.com/gochain/gochain/pkg/chain/chain.go:277.18,279.4 1 0
github.com/gochain/gochain/pkg/chain/chain.go:281.3,281.55 1 3
github.com/gochain/gochain/pkg/chain/chain.go:281.55,283.4 1 0
github.com/gochain/gochain/pkg/chain/chain.go:286.3,286.39 1 3
github.com/gochain/gochain/pkg/chain/chain.go:287.8,289.37 1 0
github.com/gochain/gochain/pkg/chain/chain.go:289.37,291.4 1 0
github.com/gochain/gochain/pkg/chain/chain.go:295.2,298.12 3 3
github.com/gochain/gochain/pkg/chain/chain.go:304.57,305.18 1 4
github.com/gochain/gochain/pkg/chain/chain.go:305.18,307.3 1 0
github.com/gochain/gochain/pkg/chain/chain.go:308.2,308.25 1 4
github.com/gochain/gochain/pkg/chain/chain.go:308.25,310.3 1 0
github.com/gochain/gochain/pkg/chain/chain.go:313.2,313.40 1 4
github.com/gochain/gochain/pkg/chain/chain.go:313.40,315.3 1 0
github.com/gochain/gochain/pkg/chain/chain.go:318.2,319.39 2 4
github.com/gochain/gochain/pkg/chain/chain.go:319.39,322.3 1 1
github.com/gochain/gochain/pkg/chain/chain.go:325.2,325.29 1 3
github.com/gochain/gochain/pkg/chain/chain.go:325.29,327.37 2 3
github.com/gochain/gochain/pkg/chain/chain.go:327.37,329.4 1 0
github.com/gochain/gochain/pkg/chain/chain.go:332.3,332.55 1 3
github.com/gochain/gochain/pkg/chain/chain.go:332.55,335.4 1 0
github.com/gochain/gochain/pkg/chain/chain.go:338.3,338.64 1 3
github.com/gochain/gochain/pkg/chain/chain.go:338.64,341.4 1 0
github.com/gochain/gochain/pkg/chain/chain.go:345.2,345.45 1 3
github.com/gochain/gochain/pkg/chain/chain.go:345.45,347.3 1 0
github.com/gochain/gochain/pkg/chain/chain.go:350.2,350.40 1 3
github.com/gochain/gochain/pkg/chain/chain.go:350.40,351.59 1 3
github.com/gochain/gochain/pkg/chain/chain.go:351.59,353.4 1 0
github.com/gochain/gochain/pkg/chain/chain.go:356.2,356.12 1 3
github.com/gochain/gochain/pkg/chain/chain.go:361.57,371.40 4 5
github.com/gochain/gochain/pkg/chain/chain.go:371.40,373.3 1 5
github.com/gochain/gochain/pkg/chain/chain.go:375.2,375.13 1 5
github.com/gochain/gochain/pkg/chain/chain.go:380.66,390.34 4 5
github.com/gochain/gochain/pkg/chain/chain.go:390.34,392.3 1 0
github.com/gochain/gochain/pkg/chain/chain.go:395.2,395.36 1 5
github.com/gochain/gochain/pkg/chain/chain.go:395.36,397.3 1 5
github.com/gochain/gochain/pkg/chain/chain.go:399.2,399.13 1 5
github.com/gochain/gochain/pkg/chain/chain.go:405.56,406.41 1 5
github.com/gochain/gochain/pkg/chain/chain.go:406.41,408.3 1 1
github.com/gochain/gochain/pkg/chain/chain.go:411.2,411.24 1 4
github.com/gochain/gochain/pkg/chain/chain.go:411.24,413.75 1 4
github.com/gochain/gochain/pkg/chain/chain.go:413.75,415.4 1 4
github.com/gochain/gochain/pkg/chain/chain.go:416.8,419.3 1 0
github.com/gochain/gochain/pkg/chain/chain.go:422.2,423.16 2 0
github.com/gochain/gochain/pkg/chain/chain.go:423.16,425.3 1 0
github.com/gochain/gochain/pkg/chain/chain.go:427.2,428.16 2 0
github.com/gochain/gochain/pkg/chain/chain.go:428.16,430.3 1 0
github.com/gochain/gochain/pkg/chain/chain.go:433.2,433.47 1 0
github.com/gochain/gochain/pkg/chain/chain.go:438.52,440.53 1 8
github.com/gochain/gochain/pkg/chain/chain.go:440.53,442.3 1 7
github.com/gochain/gochain/pkg/chain/chain.go:445.2,446.16 2 1
github.com/gochain/gochain/pkg/chain/chain.go:446.16,448.3 1 1
github.com/gochain/gochain/pkg/chain/chain.go:451.2,453.14 2 0
github.com/gochain/gochain/pkg/chain/chain.go:458.62,460.54 1 8
github.com/gochain/gochain/pkg/chain/chain.go:460.54,462.3 1 6
github.com/gochain/gochain/pkg/chain/chain.go:466.2,466.33 1 2
github.com/gochain/gochain/pkg/chain/chain.go:466.33,467.36 1 2
github.com/gochain/gochain/pkg/chain/chain.go:467.36,470.4 2 0
github.com/gochain/gochain/pkg/chain/chain.go:473.2,473.12 1 2
github.com/gochain/gochain/pkg/chain/chain.go:477.45,482.2 3 15
github.com/gochain/gochain/pkg/chain/chain.go:485.36,487.2 1 15
github.com/gochain/gochain/pkg/chain/chain.go:490.37,495.2 3 19
github.com/gochain/gochain/pkg/chain/chain.go:498.48,502.2 3 14
github.com/gochain/gochain/pkg/chain/chain.go:506.50,508.2 1 14
github.com/gochain/gochain/pkg/chain/chain.go:511.53,513.2 1 3
github.com/gochain/gochain/pkg/chain/chain.go:517.75,521.61 3 2
github.com/gochain/gochain/pkg/chain/chain.go:521.61,523.3 1 1
github.com/gochain/gochain/pkg/chain/chain.go:526.2,526.49 1 1
github.com/gochain/gochain/pkg/chain/chain.go:530.81,533.39 2 1
github.com/gochain/gochain/pkg/chain/chain.go:533.39,535.19 2 1
github.com/gochain/gochain/pkg/chain/chain.go:535.19,537.4 1 1
github.com/gochain/gochain/pkg/chain/chain.go:539.3,540.42 2 0
github.com/gochain/gochain/pkg/chain/chain.go:543.2,543.25 1 0
github.com/gochain/gochain/pkg/chain/chain.go:547.54,558.18 5 0
github.com/gochain/gochain/pkg/chain/chain.go:558.18,559.42 1 0
github.com/gochain/gochain/pkg/chain/chain.go:559.42,561.18 2 0
github.com/gochain/gochain/pkg/chain/chain.go:561.18,563.5 1 0
github.com/gochain/gochain/pkg/chain/chain.go:564.4,564.37 1 0
github.com/gochain/gochain/pkg/chain/chain.go:568.2,568.12 1 0
github.com/gochain/gochain/pkg/chain/chain.go:572.47,577.2 1 0
github.com/gochain/gochain/pkg/chain/chain.go:581.65,583.17 2 3
github.com/gochain/gochain/pkg/chain/chain.go:583.17,586.3 2 0
github.com/gochain/gochain/pkg/chain/chain.go:589.2,590.63 2 3
github.com/gochain/gochain/pkg/chain/chain.go:590.63,592.3 1 3
github.com/gochain/gochain/pkg/chain/chain.go:595.2,597.43 3 3
github.com/gochain/gochain/pkg/chain/chain.go:602.57,604.31 1 2
github.com/gochain/gochain/pkg/chain/chain.go:604.31,606.3 1 1
github.com/gochain/gochain/pkg/chain/chain.go:608.2,608.59 1 1
github.com/gochain/gochain/pkg/chain/chain.go:612.31,614.2 1 2
github.com/gochain/gochain/pkg/chain/chain.go:617.33,623.2 3 1
github.com/gochain/gochain/pkg/benchmark/benchmark.go:50.48,61.2 1 5
github.com/gochain/gochain/pkg/benchmark/benchmark.go:64.94,70.2 1 5
github.com/gochain/gochain/pkg/benchmark/benchmark.go:73.97,91.32 5 3
github.com/gochain/gochain/pkg/benchmark/benchmark.go:91.32,96.6 2 21
github.com/gochain/gochain/pkg/benchmark/benchmark.go:96.6,107.4 8 21
github.com/gochain/gochain/pkg/benchmark/benchmark.go:110.2,111.16 2 3
github.com/gochain/gochain/pkg/benchmark/benchmark.go:115.100,124.34 5 4
github.com/gochain/gochain/pkg/benchmark/benchmark.go:124.34,126.51 1 225
github.com/gochain/gochain/pkg/benchmark/benchmark.go:126.51,128.4 1 0
github.com/gochain/gochain/pkg/benchmark/benchmark.go:128.9,130.4 1 225
github.com/gochain/gochain/pkg/benchmark/benchmark.go:133.2,149.3 4 4
github.com/gochain/gochain/pkg/benchmark/benchmark.go:153.95,160.21 5 3
github.com/gochain/gochain/pkg/benchmark/benchmark.go:160.21,162.3 1 2
github.com/gochain/gochain/pkg/benchmark/benchmark.go:163.2,165.31 2 3
github.com/gochain/gochain/pkg/benchmark/benchmark.go:165.31,167.50 1 3
github.com/gochain/gochain/pkg/benchmark/benchmark.go:167.50,169.4 1 0
github.com/gochain/gochain/pkg/benchmark/benchmark.go:169.9,171.4 1 3
github.com/gochain/gochain/pkg/benchmark/benchmark.go:174.2,190.3 4 3
github.com/gochain/gochain/pkg/benchmark/benchmark.go:194.97,203.32 5 3
github.com/gochain/gochain/pkg/benchmark/benchmark.go:203.32,204.64 1 175
github.com/gochain/gochain/pkg/benchmark/benchmark.go:204.64,206.4 1 0
github.com/gochain/gochain/pkg/benchmark/benchmark.go:206.9,208.4 1 175
github.com/gochain/gochain/pkg/benchmark/benchmark.go:212.2,212.32 1 3
github.com/gochain/gochain/pkg/benchmark/benchmark.go:212.32,213.54 1 175
github.com/gochain/gochain/pkg/benchmark/benchmark.go:213.54,215.4 1 0
github.com/gochain/gochain/pkg/benchmark/benchmark.go:215.9,217.4 1 175
github.com/gochain/gochain/pkg/benchmark/benchmark.go:220.2,237.3 4 3
github.com/gochain/gochain/pkg/benchmark/benchmark.go:241.93,247.47 4 0
github.com/gochain/gochain/pkg/benchmark/benchmark.go:247.47,250.3 1 0
github.com/gochain/gochain/pkg/benchmark/benchmark.go:252.2,267.3 4 0
github.com/gochain/gochain/pkg/benchmark/benchmark.go:271.94,278.21 5 3
github.com/gochain/gochain/pkg/benchmark/benchmark.go:278.21,280.3 1 1
github.com/gochain/gochain/pkg/benchmark/benchmark.go:281.2,283.31 2 3
github.com/gochain/gochain/pkg/benchmark/benchmark.go:283.31,284.49 1 4
github.com/gochain/gochain/pkg/benchmark/benchmark.go:284.49,286.4 1 0
github.com/gochain/gochain/pkg/benchmark/benchmark.go:286.9,288.4 1 4
github.com/gochain/gochain/pkg/benchmark/benchmark.go:291.2,307.3 4 3
github.com/gochain/gochain/pkg/benchmark/benchmark.go:311.99,317.45 4 3
github.com/gochain/gochain/pkg/benchmark/benchmark.go:317.45,319.57 1 120
github.com/gochain/gochain/pkg/benchmark/benchmark.go:319.57,321.4 1 0
github.com/gochain/gochain/pkg/benchmark/benchmark.go:321.9,323.4 1 120
github.com/gochain/gochain/pkg/benchmark/benchmark.go:326.2,342.3 4 3
github.com/gochain/gochain/pkg/benchmark/benchmark.go:346.95,357.47 7 3
github.com/gochain/gochain/pkg/benchmark/benchmark.go:357.47,358.63 1 175
github.com/gochain/gochain/pkg/benchmark/benchmark.go:358.63,360.4 1 0
github.com/gochain/gochain/pkg/benchmark/benchmark.go:360.9,362.4 1 175
github.com/gochain/gochain/pkg/benchmark/benchmark.go:365.2,387.3 7 3
github.com/gochain/gochain/pkg/benchmark/benchmark.go:391.93,397.47 4 3
github.com/gochain/gochain/pkg/benchmark/benchmark.go:397.47,398.76 1 175
github.com/gochain/gochain/pkg/benchmark/benchmark.go:398.76,400.4 1 0
github.com/gochain/gochain/pkg/benchmark/benchmark.go:400.9,402.4 1 175
github.com/gochain/gochain/pkg/benchmark/benchmark.go:405.2,421.3 4 3
github.com/gochain/gochain/pkg/benchmark/benchmark.go:425.84,427.29 2 11
github.com/gochain/gochain/pkg/benchmark/benchmark.go:427.29,434.3 1 925
github.com/gochain/gochain/pkg/benchmark/benchmark.go:435.2,435.21 1 11
github.com/gochain/gochain/pkg/benchmark/benchmark.go:438.72,440.29 2 6
github.com/gochain/gochain/pkg/benchmark/benchmark.go:440.29,453.3 1 7
github.com/gochain/gochain/pkg/benchmark/benchmark.go:454.2,454.15 1 6
github.com/gochain/gochain/pkg/benchmark/benchmark.go:460.3,466.29 2 3
github.com/gochain/gochain/pkg/benchmark/benchmark.go:466.29,474.3 1 175
github.com/gochain/gochain/pkg/benchmark/benchmark.go:475.2,475.13 1 3
github.com/gochain/gochain/pkg/benchmark/benchmark.go:479.70,481.29 2 0
github.com/gochain/gochain/pkg/benchmark/benchmark.go:481.29,487.3 1 0
github.com/gochain/gochain/pkg/benchmark/benchmark.go:488.2,488.14 1 0
github.com/gochain/gochain/pkg/benchmark/benchmark.go:492.75,495.2 1 225
github.com/gochain/gochain/pkg/benchmark/benchmark.go:497.68,500.2 1 3
github.com/gochain/gochain/pkg/benchmark/benchmark.go:502.67,505.2 1 4
github.com/gochain/gochain/pkg/benchmark/benchmark.go:507.83,510.2 1 120
github.com/gochain/gochain/pkg/benchmark/benchmark.go:512.82,516.2 2 175
github.com/gochain/gochain/pkg/benchmark/benchmark.go:518.81,521.2 1 175
github.com/gochain/gochain/pkg/benchmark/benchmark.go:524.68,529.31 4 3
github.com/gochain/gochain/pkg/benchmark/benchmark.go:529.31,531.3 1 14
github.com/gochain/gochain/pkg/benchmark/benchmark.go:532.2,532.16 1 3
github.com/gochain/gochain/pkg/benchmark/benchmark.go:536.51,548.36 8 1
github.com/gochain/gochain/pkg/benchmark/benchmark.go:548.36,555.29 7 7
github.com/gochain/gochain/pkg/benchmark/benchmark.go:555.29,557.4 1 1
github.com/gochain/gochain/pkg/benchmark/benchmark.go:558.3,562.35 4 7
github.com/gochain/gochain/pkg/benchmark/benchmark.go:565.2,572.15 6 1
github.com/gochain/gochain/pkg/wallet/wallet.go:95.42,101.2 1 26
github.com/gochain/gochain/pkg/wallet/wallet.go:104.93,105.19 1 25
github.com/gochain/gochain/pkg/wallet/wallet.go:105.19,107.3 1 0
github.com/gochain/gochain/pkg/wallet/wallet.go:109.2,112.24 3 25
github.com/gochain/gochain/pkg/wallet/wallet.go:113.20,116.20 2 25
github.com/gochain/gochain/pkg/wallet/wallet.go:116.20,118.4 1 0
github.com/gochain/gochain/pkg/wallet/wallet.go:119.22,123.20 2 0
github.com/gochain/gochain/pkg/wallet/wallet.go:123.20,125.4 1 0
github.com/gochain/gochain/pkg/wallet/wallet.go:126.10,127.69 1 0
github.com/gochain/gochain/pkg/wallet/wallet.go:130.2,142.54 2 25
github.com/gochain/gochain/pkg/wallet/wallet.go:142.54,144.3 1 0
github.com/gochain/gochain/pkg/wallet/wallet.go:146.2,146.20 1 25
github.com/gochain/gochain/pkg/wallet/wallet.go:150.31,155.16 4 1
github.com/gochain/gochain/pkg/wallet/wallet.go:155.16,157.3 1 0
github.com/gochain/gochain/pkg/wallet/wallet.go:159.2,160.16 2 1
github.com/gochain/gochain/pkg/wallet/wallet.go:160.16,162.3 1 0
github.com/gochain/gochain/pkg/wallet/wallet.go:164.2,164.65 1 1
github.com/gochain/gochain/pkg/wallet/wallet.go:168.31,173.16 4 2
github.com/gochain/gochain/pkg/wallet/wallet.go:173.16,175.3 1 0
github.com/gochain/gochain/pkg/wallet/wallet.go:177.2,178.16 2 2
github.com/gochain/gochain/pkg/wallet/wallet.go:178.16,180.3 1 1
github.com/gochain/gochain/pkg/wallet/wallet.go:183.2,184.71 2 1
github.com/gochain/gochain/pkg/wallet/wallet.go:184.71,186.3 1 0
github.com/gochain/gochain/pkg/wallet/wallet.go:189.2,191.12 2 1
github.com/gochain/gochain/pkg/wallet/wallet.go:195.55,197.19 1 4
github.com/gochain/gochain/pkg/wallet/wallet.go:197.19,199.17 2 4
github.com/gochain/gochain/pkg/wallet/wallet.go:199.17,201.4 1 0
github.com/gochain/gochain/pkg/wallet/wallet.go:202.3,202.16 1 4
github.com/gochain/gochain/pkg/wallet/wallet.go:206.2,207.16 2 4
github.com/gochain/gochain/pkg/wallet/wallet.go:207.16,209.3 1 0
github.com/gochain/gochain/pkg/wallet/wallet.go:211.2,212.16 2 4
github.com/gochain/gochain/pkg/wallet/wallet.go:212.16,214.3 1 0
github.com/gochain/gochain/pkg/wallet/wallet.go:216.2,217.16 2 4
github.com/gochain/gochain/pkg/wallet/wallet.go:217.16,219.3 1 0
github.com/gochain/gochain/pkg/wallet/wallet.go:221.2,222.59 2 4
github.com/gochain/gochain/pkg/wallet/wallet.go:222.59,224.3 1 0
github.com/gochain/gochain/pkg/wallet/wallet.go:227.2,235.20 6 4
github.com/gochain/gochain/pkg/wallet/wallet.go:239.55,242.23 1 6
github.com/gochain/gochain/pkg/wallet/wallet.go:242.23,244.3 1 0
github.com/gochain/gochain/pkg/wallet/wallet.go:246.2,256.16 7 6
github.com/gochain/gochain/pkg/wallet/wallet.go:256.16,258.3 1 0
github.com/gochain/gochain/pkg/wallet/wallet.go:260.2,261.16 2 6
github.com/gochain/gochain/pkg/wallet/wallet.go:261.16,263.3 1 0
github.com/gochain/gochain/pkg/wallet/wallet.go:265.2,266.16 2 6
github.com/gochain/gochain/pkg/wallet/wallet.go:266.16,268.3 1 0
github.com/gochain/gochain/pkg/wallet/wallet.go:270.2,270.46 1 6
github.com/gochain/gochain/pkg/wallet/wallet.go:274.47,293.2 5 25
github.com/gochain/gochain/pkg/wallet/wallet.go:296.71,307.2 5 30
github.com/gochain/gochain/pkg/wallet/wallet.go:310.79,313.2 2 30
github.com/gochain/gochain/pkg/wallet/wallet.go:316.72,332.2 6 31
github.com/gochain/gochain/pkg/wallet/wallet.go:335.51,337.2 1 34
github.com/gochain/gochain/pkg/wallet/wallet.go:340.76,343.16 2 3
github.com/gochain/gochain/pkg/wallet/wallet.go:343.16,345.3 1 1
github.com/gochain/gochain/pkg/wallet/wallet.go:348.2,348.20 1 2
github.com/gochain/gochain/pkg/wallet/wallet.go:348.20,350.3 1 0
github.com/gochain/gochain/pkg/wallet/wallet.go:353.2,358.21 4 2
github.com/gochain/gochain/pkg/wallet/wallet.go:358.21,360.3 1 0
github.com/gochain/gochain/pkg/wallet/wallet.go:363.2,369.44 5 2
github.com/gochain/gochain/pkg/wallet/wallet.go:369.44,371.3 1 0
github.com/gochain/gochain/pkg/wallet/wallet.go:372.2,372.26 1 2
github.com/gochain/gochain/pkg/wallet/wallet.go:372.26,373.41 1 8
github.com/gochain/gochain/pkg/wallet/wallet.go:373.41,375.4 1 0
github.com/gochain/gochain/pkg/wallet/wallet.go:378.2,378.26 1 2
github.com/gochain/gochain/pkg/wallet/wallet.go:382.60,384.2 1 5
github.com/gochain/gochain/pkg/wallet/wallet.go:387.47,388.22 1 0
github.com/gochain/gochain/pkg/wallet/wallet.go:388.22,390.3 1 0
github.com/gochain/gochain/pkg/wallet/wallet.go:391.2,391.19 1 0
github.com/gochain/gochain/pkg/wallet/wallet.go:391.19,392.19 1 0
github.com/gochain/gochain/pkg/wallet/wallet.go:392.19,394.4 1 0
github.com/gochain/gochain/pkg/wallet/wallet.go:396.2,396.13 1 0
github.com/gochain/gochain/pkg/wallet/wallet.go:400.52,404.19 2 1
github.com/gochain/gochain/pkg/wallet/wallet.go:405.20,408.17 2 1
github.com/gochain/gochain/pkg/wallet/wallet.go:408.17,410.4 1 0
github.com/gochain/gochain/pkg/wallet/wallet.go:412.3,412.36 1 1
github.com/gochain/gochain/pkg/wallet/wallet.go:413.22,417.17 2 0
github.com/gochain/gochain/pkg/wallet/wallet.go:417.17,419.4 1 0
github.com/gochain/gochain/pkg/wallet/wallet.go:421.3,421.36 1 0
github.com/gochain/gochain/pkg/wallet/wallet.go:425.2,441.21 6 1
github.com/gochain/gochain/pkg/wallet/wallet.go:445.54,450.2 3 11
github.com/gochain/gochain/pkg/wallet/wallet.go:453.47,458.37 3 9
github.com/gochain/gochain/pkg/wallet/wallet.go:458.37,460.3 1 9
github.com/gochain/gochain/pkg/wallet/wallet.go:462.2,462.12 1 0
github.com/gochain/gochain/pkg/wallet/wallet.go:466.46,471.37 4 6
github.com/gochain/gochain/pkg/wallet/wallet.go:471.37,473.3 1 7
github.com/gochain/gochain/pkg/wallet/wallet.go:475.2,475.17 1 6
github.com/gochain/gochain/pkg/wallet/wallet.go:479.115,481.20 2 2
github.com/gochain/gochain/pkg/wallet/wallet.go:481.20,483.3 1 0
github.com/gochain/gochain/pkg/wallet/wallet.go:486.2,487.25 2 2
github.com/gochain/gochain/pkg/wallet/wallet.go:487.25,489.3 1 0
github.com/gochain/gochain/pkg/wallet/wallet.go:492.2,493.21 2 2
github.com/gochain/gochain/pkg/wallet/wallet.go:493.21,495.3 1 0
github.com/gochain/gochain/pkg/wallet/wallet.go:498.2,499.29 2 2
github.com/gochain/gochain/pkg/wallet/wallet.go:499.29,501.3 1 2
github.com/gochain/gochain/pkg/wallet/wallet.go:504.2,505.34 2 2
github.com/gochain/gochain/pkg/wallet/wallet.go:505.34,507.3 1 0
github.com/gochain/gochain/pkg/wallet/wallet.go:510.2,511.34 2 2
github.com/gochain/gochain/pkg/wallet/wallet.go:511.34,513.3 1 0
github.com/gochain/gochain/pkg/wallet/wallet.go:516.2,517.37 2 2
github.com/gochain/gochain/pkg/wallet/wallet.go:517.37,525.3 2 2
github.com/gochain/gochain/pkg/wallet/wallet.go:528.2,532.16 3 2
github.com/gochain/gochain/pkg/wallet/wallet.go:532.16,534.3 1 0
github.com/gochain/gochain/pkg/wallet/wallet.go:535.2,542.28 3 2
github.com/gochain/gochain/pkg/wallet/wallet.go:542.28,545.17 2 2
github.com/gochain/gochain/pkg/wallet/wallet.go:545.17,547.4 1 0
github.com/gochain/gochain/pkg/wallet/wallet.go:548.3,551.5 1 2
github.com/gochain/gochain/pkg/wallet/wallet.go:552.8,552.23 1 0
github.com/gochain/gochain/pkg/wallet/wallet.go:552.23,555.3 1 0
github.com/gochain/gochain/pkg/wallet/wallet.go:558.2,567.59 2 2
github.com/gochain/gochain/pkg/wallet/wallet.go:567.59,569.3 1 0
github.com/gochain/gochain/pkg/wallet/wallet.go:572.2,574.16 2 2
github.com/gochain/gochain/pkg/wallet/wallet.go:578.83,580.20 2 3
github.com/gochain/gochain/pkg/wallet/wallet.go:580.20,582.3 1 0
github.com/gochain/gochain/pkg/wallet/wallet.go:585.2,586.16 2 3
github.com/gochain/gochain/pkg/wallet/wallet.go:586.16,588.3 1 0
github.com/gochain/gochain/pkg/wallet/wallet.go:591.2,595.16 3 3
github.com/gochain/gochain/pkg/wallet/wallet.go:595.16,597.3 1 0
github.com/gochain/gochain/pkg/wallet/wallet.go:600.2,601.16 2 3
github.com/gochain/gochain/pkg/wallet/wallet.go:601.16,603.3 1 0
github.com/gochain/gochain/pkg/wallet/wallet.go:605.2,608.27 2 3
github.com/gochain/gochain/pkg/wallet/wallet.go:608.27,614.3 4 3
github.com/gochain/gochain/pkg/wallet/wallet.go:617.2,619.12 2 3
github.com/gochain/gochain/pkg/wallet/wallet.go:623.73,624.34 1 1
github.com/gochain/gochain/pkg/wallet/wallet.go:624.34,626.32 1 1
github.com/gochain/gochain/pkg/wallet/wallet.go:626.32,628.4 1 0
github.com/gochain/gochain/pkg/wallet/wallet.go:630.3,635.17 4 1
github.com/gochain/gochain/pkg/wallet/wallet.go:635.17,637.4 1 0
github.com/gochain/gochain/pkg/wallet/wallet.go:640.3,644.17 3 1
github.com/gochain/gochain/pkg/wallet/wallet.go:644.17,646.4 1 0
github.com/gochain/gochain/pkg/wallet/wallet.go:649.3,649.70 1 1
github.com/gochain/gochain/pkg/wallet/wallet.go:649.70,651.4 1 0
github.com/gochain/gochain/pkg/wallet/wallet.go:654.3,654.40 1 1
github.com/gochain/gochain/pkg/wallet/wallet.go:654.40,656.4 1 0
github.com/gochain/gochain/pkg/wallet/wallet.go:659.2,659.18 1 1
github.com/gochain/gochain/pkg/wallet/wallet.go:663.68,673.34 3 3
github.com/gochain/gochain/pkg/wallet/wallet.go:673.34,677.3 3 3
github.com/gochain/gochain/pkg/wallet/wallet.go:680.2,680.36 1 3
github.com/gochain/gochain/pkg/wallet/wallet.go:680.36,683.3 2 6
github.com/gochain/gochain/pkg/wallet/wallet.go:686.2,691.16 4 3
github.com/gochain/gochain/pkg/wallet/wallet.go:695.73,705.34 3 0
github.com/gochain/gochain/pkg/wallet/wallet.go:705.34,710.3 4 0
github.com/gochain/gochain/pkg/wallet/wallet.go:713.2,713.36 1 0
github.com/gochain/gochain/pkg/wallet/wallet.go:713.36,716.3 2 0
github.com/gochain/gochain/pkg/wallet/wallet.go:719.2,724.16 4 0
github.com/gochain/gochain/pkg/wallet/wallet.go:728.64,732.52 3 1
github.com/gochain/gochain/pkg/wallet/wallet.go:732.52,734.3 1 1
github.com/gochain/gochain/pkg/wallet/wallet.go:738.52,742.52 3 2
github.com/gochain/gochain/pkg/wallet/wallet.go:742.52,744.3 1 2
github.com/gochain/gochain/pkg/wallet/wallet.go:746.2,746.10 1 0
github.com/gochain/gochain/pkg/wallet/wallet.go:750.75,753.16 2 4
github.com/gochain/gochain/pkg/wallet/wallet.go:753.16,755.3 1 2
github.com/gochain/gochain/pkg/wallet/wallet.go:758.2,759.16 2 2
github.com/gochain/gochain/pkg/wallet/wallet.go:759.16,761.3 1 0
github.com/gochain/gochain/pkg/wallet/wallet.go:764.2,767.56 2 2
github.com/gochain/gochain/pkg/wallet/wallet.go:767.56,769.3 1 1
github.com/gochain/gochain/pkg/wallet/wallet.go:772.2,784.21 5 1
github.com/gochain/gochain/pkg/wallet/wallet.go:788.67,790.20 2 3
github.com/gochain/gochain/pkg/wallet/wallet.go:790.20,792.3 1 0
github.com/gochain/gochain/pkg/wallet/wallet.go:794.2,794.52 1 3
github.com/gochain/gochain/pkg/wallet/wallet.go:798.35,801.2 1 1
github.com/gochain/gochain/pkg/wallet/wallet.go:804.34,810.2 3 1
github.com/gochain/gochain/pkg/wallet/wallet.go:813.52,816.17 2 27
github.com/gochain/gochain/pkg/wallet/wallet.go:816.17,820.3 3 1
github.com/gochain/gochain/pkg/wallet/wallet.go:822.2,822.17 1 26
github.com/gochain/gochain/pkg/wallet/wallet.go:822.17,824.3 1 0
github.com/gochain/gochain/pkg/wallet/wallet.go:825.2,825.10 1 26
github.com/gochain/gochain/pkg/wallet/wallet.go:829.50,833.2 2 60
github.com/gochain/gochain/pkg/wallet/wallet.go:835.61,836.18 1 5
github.com/gochain/gochain/pkg/wallet/wallet.go:836.18,838.3 1 0
github.com/gochain/gochain/pkg/wallet/wallet.go:839.2,842.42 3 5
github.com/gochain/gochain/pkg/wallet/wallet.go:842.42,844.3 1 0
github.com/gochain/gochain/pkg/wallet/wallet.go:847.2,861.21 5 5
github.com/gochain/gochain/pkg/wallet/wallet.go:864.37,871.2 6 0
github.com/gochain/gochain/pkg/wallet/wallet.go:874.58,880.16 2 4
github.com/gochain/gochain/pkg/wallet/wallet.go:880.16,882.3 1 0
github.com/gochain/gochain/pkg/wallet/wallet.go:885.2,885.20 1 4
github.com/gochain/gochain/pkg/wallet/wallet.go:885.20,887.3 1 0
github.com/gochain/gochain/pkg/wallet/wallet.go:890.2,895.21 4 4
github.com/gochain/gochain/pkg/wallet/wallet.go:895.21,897.3 1 0
github.com/gochain/gochain/pkg/wallet/wallet.go:900.2,906.44 5 4
github.com/gochain/gochain/pkg/wallet/wallet.go:906.44,908.3 1 0
github.com/gochain/gochain/pkg/wallet/wallet.go:909.2,909.26 1 4
github.com/gochain/gochain/pkg/wallet/wallet.go:909.26,910.41 1 16
github.com/gochain/gochain/pkg/wallet/wallet.go:910.41,912.4 1 0
github.com/gochain/gochain/pkg/wallet/wallet.go:915.2,915.26 1 4
github.com/gochain/gochain/pkg/wallet/wallet.go:919.88,924.51 2 4
github.com/gochain/gochain/pkg/wallet/wallet.go:924.51,926.3 1 1
github.com/gochain/gochain/pkg/wallet/wallet.go:928.2,928.13 1 4
github.com/gochain/gochain/pkg/wallet/wallet.go:932.56,943.2 3 4
github.com/gochain/gochain/pkg/wallet/wallet.go:946.71,952.16 3 4
github.com/gochain/gochain/pkg/wallet/wallet.go:952.16,954.3 1 1
github.com/gochain/gochain/pkg/wallet/wallet.go:956.2,956.26 1 3
github.com/gochain/gochain/pkg/wallet/wallet.go:960.79,964.36 2 1
github.com/gochain/gochain/pkg/wallet/wallet.go:964.36,966.3 1 0
github.com/gochain/gochain/pkg/wallet/wallet.go:967.2,967.36 1 1
github.com/gochain/gochain/pkg/wallet/wallet.go:967.36,969.3 1 0
github.com/gochain/gochain/pkg/wallet/wallet.go:972.2,973.22 2 1
github.com/gochain/gochain/pkg/wallet/wallet.go:973.22,975.3 1 0
github.com/gochain/gochain/pkg/wallet/wallet.go:977.2,977.12 1 1
github.com/gochain/gochain/pkg/wallet/wallet.go:981.64,995.2 1 10
github.com/gochain/gochain/pkg/wallet/wallet.go:998.37,1002.2 3 4
github.com/gochain/gochain/pkg/wallet/wallet.go:1006.101,1007.21 1 2
github.com/gochain/gochain/pkg/wallet/wallet.go:1007.21,1009.3 1 0
github.com/gochain/gochain/pkg/wallet/wallet.go:1012.2,1016.42 3 2
github.com/gochain/gochain/pkg/wallet/wallet.go:1016.42,1017.45 1 0
github.com/gochain/gochain/pkg/wallet/wallet.go:1017.45,1018.51 1 0
github.com/gochain/gochain/pkg/wallet/wallet.go:1018.51,1020.5 1 0
github.com/gochain/gochain/pkg/wallet/wallet.go:1025.2,1029.35 3 2
github.com/gochain/gochain/pkg/wallet/wallet.go:1029.35,1030.37 1 2
github.com/gochain/gochain/pkg/wallet/wallet.go:1030.37,1031.9 1 0
github.com/gochain/gochain/pkg/wallet/wallet.go:1033.3,1034.31 2 2
github.com/gochain/gochain/pkg/wallet/wallet.go:1037.2,1037.38 1 2
github.com/gochain/gochain/pkg/logger/logger.go:23.32,24.11 1 229
github.com/gochain/gochain/pkg/logger/logger.go:25.13,26.17 1 3
github.com/gochain/gochain/pkg/logger/logger.go:27.12,28.16 1 212
github.com/gochain/gochain/pkg/logger/logger.go:29.12,30.16 1 5
github.com/gochain/gochain/pkg/logger/logger.go:31.13,32.17 1 5
github.com/gochain/gochain/pkg/logger/logger.go:33.13,34.17 1 3
github.com/gochain/gochain/pkg/logger/logger.go:35.10,36.19 1 1
github.com/gochain/gochain/pkg/logger/logger.go:64.30,75.2 1 2
github.com/gochain/gochain/pkg/logger/logger.go:78.40,79.19 1 21
github.com/gochain/gochain/pkg/logger/logger.go:79.19,81.3 1 1
github.com/gochain/gochain/pkg/logger/logger.go:83.2,93.26 2 21
github.com/gochain/gochain/pkg/logger/logger.go:93.26,95.3 1 12
github.com/gochain/gochain/pkg/logger/logger.go:98.2,98.26 1 21
github.com/gochain/gochain/pkg/logger/logger.go:98.26,99.57 1 5
github.com/gochain/gochain/pkg/logger/logger.go:99.57,103.4 2 1
github.com/gochain/gochain/pkg/logger/logger.go:106.2,106.15 1 21
github.com/gochain/gochain/pkg/logger/logger.go:110.57,113.47 2 5
github.com/gochain/gochain/pkg/logger/logger.go:113.47,115.3 1 1
github.com/gochain/gochain/pkg/logger/logger.go:118.2,119.16 2 4
github.com/gochain/gochain/pkg/logger/logger.go:119.16,121.3 1 0
github.com/gochain/gochain/pkg/logger/logger.go:123.2,129.12 4 4
github.com/gochain/gochain/pkg/logger/logger.go:133.48,137.21 3 4
github.com/gochain/gochain/pkg/logger/logger.go:137.21,138.20 1 0
github.com/gochain/gochain/pkg/logger/logger.go:138.20,139.12 1 0
github.com/gochain/gochain/pkg/logger/logger.go:143.3,144.17 2 0
github.com/gochain/gochain/pkg/logger/logger.go:144.17,145.12 1 0
github.com/gochain/gochain/pkg/logger/logger.go:148.3,148.36 1 0
github.com/gochain/gochain/pkg/logger/logger.go:148.36,150.4 1 0
github.com/gochain/gochain/pkg/logger/logger.go:155.45,156.19 1 0
github.com/gochain/gochain/pkg/logger/logger.go:156.19,158.3 1 0
github.com/gochain/gochain/pkg/logger/logger.go:161.2,164.45 2 0
github.com/gochain/gochain/pkg/logger/logger.go:164.45,168.45 3 0
github.com/gochain/gochain/pkg/logger/logger.go:168.45,170.4 1 0
github.com/gochain/gochain/pkg/logger/logger.go:174.2,179.16 4 0
github.com/gochain/gochain/pkg/logger/logger.go:179.16,183.3 2 0
github.com/gochain/gochain/pkg/logger/logger.go:185.2,186.17 2 0
github.com/gochain/gochain/pkg/logger/logger.go:190.71,191.21 1 114
github.com/gochain/gochain/pkg/logger/logger.go:191.21,193.3 1 2
github.com/gochain/gochain/pkg/logger/logger.go:195.2,198.15 3 112
github.com/gochain/gochain/pkg/logger/logger.go:198.15,200.3 1 1
github.com/gochain/gochain/pkg/logger/logger.go:200.8,202.3 1 111
github.com/gochain/gochain/pkg/logger/logger.go:206.66,209.2 1 111
github.com/gochain/gochain/pkg/logger/logger.go:212.66,217.2 2 1
github.com/gochain/gochain/pkg/logger/logger.go:220.60,222.2 1 2
github.com/gochain/gochain/pkg/logger/logger.go:225.59,227.2 1 107
github.com/gochain/gochain/pkg/logger/logger.go:230.59,232.2 1 2
github.com/gochain/gochain/pkg/logger/logger.go:235.60,237.2 1 2
github.com/gochain/gochain/pkg/logger/logger.go:240.60,243.2 2 0
github.com/gochain/gochain/pkg/logger/logger.go:246.68,250.2 1 1
github.com/gochain/gochain/pkg/logger/logger.go:253.40,255.2 1 1
github.com/gochain/gochain/pkg/logger/logger.go:258.46,260.2 1 1
github.com/gochain/gochain/pkg/logger/logger.go:263.40,265.2 1 2
github.com/gochain/gochain/pkg/logger/logger.go:268.32,269.19 1 6
github.com/gochain/gochain/pkg/logger/logger.go:269.19,271.3 1 5
github.com/gochain/gochain/pkg/logger/logger.go:272.2,272.12 1 1
github.com/gochain/gochain/pkg/logger/logger.go:276.38,278.2 1 2
github.com/gochain/gochain/pkg/explorer/data/blockchain_provider.go:22.127,28.2 1 17
github.com/gochain/gochain/pkg/explorer/data/blockchain_provider.go:31.74,33.20 1 5
github.com/gochain/gochain/pkg/explorer/data/blockchain_provider.go:33.21,36.3 0 0
github.com/gochain/gochain/pkg/explorer/data/blockchain_provider.go:39.2,40.16 2 5
github.com/gochain/gochain/pkg/explorer/data/blockchain_provider.go:40.16,42.3 1 0
github.com/gochain/gochain/pkg/explorer/data/blockchain_provider.go:44.2,44.18 1 5
github.com/gochain/gochain/pkg/explorer/data/blockchain_provider.go:44.18,46.3 1 2
github.com/gochain/gochain/pkg/explorer/data/blockchain_provider.go:48.2,48.19 1 3
github.com/gochain/gochain/pkg/explorer/data/blockchain_provider.go:52.84,57.20 1 7
github.com/gochain/gochain/pkg/explorer/data/blockchain_provider.go:57.21,60.3 0 0
github.com/gochain/gochain/pkg/explorer/data/blockchain_provider.go:64.2,64.36 1 7
github.com/gochain/gochain/pkg/explorer/data/blockchain_provider.go:68.69,69.20 1 3
github.com/gochain/gochain/pkg/explorer/data/blockchain_provider.go:69.21,72.3 0 0
github.com/gochain/gochain/pkg/explorer/data/blockchain_provider.go:76.2,78.16 3 3
github.com/gochain/gochain/pkg/explorer/data/blockchain_provider.go:78.16,80.3 1 0
github.com/gochain/gochain/pkg/explorer/data/blockchain_provider.go:82.2,82.17 1 3
github.com/gochain/gochain/pkg/explorer/data/blockchain_provider.go:82.17,84.3 1 1
github.com/gochain/gochain/pkg/explorer/data/blockchain_provider.go:86.2,88.16 3 2
github.com/gochain/gochain/pkg/explorer/data/blockchain_provider.go:88.16,90.3 1 0
github.com/gochain/gochain/pkg/explorer/data/blockchain_provider.go:92.2,92.19 1 2
github.com/gochain/gochain/pkg/explorer/data/blockchain_provider.go:96.54,97.20 1 8
github.com/gochain/gochain/pkg/explorer/data/blockchain_provider.go:97.21,100.3 0 0
github.com/gochain/gochain/pkg/explorer/data/blockchain_provider.go:103.2,105.16 3 8
github.com/gochain/gochain/pkg/explorer/data/blockchain_provider.go:105.16,107.3 1 0
github.com/gochain/gochain/pkg/explorer/data/blockchain_provider.go:109.2,109.17 1 8
github.com/gochain/gochain/pkg/explorer/data/blockchain_provider.go:109.17,111.3 1 0
github.com/gochain/gochain/pkg/explorer/data/blockchain_provider.go:114.2,114.20 1 8
github.com/gochain/gochain/pkg/explorer/data/blockchain_provider.go:114.20,118.3 2 8
github.com/gochain/gochain/pkg/explorer/data/blockchain_provider.go:120.2,120.10 1 0
github.com/gochain/gochain/pkg/explorer/data/blockchain_provider.go:124.86,126.24 1 1
github.com/gochain/gochain/pkg/explorer/data/blockchain_provider.go:126.25,129.3 0 1
github.com/gochain/gochain/pkg/explorer/data/blockchain_provider.go:132.2,132.40 1 1
github.com/gochain/gochain/pkg/explorer/data/blockchain_provider.go:136.101,138.16 2 2
github.com/gochain/gochain/pkg/explorer/data/blockchain_provider.go:138.16,140.3 1 1
github.com/gochain/gochain/pkg/explorer/data/blockchain_provider.go:142.2,142.32 1 1
github.com/gochain/gochain/pkg/explorer/data/blockchain_provider.go:146.85,150.2 1 1
github.com/gochain/gochain/pkg/explorer/data/blockchain_provider.go:153.80,154.24 1 5
github.com/gochain/gochain/pkg/explorer/data/blockchain_provider.go:154.24,158.17 2 1
github.com/gochain/gochain/pkg/explorer/data/blockchain_provider.go:158.17,160.4 1 0
github.com/gochain/gochain/pkg/explorer/data/blockchain_provider.go:162.3,163.30 2 1
github.com/gochain/gochain/pkg/explorer/data/blockchain_provider.go:163.30,165.4 1 0
github.com/gochain/gochain/pkg/explorer/data/blockchain_provider.go:166.3,166.22 1 1
github.com/gochain/gochain/pkg/explorer/data/blockchain_provider.go:169.2,169.50 1 4
github.com/gochain/gochain/pkg/explorer/data/blockchain_provider.go:173.118,183.30 4 2
github.com/gochain/gochain/pkg/explorer/data/blockchain_provider.go:183.30,185.3 1 2
github.com/gochain/gochain/pkg/explorer/data/blockchain_provider.go:185.8,187.3 1 0
github.com/gochain/gochain/pkg/explorer/data/blockchain_provider.go:190.2,191.34 2 2
github.com/gochain/gochain/pkg/explorer/data/blockchain_provider.go:191.34,193.3 1 0
github.com/gochain/gochain/pkg/explorer/data/blockchain_provider.go:193.8,195.3 1 2
github.com/gochain/gochain/pkg/explorer/data/blockchain_provider.go:199.2,199.58 1 2
github.com/gochain/gochain/pkg/explorer/data/blockchain_provider.go:199.58,201.33 2 2
github.com/gochain/gochain/pkg/explorer/data/blockchain_provider.go:201.33,202.12 1 2
github.com/gochain/gochain/pkg/explorer/data/blockchain_provider.go:205.3,205.41 1 0
github.com/gochain/gochain/pkg/explorer/data/blockchain_provider.go:205.41,207.49 1 0
github.com/gochain/gochain/pkg/explorer/data/blockchain_provider.go:207.49,209.35 2 0
github.com/gochain/gochain/pkg/explorer/data/blockchain_provider.go:209.35,210.11 1 0
github.com/gochain/gochain/pkg/explorer/data/blockchain_provider.go:215.3,215.33 1 0
github.com/gochain/gochain/pkg/explorer/data/blockchain_provider.go:215.33,216.9 1 0
github.com/gochain/gochain/pkg/explorer/data/blockchain_provider.go:220.2,220.26 1 2
github.com/gochain/gochain/pkg/explorer/data/blockchain_provider.go:224.87,228.2 1 2
github.com/gochain/gochain/pkg/explorer/data/blockchain_provider.go:231.85,236.16 3 1
github.com/gochain/gochain/pkg/explorer/data/blockchain_provider.go:236.16,238.3 1 0
github.com/gochain/gochain/pkg/explorer/data/blockchain_provider.go:241.2,265.19 7 1
github.com/gochain/gochain/pkg/explorer/data/blockchain_provider.go:269.77,282.2 2 1
github.com/gochain/gochain/pkg/explorer/data/blockchain_provider.go:287.91,294.31 3 7
github.com/gochain/gochain/pkg/explorer/data/blockchain_provider.go:294.31,297.17 3 3
github.com/gochain/gochain/pkg/explorer/data/blockchain_provider.go:297.17,299.4 1 3
github.com/gochain/gochain/pkg/explorer/data/blockchain_provider.go:304.2,304.70 1 4
github.com/gochain/gochain/pkg/explorer/data/blockchain_provider.go:308.97,312.39 2 1
github.com/gochain/gochain/pkg/explorer/data/blockchain_provider.go:312.39,314.33 2 2
github.com/gochain/gochain/pkg/explorer/data/blockchain_provider.go:314.33,315.12 1 1
github.com/gochain/gochain/pkg/explorer/data/blockchain_provider.go:318.3,318.41 1 1
github.com/gochain/gochain/pkg/explorer/data/blockchain_provider.go:318.41,319.41 1 0
github.com/gochain/gochain/pkg/explorer/data/blockchain_provider.go:319.41,321.5 1 0
github.com/gochain/gochain/pkg/explorer/data/blockchain_provider.go:325.2,325.49 1 1
github.com/gochain/gochain/pkg/explorer/data/blockchain_provider.go:329.101,334.34 1 11
github.com/gochain/gochain/pkg/explorer/data/blockchain_provider.go:334.34,336.67 1 10
github.com/gochain/gochain/pkg/explorer/data/blockchain_provider.go:336.67,338.4 1 3
github.com/gochain/gochain/pkg/explorer/data/blockchain_provider.go:342.2,342.36 1 8
github.com/gochain/gochain/pkg/explorer/data/blockchain_provider.go:342.36,344.75 1 4
github.com/gochain/gochain/pkg/explorer/data/blockchain_provider.go:344.75,346.4 1 2
github.com/gochain/gochain/pkg/explorer/data/blockchain_provider.go:349.2,349.14 1 6
github.com/gochain/gochain/pkg/explorer/data/blockchain_provider.go:353.65,358.2 2 2
github.com/gochain/gochain/pkg/explorer/data/blockchain_provider.go:361.62,366.2 2 2
github.com/gochain/gochain/pkg/explorer/data/blockchain_provider.go:369.60,373.2 1 2
github.com/gochain/gochain/pkg/explorer/data/blockchain_provider.go:376.66,380.2 1 2
github.com/gochain/gochain/pkg/explorer/data/cache_provider.go:33.51,40.2 1 13
github.com/gochain/gochain/pkg/explorer/data/cache_provider.go:43.61,48.13 4 11026
github.com/gochain/gochain/pkg/explorer/data/cache_provider.go:48.13,51.3 2 6
github.com/gochain/gochain/pkg/explorer/data/cache_provider.go:54.2,54.40 1 11020
github.com/gochain/gochain/pkg/explorer/data/cache_provider.go:54.40,64.3 8 5
github.com/gochain/gochain/pkg/explorer/data/cache_provider.go:66.2,67.26 2 11015
github.com/gochain/gochain/pkg/explorer/data/cache_provider.go:71.79,79.53 4 11028
github.com/gochain/gochain/pkg/explorer/data/cache_provider.go:79.53,81.3 1 6
github.com/gochain/gochain/pkg/explorer/data/cache_provider.go:84.2,90.13 2 11028
github.com/gochain/gochain/pkg/explorer/data/cache_provider.go:90.13,92.3 1 11027
github.com/gochain/gochain/pkg/explorer/data/cache_provider.go:94.2,94.22 1 11028
github.com/gochain/gochain/pkg/explorer/data/cache_provider.go:98.44,102.39 3 1004
github.com/gochain/gochain/pkg/explorer/data/cache_provider.go:102.39,105.3 2 1003
github.com/gochain/gochain/pkg/explorer/data/cache_provider.go:109.33,116.2 5 4
github.com/gochain/gochain/pkg/explorer/data/cache_provider.go:119.55,125.15 5 5
github.com/gochain/gochain/pkg/explorer/data/cache_provider.go:125.15,127.3 1 2
github.com/gochain/gochain/pkg/explorer/data/cache_provider.go:129.2,135.3 1 5
github.com/gochain/gochain/pkg/explorer/data/cache_provider.go:139.39,150.34 3 6
github.com/gochain/gochain/pkg/explorer/data/cache_provider.go:150.34,155.3 1 11
github.com/gochain/gochain/pkg/explorer/data/cache_provider.go:159.2,159.38 1 6
github.com/gochain/gochain/pkg/explorer/data/cache_provider.go:159.38,164.3 3 5
github.com/gochain/gochain/pkg/explorer/data/cache_provider.go:169.34,173.2 3 11017
github.com/gochain/gochain/pkg/explorer/data/cache_provider.go:175.35,179.2 3 13
github.com/gochain/gochain/pkg/explorer/data/cache_provider.go:181.36,185.2 3 11054
github.com/gochain/gochain/pkg/explorer/data/cache_provider.go:187.37,191.2 3 11031
github.com/gochain/gochain/pkg/explorer/data/cache_provider.go:193.37,196.16 3 1016
github.com/gochain/gochain/pkg/explorer/data/cache_provider.go:196.16,198.3 1 1015
github.com/gochain/gochain/pkg/explorer/data/cache_provider.go:201.34,205.2 3 6
github.com/gochain/gochain/pkg/explorer/data/cache_provider.go:207.35,212.2 4 4
github.com/gochain/gochain/pkg/explorer/data/search_provider.go:19.97,23.2 1 8
github.com/gochain/gochain/pkg/explorer/data/search_provider.go:26.84,29.17 2 11
github.com/gochain/gochain/pkg/explorer/data/search_provider.go:29.17,34.3 1 2
github.com/gochain/gochain/pkg/explorer/data/search_provider.go:39.2,39.44 1 9
github.com/gochain/gochain/pkg/explorer/data/search_provider.go:39.44,41.17 2 2
github.com/gochain/gochain/pkg/explorer/data/search_provider.go:41.17,44.34 2 2
github.com/gochain/gochain/pkg/explorer/data/search_provider.go:44.34,60.5 2 1
github.com/gochain/gochain/pkg/explorer/data/search_provider.go:65.2,65.44 1 8
github.com/gochain/gochain/pkg/explorer/data/search_provider.go:65.44,67.17 2 1
github.com/gochain/gochain/pkg/explorer/data/search_provider.go:67.17,70.31 2 1
github.com/gochain/gochain/pkg/explorer/data/search_provider.go:70.31,73.35 2 1
github.com/gochain/gochain/pkg/explorer/data/search_provider.go:73.35,91.6 2 1
github.com/gochain/gochain/pkg/explorer/data/search_provider.go:97.2,97.67 1 7
github.com/gochain/gochain/pkg/explorer/data/search_provider.go:97.67,100.17 2 1
github.com/gochain/gochain/pkg/explorer/data/search_provider.go:100.17,114.4 2 1
github.com/gochain/gochain/pkg/explorer/data/search_provider.go:118.2,118.28 1 6
github.com/gochain/gochain/pkg/explorer/data/search_provider.go:118.28,120.17 2 1
github.com/gochain/gochain/pkg/explorer/data/search_provider.go:120.17,122.34 2 1
github.com/gochain/gochain/pkg/explorer/data/search_provider.go:122.34,138.5 2 1
github.com/gochain/gochain/pkg/explorer/data/search_provider.go:143.2,149.8 2 5
github.com/gochain/gochain/pkg/explorer/data/search_provider.go:153.111,164.19 5 5
github.com/gochain/gochain/pkg/explorer/data/search_provider.go:164.19,166.3 1 0
github.com/gochain/gochain/pkg/explorer/data/search_provider.go:168.2,168.54 1 5
github.com/gochain/gochain/pkg/explorer/data/search_provider.go:168.54,170.33 2 124
github.com/gochain/gochain/pkg/explorer/data/search_provider.go:170.33,171.12 1 18
github.com/gochain/gochain/pkg/explorer/data/search_provider.go:175.3,175.40 1 106
github.com/gochain/gochain/pkg/explorer/data/search_provider.go:175.40,187.29 3 106
github.com/gochain/gochain/pkg/explorer/data/search_provider.go:187.29,188.10 1 3
github.com/gochain/gochain/pkg/explorer/data/search_provider.go:193.2,193.21 1 5
github.com/gochain/gochain/pkg/explorer/data/search_provider.go:197.123,208.19 5 4
github.com/gochain/gochain/pkg/explorer/data/search_provider.go:208.19,210.3 1 0
github.com/gochain/gochain/pkg/explorer/data/search_provider.go:212.2,212.54 1 4
github.com/gochain/gochain/pkg/explorer/data/search_provider.go:212.54,214.33 2 8
github.com/gochain/gochain/pkg/explorer/data/search_provider.go:214.33,215.12 1 2
github.com/gochain/gochain/pkg/explorer/data/search_provider.go:218.3,218.41 1 6
github.com/gochain/gochain/pkg/explorer/data/search_provider.go:218.41,219.44 1 6
github.com/gochain/gochain/pkg/explorer/data/search_provider.go:219.44,233.30 3 6
github.com/gochain/gochain/pkg/explorer/data/search_provider.go:233.30,234.11 1 2
github.com/gochain/gochain/pkg/explorer/data/search_provider.go:239.3,239.28 1 6
github.com/gochain/gochain/pkg/explorer/data/search_provider.go:239.28,240.9 1 2
github.com/gochain/gochain/pkg/explorer/data/search_provider.go:244.2,244.21 1 4
github.com/gochain/gochain/pkg/explorer/data/search_provider.go:248.116,255.2 1 4
github.com/gochain/gochain/pkg/explorer/data/search_provider.go:260.90,264.39 2 2
github.com/gochain/gochain/pkg/explorer/data/search_provider.go:264.39,266.33 2 502
github.com/gochain/gochain/pkg/explorer/data/search_provider.go:266.33,267.12 1 499
github.com/gochain/gochain/pkg/explorer/data/search_provider.go:270.3,270.41 1 3
github.com/gochain/gochain/pkg/explorer/data/search_provider.go:270.41,271.41 1 4
github.com/gochain/gochain/pkg/explorer/data/search_provider.go:271.41,273.5 1 2
github.com/gochain/gochain/pkg/explorer/data/search_provider.go:277.2,277.49 1 0
github.com/gochain/gochain/pkg/explorer/data/search_provider.go:281.89,283.17 1 108
github.com/gochain/gochain/pkg/explorer/data/search_provider.go:283.17,285.3 1 106
github.com/gochain/gochain/pkg/explorer/data/search_provider.go:287.2,288.72 2 2
github.com/gochain/gochain/pkg/explorer/data/search_provider.go:288.72,290.3 1 0
github.com/gochain/gochain/pkg/explorer/data/search_provider.go:292.2,293.40 2 2
github.com/gochain/gochain/pkg/explorer/data/search_provider.go:293.40,295.3 1 1
github.com/gochain/gochain/pkg/explorer/data/search_provider.go:296.2,296.14 1 1
github.com/gochain/gochain/pkg/explorer/data/search_provider.go:300.98,302.17 1 8
github.com/gochain/gochain/pkg/explorer/data/search_provider.go:302.17,304.3 1 6
github.com/gochain/gochain/pkg/explorer/data/search_provider.go:306.2,307.72 2 2
github.com/gochain/gochain/pkg/explorer/data/search_provider.go:307.72,309.3 1 0
github.com/gochain/gochain/pkg/explorer/data/search_provider.go:311.2,312.72 2 2
github.com/gochain/gochain/pkg/explorer/data/search_provider.go:312.72,314.3 1 1
github.com/gochain/gochain/pkg/explorer/data/search_provider.go:315.2,315.14 1 1
github.com/gochain/gochain/pkg/explorer/data/search_provider.go:319.75,329.17 2 6
github.com/gochain/gochain/pkg/explorer/data/search_provider.go:329.17,331.3 1 6
github.com/gochain/gochain/pkg/explorer/data/search_provider.go:333.2,333.20 1 6
github.com/gochain/gochain/pkg/explorer/data/search_provider.go:339.33,340.13 1 8
github.com/gochain/gochain/pkg/explorer/data/search_provider.go:340.13,342.3 1 1
github.com/gochain/gochain/pkg/explorer/data/search_provider.go:343.2,343.22 1 7
github.com/gochain/gochain/pkg/explorer/data/search_provider.go:343.22,344.84 1 242
github.com/gochain/gochain/pkg/explorer/data/search_provider.go:344.84,346.4 1 2
github.com/gochain/gochain/pkg/explorer/data/search_provider.go:348.2,348.13 1 5
github.com/gochain/gochain/pkg/explorer/data/search_provider.go:352.36,353.13 1 7
github.com/gochain/gochain/pkg/explorer/data/search_provider.go:353.13,355.3 1 1
github.com/gochain/gochain/pkg/explorer/data/search_provider.go:356.2,357.22 2 6
github.com/gochain/gochain/pkg/explorer/data/search_provider.go:357.22,358.44 1 117
github.com/gochain/gochain/pkg/explorer/data/search_provider.go:358.44,360.4 1 3
github.com/gochain/gochain/pkg/explorer/data/search_provider.go:362.2,362.13 1 3
github.com/gochain/gochain/pkg/explorer/data/search_provider.go:366.37,367.13 1 11
github.com/gochain/gochain/pkg/explorer/data/search_provider.go:367.13,369.3 1 1
github.com/gochain/gochain/pkg/explorer/data/search_provider.go:370.2,370.22 1 10
github.com/gochain/gochain/pkg/explorer/data/search_provider.go:370.22,371.25 1 24
github.com/gochain/gochain/pkg/explorer/data/search_provider.go:371.25,373.4 1 7
github.com/gochain/gochain/pkg/explorer/data/search_provider.go:375.2,375.13 1 3
github.com/gochain/gochain/pkg/explorer/data/search_provider.go:379.44,380.13 1 4
github.com/gochain/gochain/pkg/explorer/data/search_provider.go:380.13,382.3 1 1
github.com/gochain/gochain/pkg/explorer/data/search_provider.go:383.2,384.22 2 3
github.com/gochain/gochain/pkg/explorer/data/search_provider.go:384.22,385.25 1 14
github.com/gochain/gochain/pkg/explorer/data/search_provider.go:385.25,387.4 1 1
github.com/gochain/gochain/pkg/explorer/data/search_provider.go:388.3,388.37 1 13
github.com/gochain/gochain/pkg/explorer/data/search_provider.go:390.2,390.20 1 2
github.com/gochain/gochain/pkg/utxo/utxo.go:34.28,39.2 1 16
github.com/gochain/gochain/pkg/utxo/utxo.go:42.134,52.2 1 1
github.com/gochain/gochain/pkg/utxo/utxo.go:55.40,61.2 3 36
github.com/gochain/gochain/pkg/utxo/utxo.go:64.44,68.2 3 32
github.com/gochain/gochain/pkg/utxo/utxo.go:71.68,74.13 3 8
github.com/gochain/gochain/pkg/utxo/utxo.go:74.13,76.3 1 1
github.com/gochain/gochain/pkg/utxo/utxo.go:79.2,80.36 2 7
github.com/gochain/gochain/pkg/utxo/utxo.go:80.36,82.3 1 6
github.com/gochain/gochain/pkg/utxo/utxo.go:84.2,85.13 2 7
github.com/gochain/gochain/pkg/utxo/utxo.go:89.72,93.2 3 6
github.com/gochain/gochain/pkg/utxo/utxo.go:96.65,102.2 4 10
github.com/gochain/gochain/pkg/utxo/utxo.go:105.54,110.2 3 14
github.com/gochain/gochain/pkg/utxo/utxo.go:113.60,118.32 4 3
github.com/gochain/gochain/pkg/utxo/utxo.go:118.32,119.30 1 9
github.com/gochain/gochain/pkg/utxo/utxo.go:119.30,121.4 1 3
github.com/gochain/gochain/pkg/utxo/utxo.go:124.2,124.21 1 3
github.com/gochain/gochain/pkg/utxo/utxo.go:128.66,130.2 1 54
github.com/gochain/gochain/pkg/utxo/utxo.go:133.63,135.2 1 4
github.com/gochain/gochain/pkg/utxo/utxo.go:138.59,143.40 3 1
github.com/gochain/gochain/pkg/utxo/utxo.go:143.40,144.72 1 2
github.com/gochain/gochain/pkg/utxo/utxo.go:144.72,146.4 1 0
github.com/gochain/gochain/pkg/utxo/utxo.go:149.2,149.12 1 1
github.com/gochain/gochain/pkg/utxo/utxo.go:153.83,155.34 1 3
github.com/gochain/gochain/pkg/utxo/utxo.go:155.34,157.33 1 2
github.com/gochain/gochain/pkg/utxo/utxo.go:157.33,158.12 1 0
github.com/gochain/gochain/pkg/utxo/utxo.go:162.3,162.53 1 2
github.com/gochain/gochain/pkg/utxo/utxo.go:166.2,166.36 1 3
github.com/gochain/gochain/pkg/utxo/utxo.go:166.36,184.3 4 4
github.com/gochain/gochain/pkg/utxo/utxo.go:186.2,186.12 1 3
github.com/gochain/gochain/pkg/utxo/utxo.go:194.69,196.25 1 0
github.com/gochain/gochain/pkg/utxo/utxo.go:196.25,197.27 1 0
github.com/gochain/gochain/pkg/utxo/utxo.go:197.27,199.4 1 0
github.com/gochain/gochain/pkg/utxo/utxo.go:201.3,201.37 1 0
github.com/gochain/gochain/pkg/utxo/utxo.go:201.37,202.25 1 0
github.com/gochain/gochain/pkg/utxo/utxo.go:202.25,204.5 1 0
github.com/gochain/gochain/pkg/utxo/utxo.go:205.4,205.37 1 0
github.com/gochain/gochain/pkg/utxo/utxo.go:205.37,207.5 1 0
github.com/gochain/gochain/pkg/utxo/utxo.go:209.3,209.13 1 0
github.com/gochain/gochain/pkg/utxo/utxo.go:213.2,213.26 1 0
github.com/gochain/gochain/pkg/utxo/utxo.go:213.26,215.3 1 0
github.com/gochain/gochain/pkg/utxo/utxo.go:218.2,219.34 2 0
github.com/gochain/gochain/pkg/utxo/utxo.go:219.34,221.25 2 0
github.com/gochain/gochain/pkg/utxo/utxo.go:221.25,223.4 1 0
github.com/gochain/gochain/pkg/utxo/utxo.go:224.3,224.28 1 0
github.com/gochain/gochain/pkg/utxo/utxo.go:228.2,229.34 2 0
github.com/gochain/gochain/pkg/utxo/utxo.go:229.34,231.41 1 0
github.com/gochain/gochain/pkg/utxo/utxo.go:231.41,233.4 1 0
github.com/gochain/gochain/pkg/utxo/utxo.go:236.3,237.18 2 0
github.com/gochain/gochain/pkg/utxo/utxo.go:237.18,239.4 1 0
github.com/gochain/gochain/pkg/utxo/utxo.go:242.3,242.22 1 0
github.com/gochain/gochain/pkg/utxo/utxo.go:242.23,245.4 0 0
github.com/gochain/gochain/pkg/utxo/utxo.go:248.3,248.35 1 0
github.com/gochain/gochain/pkg/utxo/utxo.go:248.35,250.4 1 0
github.com/gochain/gochain/pkg/utxo/utxo.go:253.3,258.17 4 0
github.com/gochain/gochain/pkg/utxo/utxo.go:258.17,260.4 1 0
github.com/gochain/gochain/pkg/utxo/utxo.go:261.3,268.37 5 0
github.com/gochain/gochain/pkg/utxo/utxo.go:268.37,271.4 1 0
github.com/gochain/gochain/pkg/utxo/utxo.go:274.3,274.24 1 0
github.com/gochain/gochain/pkg/utxo/utxo.go:274.24,276.4 1 0
github.com/gochain/gochain/pkg/utxo/utxo.go:277.3,281.37 3 0
github.com/gochain/gochain/pkg/utxo/utxo.go:281.37,283.4 1 0
github.com/gochain/gochain/pkg/utxo/utxo.go:286.3,288.16 3 0
github.com/gochain/gochain/pkg/utxo/utxo.go:288.16,290.4 1 0
github.com/gochain/gochain/pkg/utxo/utxo.go:292.3,292.27 1 0
github.com/gochain/gochain/pkg/utxo/utxo.go:296.2,297.36 2 0
github.com/gochain/gochain/pkg/utxo/utxo.go:297.36,298.42 1 0
github.com/gochain/gochain/pkg/utxo/utxo.go:298.42,300.4 1 0
github.com/gochain/gochain/pkg/utxo/utxo.go:301.3,301.30 1 0
github.com/gochain/gochain/pkg/utxo/utxo.go:305.2,305.30 1 0
github.com/gochain/gochain/pkg/utxo/utxo.go:305.30,307.3 1 0
github.com/gochain/gochain/pkg/utxo/utxo.go:310.2,311.18 2 0
github.com/gochain/gochain/pkg/utxo/utxo.go:311.18,313.3 1 0
github.com/gochain/gochain/pkg/utxo/utxo.go:316.2,316.24 1 0
github.com/gochain/gochain/pkg/utxo/utxo.go:316.24,318.3 1 0
github.com/gochain/gochain/pkg/utxo/utxo.go:321.2,322.36 2 0
github.com/gochain/gochain/pkg/utxo/utxo.go:322.36,323.35 1 0
github.com/gochain/gochain/pkg/utxo/utxo.go:323.35,325.4 1 0
github.com/gochain/gochain/pkg/utxo/utxo.go:328.2,328.12 1 0
github.com/gochain/gochain/pkg/utxo/utxo.go:334.109,338.16 2 7
github.com/gochain/gochain/pkg/utxo/utxo.go:338.16,340.26 1 2
github.com/gochain/gochain/pkg/utxo/utxo.go:340.26,342.4 1 0
github.com/gochain/gochain/pkg/utxo/utxo.go:343.3,343.27 1 2
github.com/gochain/gochain/pkg/utxo/utxo.go:343.27,345.4 1 1
github.com/gochain/gochain/pkg/utxo/utxo.go:347.3,347.37 1 1
github.com/gochain/gochain/pkg/utxo/utxo.go:347.37,348.25 1 1
github.com/gochain/gochain/pkg/utxo/utxo.go:348.25,350.5 1 0
github.com/gochain/gochain/pkg/utxo/utxo.go:351.4,351.37 1 1
github.com/gochain/gochain/pkg/utxo/utxo.go:351.37,353.5 1 0
github.com/gochain/gochain/pkg/utxo/utxo.go:355.3,355.13 1 1
github.com/gochain/gochain/pkg/utxo/utxo.go:359.2,359.25 1 5
github.com/gochain/gochain/pkg/utxo/utxo.go:359.25,361.3 1 1
github.com/gochain/gochain/pkg/utxo/utxo.go:362.2,362.26 1 4
github.com/gochain/gochain/pkg/utxo/utxo.go:362.26,364.3 1 1
github.com/gochain/gochain/pkg/utxo/utxo.go:367.2,368.34 2 3
github.com/gochain/gochain/pkg/utxo/utxo.go:368.34,370.25 2 4
github.com/gochain/gochain/pkg/utxo/utxo.go:370.25,372.4 1 1
github.com/gochain/gochain/pkg/utxo/utxo.go:373.3,373.28 1 3
github.com/gochain/gochain/pkg/utxo/utxo.go:377.2,378.34 2 2
github.com/gochain/gochain/pkg/utxo/utxo.go:378.34,380.41 1 2
github.com/gochain/gochain/pkg/utxo/utxo.go:380.41,382.4 1 0
github.com/gochain/gochain/pkg/utxo/utxo.go:385.3,386.18 2 2
github.com/gochain/gochain/pkg/utxo/utxo.go:386.18,388.4 1 1
github.com/gochain/gochain/pkg/utxo/utxo.go:391.3,391.22 1 1
github.com/gochain/gochain/pkg/utxo/utxo.go:391.23,394.4 0 0
github.com/gochain/gochain/pkg/utxo/utxo.go:397.3,397.35 1 1
github.com/gochain/gochain/pkg/utxo/utxo.go:397.35,399.4 1 1
github.com/gochain/gochain/pkg/utxo/utxo.go:402.3,407.17 4 0
github.com/gochain/gochain/pkg/utxo/utxo.go:407.17,409.4 1 0
github.com/gochain/gochain/pkg/utxo/utxo.go:410.3,417.37 5 0
github.com/gochain/gochain/pkg/utxo/utxo.go:417.37,420.4 1 0
github.com/gochain/gochain/pkg/utxo/utxo.go:423.3,423.24 1 0
github.com/gochain/gochain/pkg/utxo/utxo.go:423.24,425.4 1 0
github.com/gochain/gochain/pkg/utxo/utxo.go:426.3,430.37 3 0
github.com/gochain/gochain/pkg/utxo/utxo.go:430.37,432.4 1 0
github.com/gochain/gochain/pkg/utxo/utxo.go:435.3,437.16 3 0
github.com/gochain/gochain/pkg/utxo/utxo.go:437.16,439.4 1 0
github.com/gochain/gochain/pkg/utxo/utxo.go:441.3,441.27 1 0
github.com/gochain/gochain/pkg/utxo/utxo.go:445.2,446.36 2 0
github.com/gochain/gochain/pkg/utxo/utxo.go:446.36,447.42 1 0
github.com/gochain/gochain/pkg/utxo/utxo.go:447.42,449.4 1 0
github.com/gochain/gochain/pkg/utxo/utxo.go:450.3,450.30 1 0
github.com/gochain/gochain/pkg/utxo/utxo.go:454.2,454.30 1 0
github.com/gochain/gochain/pkg/utxo/utxo.go:454.30,456.3 1 0
github.com/gochain/gochain/pkg/utxo/utxo.go:459.2,460.18 2 0
github.com/gochain/gochain/pkg/utxo/utxo.go:460.18,462.3 1 0
github.com/gochain/gochain/pkg/utxo/utxo.go:465.2,465.24 1 0
github.com/gochain/gochain/pkg/utxo/utxo.go:465.24,467.3 1 0
github.com/gochain/gochain/pkg/utxo/utxo.go:470.2,471.36 2 0
github.com/gochain/gochain/pkg/utxo/utxo.go:471.36,472.35 1 0
github.com/gochain/gochain/pkg/utxo/utxo.go:472.35,474.4 1 0
github.com/gochain/gochain/pkg/utxo/utxo.go:477.2,477.12 1 0
github.com/gochain/gochain/pkg/utxo/utxo.go:481.54,491.38 7 3
github.com/gochain/gochain/pkg/utxo/utxo.go:491.38,493.3 1 2
github.com/gochain/gochain/pkg/utxo/utxo.go:494.2,496.14 2 3
github.com/gochain/gochain/pkg/utxo/utxo.go:500.62,501.34 1 2
github.com/gochain/gochain/pkg/utxo/utxo.go:501.34,503.18 2 2
github.com/gochain/gochain/pkg/utxo/utxo.go:503.18,506.4 1 1
github.com/gochain/gochain/pkg/utxo/utxo.go:508.2,508.14 1 1
github.com/gochain/gochain/pkg/utxo/utxo.go:512.72,513.25 1 5
github.com/gochain/gochain/pkg/utxo/utxo.go:513.25,516.3 1 1
github.com/gochain/gochain/pkg/utxo/utxo.go:518.2,519.34 2 4
github.com/gochain/gochain/pkg/utxo/utxo.go:519.34,521.18 2 4
github.com/gochain/gochain/pkg/utxo/utxo.go:521.18,523.4 1 0
github.com/gochain/gochain/pkg/utxo/utxo.go:524.3,524.27 1 4
github.com/gochain/gochain/pkg/utxo/utxo.go:527.2,528.36 2 4
github.com/gochain/gochain/pkg/utxo/utxo.go:528.36,530.3 1 4
github.com/gochain/gochain/pkg/utxo/utxo.go:532.2,532.30 1 4
github.com/gochain/gochain/pkg/utxo/utxo.go:532.30,534.3 1 1
github.com/gochain/gochain/pkg/utxo/utxo.go:536.2,536.38 1 3
github.com/gochain/gochain/pkg/utxo/utxo.go:540.84,541.25 1 3
github.com/gochain/gochain/pkg/utxo/utxo.go:541.25,544.3 1 1
github.com/gochain/gochain/pkg/utxo/utxo.go:547.2,556.34 4 2
github.com/gochain/gochain/pkg/utxo/utxo.go:556.34,561.3 4 2
github.com/gochain/gochain/pkg/utxo/utxo.go:564.2,567.36 2 2
github.com/gochain/gochain/pkg/utxo/utxo.go:567.36,570.3 2 2
github.com/gochain/gochain/pkg/utxo/utxo.go:573.2,582.16 5 2
github.com/gochain/gochain/pkg/utxo/utxo.go:582.16,584.3 1 0
github.com/gochain/gochain/pkg/utxo/utxo.go:586.2,586.24 1 2
github.com/gochain/gochain/pkg/utxo/utxo.go:586.24,589.3 1 1
github.com/gochain/gochain/pkg/utxo/utxo.go:591.2,591.12 1 1
github.com/gochain/gochain/pkg/utxo/utxo.go:596.79,601.32 4 4
github.com/gochain/gochain/pkg/utxo/utxo.go:601.32,602.56 1 12
github.com/gochain/gochain/pkg/utxo/utxo.go:602.56,604.4 1 5
github.com/gochain/gochain/pkg/utxo/utxo.go:606.2,606.23 1 4
github.com/gochain/gochain/pkg/utxo/utxo.go:610.39,615.2 3 19
github.com/gochain/gochain/pkg/utxo/utxo.go:618.42,623.2 3 15
github.com/gochain/gochain/pkg/utxo/utxo.go:626.36,630.2 2 1
github.com/gochain/gochain/pkg/utxo/utxo.go:633.69,640.34 3 1
github.com/gochain/gochain/pkg/utxo/utxo.go:640.34,644.3 3 1
github.com/gochain/gochain/pkg/utxo/utxo.go:647.2,647.36 1 1
github.com/gochain/gochain/pkg/utxo/utxo.go:647.36,650.3 2 1
github.com/gochain/gochain/pkg/utxo/utxo.go:653.2,658.16 4 1
github.com/gochain/gochain/pkg/utxo/utxo.go:661.37,668.2 6 4
github.com/gochain/gochain/pkg/mempool/mempool.go:50.44,57.2 1 0
github.com/gochain/gochain/pkg/mempool/mempool.go:61.41,68.2 1 14
github.com/gochain/gochain/pkg/mempool/mempool.go:72.49,88.2 4 16
github.com/gochain/gochain/pkg/mempool/mempool.go:91.54,95.2 3 2
github.com/gochain/gochain/pkg/mempool/mempool.go:100.64,106.50 4 1329
github.com/gochain/gochain/pkg/mempool/mempool.go:106.50,108.3 1 1
github.com/gochain/gochain/pkg/mempool/mempool.go:111.2,111.50 1 1328
github.com/gochain/gochain/pkg/mempool/mempool.go:111.50,113.3 1 18
github.com/gochain/gochain/pkg/mempool/mempool.go:116.2,122.38 3 1310
github.com/gochain/gochain/pkg/mempool/mempool.go:122.38,124.40 1 64
github.com/gochain/gochain/pkg/mempool/mempool.go:124.40,126.4 1 0
github.com/gochain/gochain/pkg/mempool/mempool.go:130.2,145.12 6 1310
github.com/gochain/gochain/pkg/mempool/mempool.go:150.58,156.13 5 1
github.com/gochain/gochain/pkg/mempool/mempool.go:156.13,158.3 1 0
github.com/gochain/gochain/pkg/mempool/mempool.go:161.2,170.13 5 1
github.com/gochain/gochain/pkg/mempool/mempool.go:175.69,180.13 4 1
github.com/gochain/gochain/pkg/mempool/mempool.go:180.13,182.3 1 0
github.com/gochain/gochain/pkg/mempool/mempool.go:184.2,184.26 1 1
github.com/gochain/gochain/pkg/mempool/mempool.go:189.81,201.50 7 0
github.com/gochain/gochain/pkg/mempool/mempool.go:201.50,205.76 2 0
github.com/gochain/gochain/pkg/mempool/mempool.go:205.76,206.12 1 0
github.com/gochain/gochain/pkg/mempool/mempool.go:210.3,210.39 1 0
github.com/gochain/gochain/pkg/mempool/mempool.go:210.39,211.9 1 0
github.com/gochain/gochain/pkg/mempool/mempool.go:214.3,215.28 2 0
github.com/gochain/gochain/pkg/mempool/mempool.go:218.2,218.21 1 0
github.com/gochain/gochain/pkg/mempool/mempool.go:222.37,227.2 3 1
github.com/gochain/gochain/pkg/mempool/mempool.go:230.46,235.2 3 8
github.com/gochain/gochain/pkg/mempool/mempool.go:238.28,249.2 8 1
github.com/gochain/gochain/pkg/mempool/mempool.go:254.70,258.55 2 64
github.com/gochain/gochain/pkg/mempool/mempool.go:258.55,268.3 5 64
github.com/gochain/gochain/pkg/mempool/mempool.go:270.2,270.36 1 64
github.com/gochain/gochain/pkg/mempool/mempool.go:275.75,285.34 4 3945
github.com/gochain/gochain/pkg/mempool/mempool.go:285.34,287.3 1 4966
github.com/gochain/gochain/pkg/mempool/mempool.go:290.2,290.36 1 3945
github.com/gochain/gochain/pkg/mempool/mempool.go:290.36,292.3 1 4966
github.com/gochain/gochain/pkg/mempool/mempool.go:294.2,294.13 1 3945
github.com/gochain/gochain/pkg/mempool/mempool.go:299.80,300.15 1 2626
github.com/gochain/gochain/pkg/mempool/mempool.go:300.15,302.3 1 0
github.com/gochain/gochain/pkg/mempool/mempool.go:303.2,303.22 1 2626
github.com/gochain/gochain/pkg/mempool/mempool.go:307.81,309.36 1 1313
github.com/gochain/gochain/pkg/mempool/mempool.go:309.36,310.25 1 1313
github.com/gochain/gochain/pkg/mempool/mempool.go:310.25,312.4 1 0
github.com/gochain/gochain/pkg/mempool/mempool.go:316.2,316.23 1 1313
github.com/gochain/gochain/pkg/mempool/mempool.go:316.23,318.30 1 1313
github.com/gochain/gochain/pkg/mempool/mempool.go:318.30,320.4 1 0
github.com/gochain/gochain/pkg/mempool/mempool.go:324.3,325.35 2 1313
github.com/gochain/gochain/pkg/mempool/mempool.go:325.35,328.4 1 3
github.com/gochain/gochain/pkg/mempool/mempool.go:331.3,334.24 3 1310
github.com/gochain/gochain/pkg/mempool/mempool.go:334.24,337.4 1 64
github.com/gochain/gochain/pkg/mempool/mempool.go:337.9,337.31 1 1246
github.com/gochain/gochain/pkg/mempool/mempool.go:337.31,340.4 1 254
github.com/gochain/gochain/pkg/mempool/mempool.go:340.9,343.4 1 992
github.com/gochain/gochain/pkg/mempool/mempool.go:345.3,345.34 1 1310
github.com/gochain/gochain/pkg/mempool/mempool.go:345.34,348.4 1 0
github.com/gochain/gochain/pkg/mempool/mempool.go:352.2,355.26 2 1310
github.com/gochain/gochain/pkg/mempool/mempool.go:355.26,357.3 1 0
github.com/gochain/gochain/pkg/mempool/mempool.go:360.2,361.24 2 1310
github.com/gochain/gochain/pkg/mempool/mempool.go:361.24,363.3 1 0
github.com/gochain/gochain/pkg/mempool/mempool.go:365.2,365.35 1 1310
github.com/gochain/gochain/pkg/mempool/mempool.go:365.35,368.3 1 0
github.com/gochain/gochain/pkg/mempool/mempool.go:371.2,371.47 1 1310
github.com/gochain/gochain/pkg/mempool/mempool.go:371.47,373.40 1 1310
github.com/gochain/gochain/pkg/mempool/mempool.go:373.40,375.36 2 0
github.com/gochain/gochain/pkg/mempool/mempool.go:375.36,377.20 2 0
github.com/gochain/gochain/pkg/mempool/mempool.go:377.20,379.6 1 0
github.com/gochain/gochain/pkg/mempool/mempool.go:382.4,383.38 2 0
github.com/gochain/gochain/pkg/mempool/mempool.go:383.38,385.5 1 0
github.com/gochain/gochain/pkg/mempool/mempool.go:388.4,388.50 1 0
github.com/gochain/gochain/pkg/mempool/mempool.go:388.50,390.5 1 0
github.com/gochain/gochain/pkg/mempool/mempool.go:393.4,393.68 1 0
github.com/gochain/gochain/pkg/mempool/mempool.go:393.68,396.47 2 0
github.com/gochain/gochain/pkg/mempool/mempool.go:396.47,398.6 1 0
github.com/gochain/gochain/pkg/mempool/mempool.go:403.2,403.12 1 1310
github.com/gochain/gochain/pkg/mempool/mempool.go:407.59,408.47 1 1265
github.com/gochain/gochain/pkg/mempool/mempool.go:408.47,410.3 1 0
github.com/gochain/gochain/pkg/mempool/mempool.go:414.36,414.53 1 1327
github.com/gochain/gochain/pkg/mempool/mempool.go:416.46,419.2 1 1301
github.com/gochain/gochain/pkg/mempool/mempool.go:421.41,425.2 3 5
github.com/gochain/gochain/pkg/mempool/mempool.go:427.47,432.2 4 1310
github.com/gochain/gochain/pkg/mempool/mempool.go:434.45,442.2 7 0
github.com/gochain/gochain/pkg/mempool/mempool.go:447.39,447.56 1 3921
github.com/gochain/gochain/pkg/mempool/mempool.go:449.49,452.2 1 3766
github.com/gochain/gochain/pkg/mempool/mempool.go:454.44,458.2 3 1252
github.com/gochain/gochain/pkg/mempool/mempool.go:460.50,465.2 4 1310
github.com/gochain/gochain/pkg/mempool/mempool.go:467.48,475.2 7 1265
github.com/gochain/gochain/pkg/mempool/mempool.go:478.62,479.47 1 1201
github.com/gochain/gochain/pkg/mempool/mempool.go:479.47,481.3 1 1201
github.com/gochain/gochain/pkg/mempool/mempool.go:487.29,487.46 1 0
github.com/gochain/gochain/pkg/mempool/mempool.go:489.39,492.2 1 0
github.com/gochain/gochain/pkg/mempool/mempool.go:494.34,498.2 3 0
github.com/gochain/gochain/pkg/mempool/mempool.go:500.40,505.2 4 0
github.com/gochain/gochain/pkg/mempool/mempool.go:507.38,515.2 7 0
github.com/gochain/gochain/pkg/mempool/mempool.go:519.68,521.37 1 1328
github.com/gochain/gochain/pkg/mempool/mempool.go:521.37,523.3 1 3
github.com/gochain/gochain/pkg/mempool/mempool.go:526.2,527.25 2 1325
github.com/gochain/gochain/pkg/mempool/mempool.go:527.25,529.3 1 1
github.com/gochain/gochain/pkg/mempool/mempool.go:532.2,532.59 1 1324
github.com/gochain/gochain/pkg/mempool/mempool.go:532.59,534.3 1 3
github.com/gochain/gochain/pkg/mempool/mempool.go:537.2,537.39 1 1321
github.com/gochain/gochain/pkg/mempool/mempool.go:537.39,538.60 1 4
github.com/gochain/gochain/pkg/mempool/mempool.go:538.60,540.4 1 4
github.com/gochain/gochain/pkg/mempool/mempool.go:543.3,543.23 1 0
github.com/gochain/gochain/pkg/mempool/mempool.go:543.23,545.36 1 0
github.com/gochain/gochain/pkg/mempool/mempool.go:545.36,547.5 1 0
github.com/gochain/gochain/pkg/mempool/mempool.go:550.4,550.36 1 0
github.com/gochain/gochain/pkg/mempool/mempool.go:550.36,552.20 2 0
github.com/gochain/gochain/pkg/mempool/mempool.go:552.20,554.6 1 0
github.com/gochain/gochain/pkg/mempool/mempool.go:557.5,557.69 1 0
github.com/gochain/gochain/pkg/mempool/mempool.go:557.69,559.6 1 0
github.com/gochain/gochain/pkg/mempool/mempool.go:565.2,565.22 1 1317
github.com/gochain/gochain/pkg/mempool/mempool.go:565.22,566.35 1 1317
github.com/gochain/gochain/pkg/mempool/mempool.go:566.35,567.68 1 1317
github.com/gochain/gochain/pkg/mempool/mempool.go:567.68,569.5 1 1
github.com/gochain/gochain/pkg/mempool/mempool.go:574.2,575.29 2 1316
github.com/gochain/gochain/pkg/mempool/mempool.go:575.29,577.3 1 3
github.com/gochain/gochain/pkg/mempool/mempool.go:579.2,579.56 1 1313
github.com/gochain/gochain/pkg/mempool/mempool.go:579.56,581.3 1 3
github.com/gochain/gochain/pkg/mempool/mempool.go:583.2,583.12 1 1310
github.com/gochain/gochain/pkg/mempool/mempool.go:588.77,590.40 1 1317
github.com/gochain/gochain/pkg/mempool/mempool.go:590.40,591.50 1 359910
github.com/gochain/gochain/pkg/mempool/mempool.go:591.50,592.77 1 359910
github.com/gochain/gochain/pkg/mempool/mempool.go:592.77,594.5 1 1
github.com/gochain/gochain/pkg/mempool/mempool.go:597.2,597.14 1 1316
github.com/gochain/gochain/pkg/mempool/mempool.go:601.77,603.27 1 1324
github.com/gochain/gochain/pkg/mempool/mempool.go:603.27,605.3 1 1
github.com/gochain/gochain/pkg/mempool/mempool.go:607.2,607.28 1 1323
github.com/gochain/gochain/pkg/mempool/mempool.go:607.28,609.3 1 1
github.com/gochain/gochain/pkg/mempool/mempool.go:612.2,612.49 1 1322
github.com/gochain/gochain/pkg/mempool/mempool.go:612.49,614.3 1 0
github.com/gochain/gochain/pkg/mempool/mempool.go:617.2,617.21 1 1322
github.com/gochain/gochain/pkg/mempool/mempool.go:617.21,619.32 2 1
github.com/gochain/gochain/pkg/mempool/mempool.go:619.32,621.4 1 1
github.com/gochain/gochain/pkg/mempool/mempool.go:624.2,624.12 1 1321
github.com/gochain/gochain/pkg/mempool/mempool.go:628.65,635.40 5 7
github.com/gochain/gochain/pkg/mempool/mempool.go:635.40,639.3 3 1202
github.com/gochain/gochain/pkg/mempool/mempool.go:642.2,643.23 2 7
github.com/gochain/gochain/pkg/mempool/mempool.go:643.23,645.33 2 3
github.com/gochain/gochain/pkg/mempool/mempool.go:645.33,647.4 1 1202
github.com/gochain/gochain/pkg/mempool/mempool.go:648.3,648.43 1 3
github.com/gochain/gochain/pkg/mempool/mempool.go:652.2,653.20 2 7
github.com/gochain/gochain/pkg/mempool/mempool.go:653.20,655.3 1 7
github.com/gochain/gochain/pkg/mempool/mempool.go:657.2,665.3 1 7
github.com/gochain/gochain/pkg/mempool/mempool.go:669.38,677.41 4 6
github.com/gochain/gochain/pkg/mempool/mempool.go:677.41,679.3 1 0
github.com/gochain/gochain/pkg/mempool/mempool.go:682.2,683.51 2 6
github.com/gochain/gochain/pkg/mempool/mempool.go:683.51,685.3 1 2
github.com/gochain/gochain/pkg/mempool/mempool.go:687.2,687.14 1 4
github.com/gochain/gochain/pkg/mempool/mempool.go:692.73,699.43 5 2
github.com/gochain/gochain/pkg/mempool/mempool.go:699.43,700.40 1 1200
github.com/gochain/gochain/pkg/mempool/mempool.go:700.40,707.4 5 1200
github.com/gochain/gochain/pkg/mempool/mempool.go:710.2,710.16 1 2
github.com/gochain/gochain/pkg/mempool/mempool.go:714.36,720.2 3 0
github.com/gochain/gochain/pkg/miner/miner.go:43.40,52.2 1 2
github.com/gochain/gochain/pkg/miner/miner.go:55.133,67.2 2 2
github.com/gochain/gochain/pkg/miner/miner.go:70.62,74.2 3 0
github.com/gochain/gochain/pkg/miner/miner.go:77.37,81.16 3 1
github.com/gochain/gochain/pkg/miner/miner.go:81.16,83.3 1 0
github.com/gochain/gochain/pkg/miner/miner.go:85.2,91.12 4 1
github.com/gochain/gochain/pkg/miner/miner.go:95.30,99.17 3 1
github.com/gochain/gochain/pkg/miner/miner.go:99.17,101.3 1 0
github.com/gochain/gochain/pkg/miner/miner.go:103.2,104.21 2 1
github.com/gochain/gochain/pkg/miner/miner.go:108.33,113.2 3 2
github.com/gochain/gochain/pkg/miner/miner.go:116.30,120.6 3 1
github.com/gochain/gochain/pkg/miner/miner.go:120.6,121.10 1 1
github.com/gochain/gochain/pkg/miner/miner.go:122.23,123.10 1 0
github.com/gochain/gochain/pkg/miner/miner.go:124.23,125.10 1 1
github.com/gochain/gochain/pkg/miner/miner.go:126.19,128.44 1 0
github.com/gochain/gochain/pkg/miner/miner.go:128.44,131.5 1 0
github.com/gochain/gochain/pkg/miner/miner.go:137.39,140.22 2 0
github.com/gochain/gochain/pkg/miner/miner.go:140.22,142.3 1 0
github.com/gochain/gochain/pkg/miner/miner.go:145.2,146.21 2 0
github.com/gochain/gochain/pkg/miner/miner.go:146.21,148.3 1 0
github.com/gochain/gochain/pkg/miner/miner.go:151.2,151.46 1 0
github.com/gochain/gochain/pkg/miner/miner.go:151.46,153.3 1 0
github.com/gochain/gochain/pkg/miner/miner.go:156.2,156.51 1 0
github.com/gochain/gochain/pkg/miner/miner.go:156.51,158.3 1 0
github.com/gochain/gochain/pkg/miner/miner.go:161.2,161.27 1 0
github.com/gochain/gochain/pkg/miner/miner.go:161.27,163.3 1 0
github.com/gochain/gochain/pkg/miner/miner.go:165.2,167.12 2 0
github.com/gochain/gochain/pkg/miner/miner.go:171.69,198.34 6 1
github.com/gochain/gochain/pkg/miner/miner.go:198.34,200.3 1 0
github.com/gochain/gochain/pkg/miner/miner.go:203.2,205.17 2 1
github.com/gochain/gochain/pkg/miner/miner.go:209.77,212.49 2 1
github.com/gochain/gochain/pkg/miner/miner.go:212.49,213.16 1 0
github.com/gochain/gochain/pkg/miner/miner.go:213.16,215.4 1 0
github.com/gochain/gochain/pkg/miner/miner.go:219.2,236.11 4 1
github.com/gochain/gochain/pkg/miner/miner.go:240.53,242.2 1 0
github.com/gochain/gochain/pkg/miner/miner.go:245.72,254.34 5 1
github.com/gochain/gochain/pkg/miner/miner.go:254.34,263.3 8 0
github.com/gochain/gochain/pkg/miner/miner.go:266.2,266.36 1 1
github.com/gochain/gochain/pkg/miner/miner.go:266.36,271.3 4 1
github.com/gochain/gochain/pkg/miner/miner.go:274.2,284.16 8 1
github.com/gochain/gochain/pkg/miner/miner.go:288.48,293.2 3 0
github.com/gochain/gochain/pkg/miner/miner.go:296.57,307.2 8 0
github.com/gochain/gochain/pkg/miner/miner.go:310.31,314.2 3 0
github.com/gochain/gochain/pkg/miner/miner.go:317.33,323.2 3 0
github.com/gochain/gochain/pkg/block/block.go:60.73,77.2 3 10
github.com/gochain/gochain/pkg/block/block.go:81.86,95.2 3 5
github.com/gochain/gochain/pkg/block/block.go:98.49,100.20 1 7
github.com/gochain/gochain/pkg/block/block.go:100.20,102.3 1 3
github.com/gochain/gochain/pkg/block/block.go:103.2,106.47 2 7
github.com/gochain/gochain/pkg/block/block.go:111.40,147.2 20 5
github.com/gochain/gochain/pkg/block/block.go:150.47,159.34 5 9
github.com/gochain/gochain/pkg/block/block.go:159.34,160.19 1 0
github.com/gochain/gochain/pkg/block/block.go:160.19,169.4 8 0
github.com/gochain/gochain/pkg/block/block.go:173.2,173.36 1 9
github.com/gochain/gochain/pkg/block/block.go:173.36,174.20 1 6
github.com/gochain/gochain/pkg/block/block.go:174.20,179.4 4 6
github.com/gochain/gochain/pkg/block/block.go:183.2,193.16 8 9
github.com/gochain/gochain/pkg/block/block.go:198.46,199.30 1 26
github.com/gochain/gochain/pkg/block/block.go:199.30,202.3 2 15
github.com/gochain/gochain/pkg/block/block.go:205.2,205.30 1 11
github.com/gochain/gochain/pkg/block/block.go:205.30,207.3 1 9
github.com/gochain/gochain/pkg/block/block.go:210.2,211.36 2 2
github.com/gochain/gochain/pkg/block/block.go:211.36,213.3 1 4
github.com/gochain/gochain/pkg/block/block.go:215.2,215.32 1 2
github.com/gochain/gochain/pkg/block/block.go:221.46,222.22 1 4
github.com/gochain/gochain/pkg/block/block.go:222.22,224.3 1 2
github.com/gochain/gochain/pkg/block/block.go:227.2,227.24 1 2
github.com/gochain/gochain/pkg/block/block.go:227.24,229.3 1 0
github.com/gochain/gochain/pkg/block/block.go:232.2,233.38 2 2
github.com/gochain/gochain/pkg/block/block.go:233.38,237.3 3 2
github.com/gochain/gochain/pkg/block/block.go:239.2,239.35 1 2
github.com/gochain/gochain/pkg/block/block.go:244.33,246.21 1 3
github.com/gochain/gochain/pkg/block/block.go:246.21,248.3 1 1
github.com/gochain/gochain/pkg/block/block.go:251.2,251.43 1 2
github.com/gochain/gochain/pkg/block/block.go:251.43,253.3 1 0
github.com/gochain/gochain/pkg/block/block.go:256.2,257.54 2 2
github.com/gochain/gochain/pkg/block/block.go:257.54,260.3 1 0
github.com/gochain/gochain/pkg/block/block.go:263.2,263.36 1 2
github.com/gochain/gochain/pkg/block/block.go:263.36,264.38 1 0
github.com/gochain/gochain/pkg/block/block.go:264.38,266.4 1 0
github.com/gochain/gochain/pkg/block/block.go:269.2,269.12 1 2
github.com/gochain/gochain/pkg/block/block.go:274.34,275.20 1 5
github.com/gochain/gochain/pkg/block/block.go:275.20,277.3 1 1
github.com/gochain/gochain/pkg/block/block.go:279.2,279.28 1 4
github.com/gochain/gochain/pkg/block/block.go:279.28,281.3 1 1
github.com/gochain/gochain/pkg/block/block.go:283.2,283.52 1 3
github.com/gochain/gochain/pkg/block/block.go:283.52,285.3 1 0
github.com/gochain/gochain/pkg/block/block.go:287.2,287.26 1 3
github.com/gochain/gochain/pkg/block/block.go:287.26,289.3 1 0
github.com/gochain/gochain/pkg/block/block.go:291.2,291.23 1 3
github.com/gochain/gochain/pkg/block/block.go:291.23,293.3 1 0
github.com/gochain/gochain/pkg/block/block.go:297.2,297.12 1 3
github.com/gochain/gochain/pkg/block/block.go:302.40,303.21 1 4
github.com/gochain/gochain/pkg/block/block.go:303.21,305.3 1 1
github.com/gochain/gochain/pkg/block/block.go:307.2,307.24 1 3
github.com/gochain/gochain/pkg/block/block.go:307.24,309.3 1 0
github.com/gochain/gochain/pkg/block/block.go:312.2,312.25 1 3
github.com/gochain/gochain/pkg/block/block.go:312.25,313.27 1 3
github.com/gochain/gochain/pkg/block/block.go:313.27,315.4 1 1
github.com/gochain/gochain/pkg/block/block.go:317.8,319.26 1 0
github.com/gochain/gochain/pkg/block/block.go:319.26,321.4 1 0
github.com/gochain/gochain/pkg/block/block.go:324.2,324.26 1 2
github.com/gochain/gochain/pkg/block/block.go:324.26,326.3 1 0
github.com/gochain/gochain/pkg/block/block.go:329.2,329.34 1 2
github.com/gochain/gochain/pkg/block/block.go:329.34,330.41 1 0
github.com/gochain/gochain/pkg/block/block.go:330.41,332.4 1 0
github.com/gochain/gochain/pkg/block/block.go:336.2,336.36 1 2
github.com/gochain/gochain/pkg/block/block.go:336.36,337.42 1 2
github.com/gochain/gochain/pkg/block/block.go:337.42,339.4 1 0
github.com/gochain/gochain/pkg/block/block.go:342.2,342.12 1 2
github.com/gochain/gochain/pkg/block/block.go:347.36,348.30 1 0
github.com/gochain/gochain/pkg/block/block.go:348.30,350.3 1 0
github.com/gochain/gochain/pkg/block/block.go:352.2,352.12 1 0
github.com/gochain/gochain/pkg/block/block.go:357.38,358.20 1 2
github.com/gochain/gochain/pkg/block/block.go:358.20,360.3 1 0
github.com/gochain/gochain/pkg/block/block.go:362.2,362.32 1 2
github.com/gochain/gochain/pkg/block/block.go:362.32,364.3 1 0
github.com/gochain/gochain/pkg/block/block.go:366.2,366.12 1 2
github.com/gochain/gochain/pkg/block/block.go:370.33,373.2 1 0
github.com/gochain/gochain/pkg/block/block.go:376.34,379.2 1 0
github.com/gochain/gochain/pkg/block/block.go:382.40,385.2 1 0
github.com/gochain/gochain/pkg/block/block.go:389.42,391.2 1 0
github.com/gochain/gochain/pkg/block/block.go:395.35,396.22 1 2
github.com/gochain/gochain/pkg/block/block.go:396.22,398.3 1 0
github.com/gochain/gochain/pkg/block/block.go:399.2,399.19 1 2
github.com/gochain/gochain/pkg/block/block.go:399.19,400.19 1 64
github.com/gochain/gochain/pkg/block/block.go:400.19,402.4 1 0
github.com/gochain/gochain/pkg/block/block.go:404.2,404.13 1 2
github.com/gochain/gochain/pkg/block/block.go:408.34,410.2 1 1
github.com/gochain/gochain/pkg/block/block.go:413.45,421.16 3 5
github.com/gochain/gochain/pkg/block/block.go:421.16,423.3 1 0
github.com/gochain/gochain/pkg/block/block.go:426.2,439.36 10 5
github.com/gochain/gochain/pkg/block/block.go:439.36,441.17 2 3
github.com/gochain/gochain/pkg/block/block.go:441.17,443.4 1 0
github.com/gochain/gochain/pkg/block/block.go:446.3,450.33 5 3
github.com/gochain/gochain/pkg/block/block.go:453.2,453.18 1 5
github.com/gochain/gochain/pkg/block/block.go:457.48,458.19 1 5
github.com/gochain/gochain/pkg/block/block.go:458.19,460.3 1 0
github.com/gochain/gochain/pkg/block/block.go:462.2,468.39 4 5
github.com/gochain/gochain/pkg/block/block.go:468.39,470.3 1 0
github.com/gochain/gochain/pkg/block/block.go:473.2,474.81 2 5
github.com/gochain/gochain/pkg/block/block.go:474.81,476.3 1 3
github.com/gochain/gochain/pkg/block/block.go:477.2,481.26 3 2
github.com/gochain/gochain/pkg/block/block.go:481.26,483.3 1 0
github.com/gochain/gochain/pkg/block/block.go:484.2,489.39 4 2
github.com/gochain/gochain/pkg/block/block.go:489.39,490.27 1 0
github.com/gochain/gochain/pkg/block/block.go:490.27,492.4 1 0
github.com/gochain/gochain/pkg/block/block.go:494.3,497.36 3 0
github.com/gochain/gochain/pkg/block/block.go:497.36,499.4 1 0
github.com/gochain/gochain/pkg/block/block.go:501.3,502.74 2 0
github.com/gochain/gochain/pkg/block/block.go:502.74,504.4 1 0
github.com/gochain/gochain/pkg/block/block.go:505.3,506.23 2 0
github.com/gochain/gochain/pkg/block/block.go:510.2,512.12 2 2
github.com/gochain/gochain/pkg/block/block.go:516.41,518.2 1 0
github.com/gochain/gochain/pkg/block/block.go:521.38,523.2 1 0
github.com/gochain/gochain/pkg/block/block.go:526.44,528.2 1 0
github.com/gochain/gochain/pkg/block/block.go:531.41,533.2 1 0
github.com/gochain/gochain/pkg/block/block.go:536.43,538.2 1 0
github.com/gochain/gochain/pkg/block/block.go:541.41,543.2 1 0
github.com/gochain/gochain/pkg/block/block.go:546.36,548.2 1 0
github.com/gochain/gochain/pkg/block/block.go:551.37,553.2 1 0
github.com/gochain/gochain/pkg/block/block.go:556.46,591.2 19 6
github.com/gochain/gochain/pkg/block/block.go:594.49,595.21 1 6
github.com/gochain/gochain/pkg/block/block.go:595.21,597.3 1 4
github.com/gochain/gochain/pkg/block/block.go:599.2,631.12 18 2
github.com/gochain/gochain/pkg/block/block.go:635.52,650.34 9 8
github.com/gochain/gochain/pkg/block/block.go:650.34,652.17 2 0
github.com/gochain/gochain/pkg/block/block.go:652.17,654.4 1 0
github.com/gochain/gochain/pkg/block/block.go:657.3,661.36 5 0
[...]
github.com/gochain/gochain/pkg/storage/trie.go:108.31,110.5 1 26
github.com/gochain/gochain/pkg/storage/trie.go:110.10,111.10 1 4
github.com/gochain/gochain/pkg/storage/trie.go:116.3,116.41 1 4
github.com/gochain/gochain/pkg/storage/trie.go:116.41,125.4 3 4
github.com/gochain/gochain/pkg/storage/trie.go:128.3,128.36 1 4
github.com/gochain/gochain/pkg/storage/trie.go:128.36,137.4 3 4
github.com/gochain/gochain/pkg/storage/trie.go:140.3,140.28 1 4
github.com/gochain/gochain/pkg/storage/trie.go:140.28,150.4 4 4
github.com/gochain/gochain/pkg/storage/trie.go:152.3,153.16 2 0
github.com/gochain/gochain/pkg/storage/trie.go:157.2,157.36 1 42
github.com/gochain/gochain/pkg/storage/trie.go:157.36,158.72 1 9
github.com/gochain/gochain/pkg/storage/trie.go:158.72,161.50 2 9
github.com/gochain/gochain/pkg/storage/trie.go:161.50,164.26 2 9
github.com/gochain/gochain/pkg/storage/trie.go:164.26,168.6 2 0
github.com/gochain/gochain/pkg/storage/trie.go:169.5,169.16 1 9
github.com/gochain/gochain/pkg/storage/trie.go:173.3,178.4 1 0
github.com/gochain/gochain/pkg/storage/trie.go:182.2,183.55 2 33
github.com/gochain/gochain/pkg/storage/trie.go:183.55,185.3 1 15
github.com/gochain/gochain/pkg/storage/trie.go:185.8,187.3 1 18
github.com/gochain/gochain/pkg/storage/trie.go:189.2,190.13 2 33
github.com/gochain/gochain/pkg/storage/trie.go:194.53,195.33 1 33
github.com/gochain/gochain/pkg/storage/trie.go:195.33,197.3 1 2
github.com/gochain/gochain/pkg/storage/trie.go:199.2,204.20 5 31
github.com/gochain/gochain/pkg/storage/trie.go:208.65,209.17 1 109
github.com/gochain/gochain/pkg/storage/trie.go:209.17,211.3 1 1
github.com/gochain/gochain/pkg/storage/trie.go:213.2,213.17 1 108
github.com/gochain/gochain/pkg/storage/trie.go:213.17,215.21 1 29
github.com/gochain/gochain/pkg/storage/trie.go:215.21,217.4 1 24
github.com/gochain/gochain/pkg/storage/trie.go:219.3,219.24 1 5
github.com/gochain/gochain/pkg/storage/trie.go:219.24,221.4 1 5
github.com/gochain/gochain/pkg/storage/trie.go:222.3,222.13 1 0
github.com/gochain/gochain/pkg/storage/trie.go:226.2,226.36 1 79
github.com/gochain/gochain/pkg/storage/trie.go:226.36,227.72 1 25
github.com/gochain/gochain/pkg/storage/trie.go:227.72,230.50 2 24
github.com/gochain/gochain/pkg/storage/trie.go:230.50,232.5 1 24
github.com/gochain/gochain/pkg/storage/trie.go:234.3,234.13 1 1
github.com/gochain/gochain/pkg/storage/trie.go:238.2,238.20 1 54
github.com/gochain/gochain/pkg/storage/trie.go:238.20,240.3 1 0
github.com/gochain/gochain/pkg/storage/trie.go:242.2,243.55 2 54
github.com/gochain/gochain/pkg/storage/trie.go:243.55,245.3 1 54
github.com/gochain/gochain/pkg/storage/trie.go:247.2,247.12 1 0
github.com/gochain/gochain/pkg/storage/trie.go:251.46,252.33 1 3
github.com/gochain/gochain/pkg/storage/trie.go:252.33,254.3 1 2
github.com/gochain/gochain/pkg/storage/trie.go:256.2,261.19 5 1
github.com/gochain/gochain/pkg/storage/trie.go:261.19,263.3 1 0
github.com/gochain/gochain/pkg/storage/trie.go:265.2,265.12 1 1
github.com/gochain/gochain/pkg/storage/trie.go:269.71,270.17 1 2
github.com/gochain/gochain/pkg/storage/trie.go:270.17,272.3 1 0
github.com/gochain/gochain/pkg/storage/trie.go:274.2,274.17 1 2
github.com/gochain/gochain/pkg/storage/trie.go:274.17,275.24 1 1
github.com/gochain/gochain/pkg/storage/trie.go:275.24,277.4 1 1
github.com/gochain/gochain/pkg/storage/trie.go:278.3,278.14 1 0
github.com/gochain/gochain/pkg/storage/trie.go:281.2,281.20 1 1
github.com/gochain/gochain/pkg/storage/trie.go:281.20,283.3 1 0
github.com/gochain/gochain/pkg/storage/trie.go:285.2,286.55 2 1
github.com/gochain/gochain/pkg/storage/trie.go:286.55,290.38 2 1
github.com/gochain/gochain/pkg/storage/trie.go:290.38,292.4 1 1
github.com/gochain/gochain/pkg/storage/trie.go:295.3,295.30 1 1
github.com/gochain/gochain/pkg/storage/trie.go:295.30,296.43 1 0
github.com/gochain/gochain/pkg/storage/trie.go:296.43,297.21 1 0
github.com/gochain/gochain/pkg/storage/trie.go:297.21,305.6 1 0
github.com/gochain/gochain/pkg/storage/trie.go:310.3,310.30 1 1
github.com/gochain/gochain/pkg/storage/trie.go:310.30,312.4 1 1
github.com/gochain/gochain/pkg/storage/trie.go:314.3,314.40 1 0
github.com/gochain/gochain/pkg/storage/trie.go:317.2,317.13 1 0
github.com/gochain/gochain/pkg/storage/trie.go:321.39,325.19 3 5
github.com/gochain/gochain/pkg/storage/trie.go:325.19,327.3 1 0
github.com/gochain/gochain/pkg/storage/trie.go:328.2,328.20 1 5
github.com/gochain/gochain/pkg/storage/trie.go:332.62,333.17 1 62
github.com/gochain/gochain/pkg/storage/trie.go:333.17,335.3 1 0
github.com/gochain/gochain/pkg/storage/trie.go:337.2,343.19 4 62
github.com/gochain/gochain/pkg/storage/trie.go:344.20,347.37 3 22
github.com/gochain/gochain/pkg/storage/trie.go:348.25,351.24 3 5
github.com/gochain/gochain/pkg/storage/trie.go:351.24,353.4 1 0
github.com/gochain/gochain/pkg/storage/trie.go:354.22,358.32 3 35
github.com/gochain/gochain/pkg/storage/trie.go:358.32,360.4 1 82
github.com/gochain/gochain/pkg/storage/trie.go:361.3,363.28 2 35
github.com/gochain/gochain/pkg/storage/trie.go:363.28,365.49 2 82
github.com/gochain/gochain/pkg/storage/trie.go:365.49,367.5 1 82
github.com/gochain/gochain/pkg/storage/trie.go:371.2,372.16 2 62
github.com/gochain/gochain/pkg/storage/trie.go:376.37,387.2 5 1
github.com/gochain/gochain/pkg/storage/trie.go:390.48,391.17 1 5
github.com/gochain/gochain/pkg/storage/trie.go:391.17,393.3 1 0
github.com/gochain/gochain/pkg/storage/trie.go:396.2,396.38 1 5
github.com/gochain/gochain/pkg/storage/trie.go:396.38,398.3 1 4
github.com/gochain/gochain/pkg/storage/trie.go:401.2,401.39 1 5
github.com/gochain/gochain/pkg/storage/trie.go:405.60,406.33 1 1
github.com/gochain/gochain/pkg/storage/trie.go:406.33,408.3 1 0
github.com/gochain/gochain/pkg/storage/trie.go:410.2,416.9 6 1
github.com/gochain/gochain/pkg/storage/trie.go:416.9,418.3 1 0
github.com/gochain/gochain/pkg/storage/trie.go:419.2,419.19 1 1
github.com/gochain/gochain/pkg/storage/trie.go:423.97,424.17 1 2
github.com/gochain/gochain/pkg/storage/trie.go:424.17,426.3 1 0
github.com/gochain/gochain/pkg/storage/trie.go:428.2,428.17 1 2
github.com/gochain/gochain/pkg/storage/trie.go:428.17,429.24 1 1
github.com/gochain/gochain/pkg/storage/trie.go:429.24,432.4 2 1
github.com/gochain/gochain/pkg/storage/trie.go:433.3,433.20 1 0
github.com/gochain/gochain/pkg/storage/trie.go:436.2,436.36 1 1
github.com/gochain/gochain/pkg/storage/trie.go:436.36,437.72 1 0
github.com/gochain/gochain/pkg/storage/trie.go:437.72,439.50 2 0
github.com/gochain/gochain/pkg/storage/trie.go:439.50,442.5 2 0
github.com/gochain/gochain/pkg/storage/trie.go:444.3,444.20 1 0
github.com/gochain/gochain/pkg/storage/trie.go:447.2,447.20 1 1
github.com/gochain/gochain/pkg/storage/trie.go:447.20,449.3 1 0
github.com/gochain/gochain/pkg/storage/trie.go:451.2,452.55 2 1
github.com/gochain/gochain/pkg/storage/trie.go:452.55,455.3 2 1
github.com/gochain/gochain/pkg/storage/trie.go:457.2,457.19 1 0
github.com/gochain/gochain/pkg/storage/trie.go:461.97,462.21 1 1
github.com/gochain/gochain/pkg/storage/trie.go:462.21,464.3 1 0
github.com/gochain/gochain/pkg/storage/trie.go:466.2,466.13 1 1
github.com/gochain/gochain/pkg/storage/trie.go:470.55,475.48 4 2
github.com/gochain/gochain/pkg/storage/trie.go:475.48,477.3 1 1
github.com/gochain/gochain/pkg/storage/trie.go:477.8,479.3 1 1
github.com/gochain/gochain/pkg/storage/trie.go:480.2,484.14 4 2
github.com/gochain/gochain/pkg/storage/trie.go:488.52,489.17 1 6
github.com/gochain/gochain/pkg/storage/trie.go:489.17,491.3 1 0
github.com/gochain/gochain/pkg/storage/trie.go:493.2,494.38 2 6
github.com/gochain/gochain/pkg/storage/trie.go:494.38,496.3 1 4
github.com/gochain/gochain/pkg/storage/trie.go:498.2,498.14 1 6
github.com/gochain/gochain/pkg/storage/trie.go:502.56,503.17 1 6
github.com/gochain/gochain/pkg/storage/trie.go:503.17,505.3 1 0
github.com/gochain/gochain/pkg/storage/trie.go:507.2,507.17 1 6
github.com/gochain/gochain/pkg/storage/trie.go:507.17,509.3 1 2
github.com/gochain/gochain/pkg/storage/trie.go:511.2,512.38 2 4
github.com/gochain/gochain/pkg/storage/trie.go:512.38,514.3 1 4
github.com/gochain/gochain/pkg/storage/trie.go:516.2,516.14 1 4
github.com/gochain/gochain/pkg/storage/trie.go:520.50,521.22 1 0
github.com/gochain/gochain/pkg/storage/trie.go:521.22,523.3 1 0
github.com/gochain/gochain/pkg/storage/trie.go:524.2,524.19 1 0
github.com/gochain/gochain/pkg/storage/trie.go:524.19,525.19 1 0
github.com/gochain/gochain/pkg/storage/trie.go:525.19,527.4 1 0
github.com/gochain/gochain/pkg/storage/trie.go:529.2,529.13 1 0
github.com/gochain/gochain/pkg/explorer/web/handlers.go:24.67,30.2 1 10
github.com/gochain/gochain/pkg/explorer/web/handlers.go:33.56,41.52 5 2
github.com/gochain/gochain/pkg/explorer/web/handlers.go:41.52,43.27 2 1
github.com/gochain/gochain/pkg/explorer/web/handlers.go:43.27,44.28 1 1
github.com/gochain/gochain/pkg/explorer/web/handlers.go:44.28,46.5 1 1
github.com/gochain/gochain/pkg/explorer/web/handlers.go:48.3,48.37 1 1
github.com/gochain/gochain/pkg/explorer/web/handlers.go:52.2,52.44 1 2
github.com/gochain/gochain/pkg/explorer/web/handlers.go:52.44,54.3 1 0
github.com/gochain/gochain/pkg/explorer/web/handlers.go:57.2,58.13 2 2
github.com/gochain/gochain/pkg/explorer/web/handlers.go:69.95,75.2 1 10
github.com/gochain/gochain/pkg/explorer/web/handlers.go:78.74,82.16 3 2
github.com/gochain/gochain/pkg/explorer/web/handlers.go:82.16,85.3 2 1
github.com/gochain/gochain/pkg/explorer/web/handlers.go:87.2,92.42 2 1
github.com/gochain/gochain/pkg/explorer/web/handlers.go:96.79,103.16 4 1
github.com/gochain/gochain/pkg/explorer/web/handlers.go:103.16,106.3 2 0
github.com/gochain/gochain/pkg/explorer/web/handlers.go:109.2,110.16 2 1
github.com/gochain/gochain/pkg/explorer/web/handlers.go:110.16,113.3 2 0
github.com/gochain/gochain/pkg/explorer/web/handlers.go:115.2,121.44 2 1
github.com/gochain/gochain/pkg/explorer/web/handlers.go:125.81,131.16 4 1
github.com/gochain/gochain/pkg/explorer/web/handlers.go:131.16,134.3 2 0
github.com/gochain/gochain/pkg/explorer/web/handlers.go:136.2,138.16 3 1
github.com/gochain/gochain/pkg/explorer/web/handlers.go:138.16,141.3 2 0
github.com/gochain/gochain/pkg/explorer/web/handlers.go:143.2,148.50 2 1
github.com/gochain/gochain/pkg/explorer/web/handlers.go:152.85,159.16 4 1
github.com/gochain/gochain/pkg/explorer/web/handlers.go:159.16,162.3 2 0
github.com/gochain/gochain/pkg/explorer/web/handlers.go:165.2,166.16 2 1
github.com/gochain/gochain/pkg/explorer/web/handlers.go:166.16,169.3 2 0
github.com/gochain/gochain/pkg/explorer/web/handlers.go:171.2,177.50 2 1
github.com/gochain/gochain/pkg/explorer/web/handlers.go:181.87,187.16 4 1
github.com/gochain/gochain/pkg/explorer/web/handlers.go:187.16,190.3 2 0
github.com/gochain/gochain/pkg/explorer/web/handlers.go:192.2,194.16 3 1
github.com/gochain/gochain/pkg/explorer/web/handlers.go:194.16,197.3 2 0
github.com/gochain/gochain/pkg/explorer/web/handlers.go:199.2,204.56 2 1
github.com/gochain/gochain/pkg/explorer/web/handlers.go:208.83,213.44 3 1
github.com/gochain/gochain/pkg/explorer/web/handlers.go:213.44,216.3 2 0
github.com/gochain/gochain/pkg/explorer/web/handlers.go:218.2,220.16 3 1
github.com/gochain/gochain/pkg/explorer/web/handlers.go:220.16,223.3 2 0
github.com/gochain/gochain/pkg/explorer/web/handlers.go:225.2,230.52 2 1
github.com/gochain/gochain/pkg/explorer/web/handlers.go:234.76,237.40 2 2
github.com/gochain/gochain/pkg/explorer/web/handlers.go:237.40,240.3 2 0
github.com/gochain/gochain/pkg/explorer/web/handlers.go:242.2,243.17 2 2
github.com/gochain/gochain/pkg/explorer/web/handlers.go:243.17,250.3 3 1
github.com/gochain/gochain/pkg/explorer/web/handlers.go:253.2,253.34 1 1
github.com/gochain/gochain/pkg/explorer/web/handlers.go:253.34,256.3 2 0
github.com/gochain/gochain/pkg/explorer/web/handlers.go:258.2,260.16 3 1
github.com/gochain/gochain/pkg/explorer/web/handlers.go:260.16,263.3 2 0
github.com/gochain/gochain/pkg/explorer/web/handlers.go:265.2,271.52 2 1
github.com/gochain/gochain/pkg/explorer/web/handlers.go:275.73,278.2 1 0
github.com/gochain/gochain/pkg/explorer/web/handlers.go:281.80,284.2 1 0
github.com/gochain/gochain/pkg/explorer/web/handlers.go:288.84,297.2 3 1
github.com/gochain/gochain/pkg/explorer/web/handlers.go:299.81,306.20 5 5
github.com/gochain/gochain/pkg/explorer/web/handlers.go:306.20,307.72 1 2
github.com/gochain/gochain/pkg/explorer/web/handlers.go:307.72,309.4 1 1
github.com/gochain/gochain/pkg/explorer/web/handlers.go:312.2,312.21 1 5
github.com/gochain/gochain/pkg/explorer/web/handlers.go:312.21,313.62 1 2
github.com/gochain/gochain/pkg/explorer/web/handlers.go:313.62,315.4 1 1
github.com/gochain/gochain/pkg/explorer/web/handlers.go:318.2,318.22 1 5
github.com/gochain/gochain/pkg/explorer/web/handlers.go:321.88,329.20 6 3
github.com/gochain/gochain/pkg/explorer/web/handlers.go:329.20,331.3 1 2
github.com/gochain/gochain/pkg/explorer/web/handlers.go:333.2,334.25 2 3
github.com/gochain/gochain/pkg/explorer/web/handlers.go:334.25,336.21 2 0
github.com/gochain/gochain/pkg/explorer/web/handlers.go:336.21,338.4 1 0
github.com/gochain/gochain/pkg/explorer/web/handlers.go:341.2,353.3 1 3
github.com/gochain/gochain/pkg/explorer/web/handlers.go:356.58,358.53 1 2
github.com/gochain/gochain/pkg/explorer/web/handlers.go:358.53,360.3 1 0
github.com/gochain/gochain/pkg/explorer/web/handlers.go:361.2,361.47 1 2
github.com/gochain/gochain/pkg/explorer/web/handlers.go:361.47,363.3 1 0
github.com/gochain/gochain/pkg/explorer/web/handlers.go:364.2,364.49 1 2
github.com/gochain/gochain/pkg/explorer/web/handlers.go:364.49,366.3 1 0
github.com/gochain/gochain/pkg/explorer/web/handlers.go:367.2,367.21 1 2
github.com/gochain/gochain/pkg/explorer/web/handlers.go:370.60,385.2 4 1
github.com/gochain/gochain/pkg/explorer/web/routes.go:10.54,33.2 13 0
github.com/gochain/gochain/pkg/explorer/web/routes.go:36.59,37.71 1 0
github.com/gochain/gochain/pkg/explorer/web/routes.go:37.71,50.3 2 0
github.com/gochain/gochain/pkg/explorer/web/routes.go:54.57,55.71 1 0
github.com/gochain/gochain/pkg/explorer/web/routes.go:55.71,63.3 5 0
github.com/gochain/gochain/pkg/explorer/web/routes.go:72.52,75.2 2 0
github.com/gochain/gochain/pkg/explorer/web/routes.go:77.59,79.2 1 0
github.com/gochain/gochain/pkg/explorer/web/server.go:21.71,30.2 3 1
github.com/gochain/gochain/pkg/explorer/web/server.go:33.44,51.2 6 0
github.com/gochain/gochain/pkg/explorer/web/server.go:54.35,55.22 1 0
github.com/gochain/gochain/pkg/explorer/web/server.go:55.22,58.3 2 0
github.com/gochain/gochain/pkg/explorer/web/server.go:59.2,59.12 1 0
github.com/gochain/gochain/pkg/explorer/web/server.go:63.47,65.2 1 1
github.com/gochain/gochain/pkg/explorer/web/server.go:68.48,70.2 1 1
github.com/gochain/gochain/pkg/explorer/web/server.go:73.42,75.25 1 1
github.com/gochain/gochain/pkg/explorer/web/server.go:75.25,77.3 1 0
github.com/gochain/gochain/pkg/explorer/web/server.go:80.2,80.23 1 1
github.com/gochain/gochain/pkg/explorer/web/server.go:80.23,82.3 1 0
github.com/gochain/gochain/pkg/explorer/web/server.go:85.2,85.31 1 1
github.com/gochain/gochain/pkg/explorer/web/server.go:85.31,87.3 1 0
github.com/gochain/gochain/pkg/explorer/web/server.go:89.2,89.12 1 1
github.com/gochain/gochain/pkg/explorer/web/server.go:93.61,101.22 2 1
github.com/gochain/gochain/pkg/explorer/web/server.go:101.22,103.3 1 0
github.com/gochain/gochain/pkg/explorer/web/server.go:105.2,105.13 1 1
github.com/gochain/gochain/pkg/explorer/web/templates.go:17.32,37.2 3 10
github.com/gochain/gochain/pkg/explorer/web/templates.go:40.82,42.13 2 9
github.com/gochain/gochain/pkg/explorer/web/templates.go:42.13,45.3 2 0
github.com/gochain/gochain/pkg/explorer/web/templates.go:47.2,49.16 3 9
github.com/gochain/gochain/pkg/explorer/web/templates.go:49.16,52.3 2 0
github.com/gochain/gochain/pkg/explorer/web/templates.go:54.2,55.22 2 9
github.com/gochain/gochain/pkg/explorer/web/templates.go:59.37,73.41 2 10
github.com/gochain/gochain/pkg/explorer/web/templates.go:73.41,75.3 1 100
github.com/gochain/gochain/pkg/explorer/web/templates.go:79.51,81.29 1 100
github.com/gochain/gochain/pkg/explorer/web/templates.go:81.29,87.17 4 90
github.com/gochain/gochain/pkg/explorer/web/templates.go:87.17,88.64 1 0
github.com/gochain/gochain/pkg/explorer/web/templates.go:92.3,93.17 2 90
github.com/gochain/gochain/pkg/explorer/web/templates.go:93.17,94.80 1 0
github.com/gochain/gochain/pkg/explorer/web/templates.go:97.3,97.31 1 90
github.com/gochain/gochain/pkg/explorer/web/templates.go:98.8,102.17 3 10
github.com/gochain/gochain/pkg/explorer/web/templates.go:102.17,103.72 1 0
github.com/gochain/gochain/pkg/explorer/web/templates.go:105.3,105.31 1 10
github.com/gochain/gochain/pkg/explorer/web/templates.go:110.64,111.18 1 190
github.com/gochain/gochain/pkg/explorer/web/templates.go:112.19,113.22 1 100
github.com/gochain/gochain/pkg/explorer/web/templates.go:114.19,115.22 1 10
github.com/gochain/gochain/pkg/explorer/web/templates.go:116.21,117.24 1 10
github.com/gochain/gochain/pkg/explorer/web/templates.go:118.27,119.29 1 10
github.com/gochain/gochain/pkg/explorer/web/templates.go:120.27,121.30 1 10
github.com/gochain/gochain/pkg/explorer/web/templates.go:122.33,123.35 1 10
github.com/gochain/gochain/pkg/explorer/web/templates.go:124.29,125.31 1 10
github.com/gochain/gochain/pkg/explorer/web/templates.go:126.21,127.24 1 10
github.com/gochain/gochain/pkg/explorer/web/templates.go:128.29,129.31 1 10
github.com/gochain/gochain/pkg/explorer/web/templates.go:130.20,131.23 1 10
github.com/gochain/gochain/pkg/explorer/web/templates.go:132.10,133.65 1 0
github.com/gochain/gochain/pkg/explorer/web/templates.go:139.37,140.20 1 19
github.com/gochain/gochain/pkg/explorer/web/templates.go:140.20,142.3 1 0
github.com/gochain/gochain/pkg/explorer/web/templates.go:143.2,143.20 1 19
github.com/gochain/gochain/pkg/explorer/web/templates.go:143.20,145.3 1 0
github.com/gochain/gochain/pkg/explorer/web/templates.go:146.2,146.61 1 19
github.com/gochain/gochain/pkg/explorer/web/templates.go:149.43,150.24 1 0
github.com/gochain/gochain/pkg/explorer/web/templates.go:150.24,152.3 1 0
github.com/gochain/gochain/pkg/explorer/web/templates.go:153.2,153.70 1 0
github.com/gochain/gochain/pkg/explorer/web/templates.go:156.41,158.17 1 8
github.com/gochain/gochain/pkg/explorer/web/templates.go:158.17,160.3 1 2
github.com/gochain/gochain/pkg/explorer/web/templates.go:163.2,164.38 2 6
github.com/gochain/gochain/pkg/explorer/web/templates.go:167.39,168.23 1 8
github.com/gochain/gochain/pkg/explorer/web/templates.go:169.13,171.30 1 0
github.com/gochain/gochain/pkg/explorer/web/templates.go:172.14,173.11 1 0
github.com/gochain/gochain/pkg/explorer/web/templates.go:174.10,175.30 1 8
github.com/gochain/gochain/pkg/explorer/web/templates.go:179.49,180.21 1 3
github.com/gochain/gochain/pkg/explorer/web/templates.go:180.21,182.3 1 0
github.com/gochain/gochain/pkg/explorer/web/templates.go:185.2,185.30 1 3
github.com/gochain/gochain/pkg/explorer/web/templates.go:185.30,187.3 1 0
github.com/gochain/gochain/pkg/explorer/web/templates.go:187.8,187.34 1 3
github.com/gochain/gochain/pkg/explorer/web/templates.go:187.34,189.3 1 0
github.com/gochain/gochain/pkg/explorer/web/templates.go:189.8,189.31 1 3
github.com/gochain/gochain/pkg/explorer/web/templates.go:189.31,191.3 1 3
github.com/gochain/gochain/pkg/explorer/web/templates.go:192.2,192.38 1 0
github.com/gochain/gochain/pkg/explorer/web/templates.go:195.24,197.2 1 0
github.com/gochain/gochain/pkg/explorer/web/templates.go:199.24,201.2 1 0
github.com/gochain/gochain/pkg/explorer/web/templates.go:203.24,205.2 1 0
github.com/gochain/gochain/pkg/explorer/web/templates.go:207.24,208.12 1 0
github.com/gochain/gochain/pkg/explorer/web/templates.go:208.12,210.3 1 0
github.com/gochain/gochain/pkg/explorer/web/templates.go:211.2,211.14 1 0
github.com/gochain/gochain/pkg/explorer/web/templates.go:214.24,215.12 1 0
github.com/gochain/gochain/pkg/explorer/web/templates.go:215.12,217.3 1 0
github.com/gochain/gochain/pkg/explorer/web/templates.go:218.2,218.14 1 0
