mode: atomic
github.com/gochain/gochain/pkg/consensus/consensus.go:48.48,58.2 1 21
github.com/gochain/gochain/pkg/consensus/consensus.go:62.74,72.2 1 20
github.com/gochain/gochain/pkg/consensus/consensus.go:76.54,79.2 2 2
github.com/gochain/gochain/pkg/consensus/consensus.go:82.47,84.2 1 1
github.com/gochain/gochain/pkg/consensus/consensus.go:88.63,92.2 3 5
github.com/gochain/gochain/pkg/consensus/consensus.go:95.55,100.2 4 3
github.com/gochain/gochain/pkg/consensus/consensus.go:104.73,108.59 3 11
github.com/gochain/gochain/pkg/consensus/consensus.go:108.59,110.3 1 8
github.com/gochain/gochain/pkg/consensus/consensus.go:111.2,111.14 1 3
github.com/gochain/gochain/pkg/consensus/consensus.go:116.79,117.17 1 4
github.com/gochain/gochain/pkg/consensus/consensus.go:117.17,119.3 1 0
github.com/gochain/gochain/pkg/consensus/consensus.go:121.2,122.39 2 4
github.com/gochain/gochain/pkg/consensus/consensus.go:122.39,124.19 2 6
github.com/gochain/gochain/pkg/consensus/consensus.go:124.19,126.4 1 3
github.com/gochain/gochain/pkg/consensus/consensus.go:129.3,130.42 2 3
github.com/gochain/gochain/pkg/consensus/consensus.go:133.2,133.25 1 1
github.com/gochain/gochain/pkg/consensus/consensus.go:138.85,139.22 1 3
github.com/gochain/gochain/pkg/consensus/consensus.go:139.22,141.3 1 0
github.com/gochain/gochain/pkg/consensus/consensus.go:143.2,143.60 1 3
github.com/gochain/gochain/pkg/consensus/consensus.go:143.60,146.23 2 3
github.com/gochain/gochain/pkg/consensus/consensus.go:146.23,148.4 1 0
github.com/gochain/gochain/pkg/consensus/consensus.go:149.3,149.42 1 3
github.com/gochain/gochain/pkg/consensus/consensus.go:153.2,154.25 2 0
github.com/gochain/gochain/pkg/consensus/consensus.go:154.25,156.3 1 0
github.com/gochain/gochain/pkg/consensus/consensus.go:158.2,160.21 3 0
github.com/gochain/gochain/pkg/consensus/consensus.go:160.21,162.3 1 0
github.com/gochain/gochain/pkg/consensus/consensus.go:164.2,169.64 4 0
github.com/gochain/gochain/pkg/consensus/consensus.go:169.64,171.3 1 0
github.com/gochain/gochain/pkg/consensus/consensus.go:172.2,172.60 1 0
github.com/gochain/gochain/pkg/consensus/consensus.go:172.60,174.3 1 0
github.com/gochain/gochain/pkg/consensus/consensus.go:176.2,179.44 3 0
github.com/gochain/gochain/pkg/consensus/consensus.go:179.44,181.3 1 0
github.com/gochain/gochain/pkg/consensus/consensus.go:182.2,182.44 1 0
github.com/gochain/gochain/pkg/consensus/consensus.go:182.44,184.3 1 0
github.com/gochain/gochain/pkg/consensus/consensus.go:186.2,186.27 1 0
github.com/gochain/gochain/pkg/consensus/consensus.go:191.85,193.18 1 6
github.com/gochain/gochain/pkg/consensus/consensus.go:193.18,195.3 1 1
github.com/gochain/gochain/pkg/consensus/consensus.go:198.2,198.40 1 5
github.com/gochain/gochain/pkg/consensus/consensus.go:198.40,200.3 1 2
github.com/gochain/gochain/pkg/consensus/consensus.go:203.2,203.35 1 3
github.com/gochain/gochain/pkg/consensus/consensus.go:203.35,205.3 1 0
github.com/gochain/gochain/pkg/consensus/consensus.go:208.2,208.22 1 3
github.com/gochain/gochain/pkg/consensus/consensus.go:208.22,209.64 1 0
github.com/gochain/gochain/pkg/consensus/consensus.go:209.64,212.4 1 0
github.com/gochain/gochain/pkg/consensus/consensus.go:215.3,216.50 2 0
github.com/gochain/gochain/pkg/consensus/consensus.go:216.50,219.4 1 0
github.com/gochain/gochain/pkg/consensus/consensus.go:223.2,224.16 2 3
github.com/gochain/gochain/pkg/consensus/consensus.go:224.16,226.3 1 0
github.com/gochain/gochain/pkg/consensus/consensus.go:228.2,228.51 1 3
github.com/gochain/gochain/pkg/consensus/consensus.go:228.51,231.3 1 0
github.com/gochain/gochain/pkg/consensus/consensus.go:234.2,234.52 1 3
github.com/gochain/gochain/pkg/consensus/consensus.go:234.52,236.3 1 0
github.com/gochain/gochain/pkg/consensus/consensus.go:239.2,239.59 1 3
github.com/gochain/gochain/pkg/consensus/consensus.go:239.59,241.3 1 0
github.com/gochain/gochain/pkg/consensus/consensus.go:244.2,244.42 1 3
github.com/gochain/gochain/pkg/consensus/consensus.go:244.42,245.72 1 2
github.com/gochain/gochain/pkg/consensus/consensus.go:245.72,247.4 1 1
github.com/gochain/gochain/pkg/consensus/consensus.go:250.2,250.12 1 2
github.com/gochain/gochain/pkg/consensus/consensus.go:255.66,256.34 1 3
github.com/gochain/gochain/pkg/consensus/consensus.go:256.34,258.3 1 0
github.com/gochain/gochain/pkg/consensus/consensus.go:261.2,264.60 2 3
github.com/gochain/gochain/pkg/consensus/consensus.go:264.60,267.3 1 0
github.com/gochain/gochain/pkg/consensus/consensus.go:269.2,269.12 1 3
github.com/gochain/gochain/pkg/consensus/consensus.go:273.83,274.28 1 3
github.com/gochain/gochain/pkg/consensus/consensus.go:274.28,276.3 1 0
github.com/gochain/gochain/pkg/consensus/consensus.go:278.2,278.28 1 3
github.com/gochain/gochain/pkg/consensus/consensus.go:278.28,280.3 1 3
github.com/gochain/gochain/pkg/consensus/consensus.go:283.2,284.34 2 0
github.com/gochain/gochain/pkg/consensus/consensus.go:284.34,286.3 1 0
github.com/gochain/gochain/pkg/consensus/consensus.go:289.2,289.22 1 0
github.com/gochain/gochain/pkg/consensus/consensus.go:289.22,290.25 1 0
github.com/gochain/gochain/pkg/consensus/consensus.go:290.25,292.4 1 0
github.com/gochain/gochain/pkg/consensus/consensus.go:294.3,295.39 2 0
github.com/gochain/gochain/pkg/consensus/consensus.go:295.39,298.4 2 0
github.com/gochain/gochain/pkg/consensus/consensus.go:299.3,299.21 1 0
github.com/gochain/gochain/pkg/consensus/consensus.go:302.2,302.18 1 0
github.com/gochain/gochain/pkg/consensus/consensus.go:306.49,310.22 2 4
github.com/gochain/gochain/pkg/consensus/consensus.go:310.22,312.3 1 128
github.com/gochain/gochain/pkg/consensus/consensus.go:313.2,313.13 1 4
github.com/gochain/gochain/pkg/consensus/consensus.go:317.73,318.34 1 3
github.com/gochain/gochain/pkg/consensus/consensus.go:318.34,320.3 1 0
github.com/gochain/gochain/pkg/consensus/consensus.go:323.2,323.41 1 3
github.com/gochain/gochain/pkg/consensus/consensus.go:323.41,325.3 1 0
github.com/gochain/gochain/pkg/consensus/consensus.go:328.2,328.40 1 3
github.com/gochain/gochain/pkg/consensus/consensus.go:328.40,329.51 1 3
github.com/gochain/gochain/pkg/consensus/consensus.go:329.51,331.4 1 0
github.com/gochain/gochain/pkg/consensus/consensus.go:334.2,334.12 1 3
github.com/gochain/gochain/pkg/consensus/consensus.go:338.70,340.37 1 3
github.com/gochain/gochain/pkg/consensus/consensus.go:340.37,342.3 1 0
github.com/gochain/gochain/pkg/consensus/consensus.go:345.2,345.21 1 3
github.com/gochain/gochain/pkg/consensus/consensus.go:345.21,347.3 1 3
github.com/gochain/gochain/pkg/consensus/consensus.go:350.2,350.25 1 0
github.com/gochain/gochain/pkg/consensus/consensus.go:350.25,352.3 1 0
github.com/gochain/gochain/pkg/consensus/consensus.go:353.2,353.26 1 0
github.com/gochain/gochain/pkg/consensus/consensus.go:353.26,355.3 1 0
github.com/gochain/gochain/pkg/consensus/consensus.go:360.2,360.12 1 0
github.com/gochain/gochain/pkg/consensus/consensus.go:364.50,365.22 1 3
github.com/gochain/gochain/pkg/consensus/consensus.go:365.22,367.3 1 0
github.com/gochain/gochain/pkg/consensus/consensus.go:369.2,370.19 2 3
github.com/gochain/gochain/pkg/consensus/consensus.go:370.19,372.3 1 96
github.com/gochain/gochain/pkg/consensus/consensus.go:373.2,373.20 1 3
github.com/gochain/gochain/pkg/consensus/consensus.go:378.66,383.2 3 4
github.com/gochain/gochain/pkg/consensus/consensus.go:387.63,394.27 4 11
github.com/gochain/gochain/pkg/consensus/consensus.go:394.27,396.3 1 0
github.com/gochain/gochain/pkg/consensus/consensus.go:399.2,402.15 3 11
github.com/gochain/gochain/pkg/consensus/consensus.go:407.60,408.34 1 2339
github.com/gochain/gochain/pkg/consensus/consensus.go:408.34,409.26 1 2347
github.com/gochain/gochain/pkg/consensus/consensus.go:409.26,411.4 1 6
github.com/gochain/gochain/pkg/consensus/consensus.go:412.3,412.26 1 2341
github.com/gochain/gochain/pkg/consensus/consensus.go:412.26,414.4 1 2333
github.com/gochain/gochain/pkg/consensus/consensus.go:416.2,416.14 1 0
github.com/gochain/gochain/pkg/consensus/consensus.go:421.83,425.54 2 2
github.com/gochain/gochain/pkg/consensus/consensus.go:425.54,426.10 1 2335
github.com/gochain/gochain/pkg/consensus/consensus.go:427.19,428.39 1 0
github.com/gochain/gochain/pkg/consensus/consensus.go:429.11,429.11 0 2335
github.com/gochain/gochain/pkg/consensus/consensus.go:434.3,440.35 3 2335
github.com/gochain/gochain/pkg/consensus/consensus.go:440.35,442.4 1 2
github.com/gochain/gochain/pkg/consensus/consensus.go:445.2,445.49 1 0
github.com/gochain/gochain/pkg/consensus/consensus.go:450.63,458.68 4 3
github.com/gochain/gochain/pkg/consensus/consensus.go:458.68,460.3 1 0
github.com/gochain/gochain/pkg/consensus/consensus.go:463.2,463.69 1 3
github.com/gochain/gochain/pkg/consensus/consensus.go:463.69,465.3 1 0
github.com/gochain/gochain/pkg/consensus/consensus.go:470.40,473.59 2 0
github.com/gochain/gochain/pkg/consensus/consensus.go:473.59,476.3 1 0
github.com/gochain/gochain/pkg/consensus/consensus.go:479.2,480.25 2 0
github.com/gochain/gochain/pkg/consensus/consensus.go:480.25,482.3 1 0
github.com/gochain/gochain/pkg/consensus/consensus.go:485.2,487.21 3 0
github.com/gochain/gochain/pkg/consensus/consensus.go:487.21,489.3 1 0
github.com/gochain/gochain/pkg/consensus/consensus.go:492.2,501.64 4 0
github.com/gochain/gochain/pkg/consensus/consensus.go:501.64,503.3 1 0
github.com/gochain/gochain/pkg/consensus/consensus.go:504.2,504.60 1 0
github.com/gochain/gochain/pkg/consensus/consensus.go:504.60,506.3 1 0
github.com/gochain/gochain/pkg/consensus/consensus.go:509.2,513.44 3 0
github.com/gochain/gochain/pkg/consensus/consensus.go:513.44,515.3 1 0
github.com/gochain/gochain/pkg/consensus/consensus.go:516.2,516.44 1 0
github.com/gochain/gochain/pkg/consensus/consensus.go:516.44,518.3 1 0
github.com/gochain/gochain/pkg/consensus/consensus.go:520.2,524.57 3 0
github.com/gochain/gochain/pkg/consensus/consensus.go:528.44,533.2 3 3
github.com/gochain/gochain/pkg/consensus/consensus.go:536.40,541.2 3 3
github.com/gochain/gochain/pkg/consensus/consensus.go:545.48,550.69 3 2
github.com/gochain/gochain/pkg/consensus/consensus.go:550.69,553.42 2 0
github.com/gochain/gochain/pkg/consensus/consensus.go:553.42,555.4 1 0
github.com/gochain/gochain/pkg/consensus/consensus.go:556.3,561.33 4 0
github.com/gochain/gochain/pkg/consensus/consensus.go:561.33,563.4 1 0
github.com/gochain/gochain/pkg/consensus/consensus.go:563.9,563.40 1 0
github.com/gochain/gochain/pkg/consensus/consensus.go:563.40,565.4 1 0
github.com/gochain/gochain/pkg/consensus/consensus.go:565.9,565.40 1 0
github.com/gochain/gochain/pkg/consensus/consensus.go:565.40,567.4 1 0
github.com/gochain/gochain/pkg/consensus/consensus.go:567.9,567.40 1 0
github.com/gochain/gochain/pkg/consensus/consensus.go:567.40,569.4 1 0
github.com/gochain/gochain/pkg/consensus/consensus.go:572.3,572.46 1 0
github.com/gochain/gochain/pkg/consensus/consensus.go:572.46,574.4 1 0
github.com/gochain/gochain/pkg/consensus/consensus.go:575.3,575.46 1 0
github.com/gochain/gochain/pkg/consensus/consensus.go:575.46,577.4 1 0
github.com/gochain/gochain/pkg/consensus/consensus.go:579.3,579.24 1 0
github.com/gochain/gochain/pkg/consensus/consensus.go:582.2,582.21 1 2
github.com/gochain/gochain/pkg/consensus/consensus.go:586.55,600.2 11 1
github.com/gochain/gochain/pkg/consensus/consensus.go:603.37,609.2 3 1
