mode: atomic
github.com/gochain/gochain/pkg/contracts/consensus/consensus_integration.go:212.25,228.2 1 0
github.com/gochain/gochain/pkg/contracts/consensus/consensus_integration.go:231.88,236.2 3 0
github.com/gochain/gochain/pkg/contracts/consensus/consensus_integration.go:244.9,248.40 3 0
github.com/gochain/gochain/pkg/contracts/consensus/consensus_integration.go:248.40,250.3 1 0
github.com/gochain/gochain/pkg/contracts/consensus/consensus_integration.go:253.2,264.59 3 0
github.com/gochain/gochain/pkg/contracts/consensus/consensus_integration.go:264.59,267.3 2 0
github.com/gochain/gochain/pkg/contracts/consensus/consensus_integration.go:269.2,273.12 4 0
github.com/gochain/gochain/pkg/contracts/consensus/consensus_integration.go:281.28,282.38 1 0
github.com/gochain/gochain/pkg/contracts/consensus/consensus_integration.go:282.38,284.3 1 0
github.com/gochain/gochain/pkg/contracts/consensus/consensus_integration.go:286.2,286.69 1 0
github.com/gochain/gochain/pkg/contracts/consensus/consensus_integration.go:290.73,291.36 1 0
github.com/gochain/gochain/pkg/contracts/consensus/consensus_integration.go:291.36,293.3 1 0
github.com/gochain/gochain/pkg/contracts/consensus/consensus_integration.go:295.2,299.13 4 0
github.com/gochain/gochain/pkg/contracts/consensus/consensus_integration.go:299.13,301.3 1 0
github.com/gochain/gochain/pkg/contracts/consensus/consensus_integration.go:304.2,304.71 1 0
github.com/gochain/gochain/pkg/contracts/consensus/consensus_integration.go:304.71,306.3 1 0
github.com/gochain/gochain/pkg/contracts/consensus/consensus_integration.go:309.2,311.12 2 0
github.com/gochain/gochain/pkg/contracts/consensus/consensus_integration.go:315.100,320.53 4 0
github.com/gochain/gochain/pkg/contracts/consensus/consensus_integration.go:320.53,336.3 3 0
github.com/gochain/gochain/pkg/contracts/consensus/consensus_integration.go:338.2,338.12 1 0
github.com/gochain/gochain/pkg/contracts/consensus/consensus_integration.go:342.71,344.2 1 0
github.com/gochain/gochain/pkg/contracts/consensus/consensus_integration.go:350.9,354.47 2 0
github.com/gochain/gochain/pkg/contracts/consensus/consensus_integration.go:354.47,355.82 1 0
github.com/gochain/gochain/pkg/contracts/consensus/consensus_integration.go:355.82,357.4 1 0
github.com/gochain/gochain/pkg/contracts/consensus/consensus_integration.go:360.2,360.12 1 0
github.com/gochain/gochain/pkg/contracts/consensus/consensus_integration.go:367.9,389.16 5 0
github.com/gochain/gochain/pkg/contracts/consensus/consensus_integration.go:389.16,392.3 2 0
github.com/gochain/gochain/pkg/contracts/consensus/consensus_integration.go:395.2,400.45 3 0
github.com/gochain/gochain/pkg/contracts/consensus/consensus_integration.go:400.45,408.3 1 0
github.com/gochain/gochain/pkg/contracts/consensus/consensus_integration.go:410.2,427.12 6 0
github.com/gochain/gochain/pkg/contracts/consensus/consensus_integration.go:431.70,437.2 1 1
github.com/gochain/gochain/pkg/contracts/consensus/consensus_integration.go:444.28,459.66 5 0
github.com/gochain/gochain/pkg/contracts/consensus/consensus_integration.go:459.66,463.3 3 0
github.com/gochain/gochain/pkg/contracts/consensus/consensus_integration.go:466.2,466.37 1 0
github.com/gochain/gochain/pkg/contracts/consensus/consensus_integration.go:466.37,468.3 1 0
github.com/gochain/gochain/pkg/contracts/consensus/consensus_integration.go:468.8,470.3 1 0
github.com/gochain/gochain/pkg/contracts/consensus/consensus_integration.go:472.2,477.28 3 0
github.com/gochain/gochain/pkg/contracts/consensus/consensus_integration.go:483.9,491.40 2 0
github.com/gochain/gochain/pkg/contracts/consensus/consensus_integration.go:491.40,499.3 1 0
github.com/gochain/gochain/pkg/contracts/consensus/consensus_integration.go:501.2,501.12 1 0
github.com/gochain/gochain/pkg/contracts/consensus/consensus_integration.go:505.80,516.2 1 1
github.com/gochain/gochain/pkg/contracts/consensus/consensus_integration.go:519.97,533.45 6 0
github.com/gochain/gochain/pkg/contracts/consensus/consensus_integration.go:533.45,535.3 1 0
github.com/gochain/gochain/pkg/contracts/consensus/consensus_integration.go:536.2,539.76 2 0
github.com/gochain/gochain/pkg/contracts/consensus/consensus_integration.go:543.55,555.2 3 0
github.com/gochain/gochain/pkg/contracts/consensus/state_transitions.go:118.27,134.2 1 0
github.com/gochain/gochain/pkg/contracts/consensus/state_transitions.go:137.91,142.2 3 0
github.com/gochain/gochain/pkg/contracts/consensus/state_transitions.go:149.9,153.50 3 0
github.com/gochain/gochain/pkg/contracts/consensus/state_transitions.go:153.50,155.3 1 0
github.com/gochain/gochain/pkg/contracts/consensus/state_transitions.go:157.2,173.12 5 0
github.com/gochain/gochain/pkg/contracts/consensus/state_transitions.go:180.9,185.52 3 0
github.com/gochain/gochain/pkg/contracts/consensus/state_transitions.go:185.52,189.3 3 0
github.com/gochain/gochain/pkg/contracts/consensus/state_transitions.go:192.2,196.38 3 0
github.com/gochain/gochain/pkg/contracts/consensus/state_transitions.go:196.38,197.57 1 0
github.com/gochain/gochain/pkg/contracts/consensus/state_transitions.go:197.57,201.4 3 0
github.com/gochain/gochain/pkg/contracts/consensus/state_transitions.go:205.2,206.51 2 0
github.com/gochain/gochain/pkg/contracts/consensus/state_transitions.go:206.51,210.3 3 0
github.com/gochain/gochain/pkg/contracts/consensus/state_transitions.go:213.2,218.50 4 0
github.com/gochain/gochain/pkg/contracts/consensus/state_transitions.go:218.50,220.3 1 0
github.com/gochain/gochain/pkg/contracts/consensus/state_transitions.go:221.2,226.12 4 0
github.com/gochain/gochain/pkg/contracts/consensus/state_transitions.go:230.76,234.32 3 0
github.com/gochain/gochain/pkg/contracts/consensus/state_transitions.go:234.32,236.3 1 0
github.com/gochain/gochain/pkg/contracts/consensus/state_transitions.go:238.2,239.13 2 0
github.com/gochain/gochain/pkg/contracts/consensus/state_transitions.go:239.13,241.3 1 0
github.com/gochain/gochain/pkg/contracts/consensus/state_transitions.go:244.2,244.48 1 0
github.com/gochain/gochain/pkg/contracts/consensus/state_transitions.go:244.48,246.59 2 0
github.com/gochain/gochain/pkg/contracts/consensus/state_transitions.go:246.59,247.54 1 0
github.com/gochain/gochain/pkg/contracts/consensus/state_transitions.go:247.54,249.5 1 0
github.com/gochain/gochain/pkg/contracts/consensus/state_transitions.go:250.4,250.43 1 0
github.com/gochain/gochain/pkg/contracts/consensus/state_transitions.go:255.2,257.12 2 0
github.com/gochain/gochain/pkg/contracts/consensus/state_transitions.go:261.86,265.58 3 0
github.com/gochain/gochain/pkg/contracts/consensus/state_transitions.go:265.58,290.42 3 0
github.com/gochain/gochain/pkg/contracts/consensus/state_transitions.go:290.42,298.4 1 0
github.com/gochain/gochain/pkg/contracts/consensus/state_transitions.go:300.3,300.16 1 0
github.com/gochain/gochain/pkg/contracts/consensus/state_transitions.go:303.2,303.12 1 0
github.com/gochain/gochain/pkg/contracts/consensus/state_transitions.go:307.101,312.13 4 0
github.com/gochain/gochain/pkg/contracts/consensus/state_transitions.go:312.13,314.3 1 0
github.com/gochain/gochain/pkg/contracts/consensus/state_transitions.go:316.2,317.38 2 0
github.com/gochain/gochain/pkg/contracts/consensus/state_transitions.go:317.38,318.59 1 0
github.com/gochain/gochain/pkg/contracts/consensus/state_transitions.go:318.59,320.4 1 0
github.com/gochain/gochain/pkg/contracts/consensus/state_transitions.go:323.2,323.21 1 0
github.com/gochain/gochain/pkg/contracts/consensus/state_transitions.go:327.74,338.2 3 0
github.com/gochain/gochain/pkg/contracts/consensus/state_transitions.go:341.88,342.39 1 0
github.com/gochain/gochain/pkg/contracts/consensus/state_transitions.go:342.39,344.3 1 0
github.com/gochain/gochain/pkg/contracts/consensus/state_transitions.go:346.2,346.37 1 0
github.com/gochain/gochain/pkg/contracts/consensus/state_transitions.go:346.37,348.3 1 0
github.com/gochain/gochain/pkg/contracts/consensus/state_transitions.go:350.2,350.22 1 0
github.com/gochain/gochain/pkg/contracts/consensus/state_transitions.go:350.22,352.3 1 0
github.com/gochain/gochain/pkg/contracts/consensus/state_transitions.go:354.2,354.51 1 0
github.com/gochain/gochain/pkg/contracts/consensus/state_transitions.go:354.51,356.3 1 0
github.com/gochain/gochain/pkg/contracts/consensus/state_transitions.go:358.2,358.12 1 0
github.com/gochain/gochain/pkg/contracts/consensus/state_transitions.go:361.92,373.43 2 0
github.com/gochain/gochain/pkg/contracts/consensus/state_transitions.go:373.43,374.20 1 0
github.com/gochain/gochain/pkg/contracts/consensus/state_transitions.go:374.20,375.12 1 0
github.com/gochain/gochain/pkg/contracts/consensus/state_transitions.go:378.3,378.103 1 0
github.com/gochain/gochain/pkg/contracts/consensus/state_transitions.go:378.103,380.4 1 0
github.com/gochain/gochain/pkg/contracts/consensus/state_transitions.go:383.2,383.12 1 0
github.com/gochain/gochain/pkg/contracts/consensus/state_transitions.go:386.87,405.38 3 0
github.com/gochain/gochain/pkg/contracts/consensus/state_transitions.go:405.38,406.57 1 0
github.com/gochain/gochain/pkg/contracts/consensus/state_transitions.go:406.57,408.4 1 0
github.com/gochain/gochain/pkg/contracts/consensus/state_transitions.go:411.2,411.12 1 0
github.com/gochain/gochain/pkg/contracts/consensus/state_transitions.go:414.88,419.45 1 0
github.com/gochain/gochain/pkg/contracts/consensus/state_transitions.go:419.45,421.3 1 0
github.com/gochain/gochain/pkg/contracts/consensus/state_transitions.go:421.8,421.49 1 0
github.com/gochain/gochain/pkg/contracts/consensus/state_transitions.go:421.49,423.3 1 0
github.com/gochain/gochain/pkg/contracts/consensus/state_transitions.go:425.2,425.12 1 0
github.com/gochain/gochain/pkg/contracts/consensus/state_transitions.go:428.58,430.50 1 0
github.com/gochain/gochain/pkg/contracts/consensus/state_transitions.go:430.50,431.53 1 0
github.com/gochain/gochain/pkg/contracts/consensus/state_transitions.go:431.53,432.75 1 0
github.com/gochain/gochain/pkg/contracts/consensus/state_transitions.go:432.75,434.5 1 0
