mode: atomic
github.com/gochain/gochain/pkg/explorer/data/blockchain_provider.go:22.127,28.2 1 17
github.com/gochain/gochain/pkg/explorer/data/blockchain_provider.go:31.74,33.20 1 5
github.com/gochain/gochain/pkg/explorer/data/blockchain_provider.go:33.21,36.3 0 0
github.com/gochain/gochain/pkg/explorer/data/blockchain_provider.go:39.2,40.16 2 5
github.com/gochain/gochain/pkg/explorer/data/blockchain_provider.go:40.16,42.3 1 0
github.com/gochain/gochain/pkg/explorer/data/blockchain_provider.go:44.2,44.18 1 5
github.com/gochain/gochain/pkg/explorer/data/blockchain_provider.go:44.18,46.3 1 2
github.com/gochain/gochain/pkg/explorer/data/blockchain_provider.go:48.2,48.19 1 3
github.com/gochain/gochain/pkg/explorer/data/blockchain_provider.go:52.84,57.20 1 7
github.com/gochain/gochain/pkg/explorer/data/blockchain_provider.go:57.21,60.3 0 0
github.com/gochain/gochain/pkg/explorer/data/blockchain_provider.go:64.2,64.36 1 7
github.com/gochain/gochain/pkg/explorer/data/blockchain_provider.go:68.69,69.20 1 3
github.com/gochain/gochain/pkg/explorer/data/blockchain_provider.go:69.21,72.3 0 0
github.com/gochain/gochain/pkg/explorer/data/blockchain_provider.go:76.2,78.16 3 3
github.com/gochain/gochain/pkg/explorer/data/blockchain_provider.go:78.16,80.3 1 0
github.com/gochain/gochain/pkg/explorer/data/blockchain_provider.go:82.2,82.17 1 3
github.com/gochain/gochain/pkg/explorer/data/blockchain_provider.go:82.17,84.3 1 1
github.com/gochain/gochain/pkg/explorer/data/blockchain_provider.go:86.2,88.16 3 2
github.com/gochain/gochain/pkg/explorer/data/blockchain_provider.go:88.16,90.3 1 0
github.com/gochain/gochain/pkg/explorer/data/blockchain_provider.go:92.2,92.19 1 2
github.com/gochain/gochain/pkg/explorer/data/blockchain_provider.go:96.54,97.20 1 8
github.com/gochain/gochain/pkg/explorer/data/blockchain_provider.go:97.21,100.3 0 0
github.com/gochain/gochain/pkg/explorer/data/blockchain_provider.go:103.2,105.16 3 8
github.com/gochain/gochain/pkg/explorer/data/blockchain_provider.go:105.16,107.3 1 0
github.com/gochain/gochain/pkg/explorer/data/blockchain_provider.go:109.2,109.17 1 8
github.com/gochain/gochain/pkg/explorer/data/blockchain_provider.go:109.17,111.3 1 0
github.com/gochain/gochain/pkg/explorer/data/blockchain_provider.go:114.2,114.20 1 8
github.com/gochain/gochain/pkg/explorer/data/blockchain_provider.go:114.20,118.3 2 8
github.com/gochain/gochain/pkg/explorer/data/blockchain_provider.go:120.2,120.10 1 0
github.com/gochain/gochain/pkg/explorer/data/blockchain_provider.go:124.86,126.24 1 1
github.com/gochain/gochain/pkg/explorer/data/blockchain_provider.go:126.25,129.3 0 1
github.com/gochain/gochain/pkg/explorer/data/blockchain_provider.go:132.2,132.40 1 1
github.com/gochain/gochain/pkg/explorer/data/blockchain_provider.go:136.101,138.16 2 2
github.com/gochain/gochain/pkg/explorer/data/blockchain_provider.go:138.16,140.3 1 1
github.com/gochain/gochain/pkg/explorer/data/blockchain_provider.go:142.2,142.32 1 1
github.com/gochain/gochain/pkg/explorer/data/blockchain_provider.go:146.85,150.2 1 1
github.com/gochain/gochain/pkg/explorer/data/blockchain_provider.go:153.80,154.24 1 5
github.com/gochain/gochain/pkg/explorer/data/blockchain_provider.go:154.24,158.17 2 1
github.com/gochain/gochain/pkg/explorer/data/blockchain_provider.go:158.17,160.4 1 0
github.com/gochain/gochain/pkg/explorer/data/blockchain_provider.go:162.3,163.30 2 1
github.com/gochain/gochain/pkg/explorer/data/blockchain_provider.go:163.30,165.4 1 0
github.com/gochain/gochain/pkg/explorer/data/blockchain_provider.go:166.3,166.22 1 1
github.com/gochain/gochain/pkg/explorer/data/blockchain_provider.go:169.2,169.50 1 4
github.com/gochain/gochain/pkg/explorer/data/blockchain_provider.go:173.118,183.30 4 2
github.com/gochain/gochain/pkg/explorer/data/blockchain_provider.go:183.30,185.3 1 2
github.com/gochain/gochain/pkg/explorer/data/blockchain_provider.go:185.8,187.3 1 0
github.com/gochain/gochain/pkg/explorer/data/blockchain_provider.go:190.2,191.34 2 2
github.com/gochain/gochain/pkg/explorer/data/blockchain_provider.go:191.34,193.3 1 0
github.com/gochain/gochain/pkg/explorer/data/blockchain_provider.go:193.8,195.3 1 2
github.com/gochain/gochain/pkg/explorer/data/blockchain_provider.go:199.2,199.58 1 2
github.com/gochain/gochain/pkg/explorer/data/blockchain_provider.go:199.58,201.33 2 2
github.com/gochain/gochain/pkg/explorer/data/blockchain_provider.go:201.33,202.12 1 2
github.com/gochain/gochain/pkg/explorer/data/blockchain_provider.go:205.3,205.41 1 0
github.com/gochain/gochain/pkg/explorer/data/blockchain_provider.go:205.41,207.49 1 0
github.com/gochain/gochain/pkg/explorer/data/blockchain_provider.go:207.49,209.35 2 0
github.com/gochain/gochain/pkg/explorer/data/blockchain_provider.go:209.35,210.11 1 0
github.com/gochain/gochain/pkg/explorer/data/blockchain_provider.go:215.3,215.33 1 0
github.com/gochain/gochain/pkg/explorer/data/blockchain_provider.go:215.33,216.9 1 0
github.com/gochain/gochain/pkg/explorer/data/blockchain_provider.go:220.2,220.26 1 2
github.com/gochain/gochain/pkg/explorer/data/blockchain_provider.go:224.87,228.2 1 2
github.com/gochain/gochain/pkg/explorer/data/blockchain_provider.go:231.85,236.16 3 1
github.com/gochain/gochain/pkg/explorer/data/blockchain_provider.go:236.16,238.3 1 0
github.com/gochain/gochain/pkg/explorer/data/blockchain_provider.go:241.2,265.19 7 1
github.com/gochain/gochain/pkg/explorer/data/blockchain_provider.go:269.77,282.2 2 1
github.com/gochain/gochain/pkg/explorer/data/blockchain_provider.go:287.91,294.31 3 7
github.com/gochain/gochain/pkg/explorer/data/blockchain_provider.go:294.31,297.17 3 3
github.com/gochain/gochain/pkg/explorer/data/blockchain_provider.go:297.17,299.4 1 3
github.com/gochain/gochain/pkg/explorer/data/blockchain_provider.go:304.2,304.70 1 4
github.com/gochain/gochain/pkg/explorer/data/blockchain_provider.go:308.97,312.39 2 1
github.com/gochain/gochain/pkg/explorer/data/blockchain_provider.go:312.39,314.33 2 2
github.com/gochain/gochain/pkg/explorer/data/blockchain_provider.go:314.33,315.12 1 1
github.com/gochain/gochain/pkg/explorer/data/blockchain_provider.go:318.3,318.41 1 1
github.com/gochain/gochain/pkg/explorer/data/blockchain_provider.go:318.41,319.41 1 0
github.com/gochain/gochain/pkg/explorer/data/blockchain_provider.go:319.41,321.5 1 0
github.com/gochain/gochain/pkg/explorer/data/blockchain_provider.go:325.2,325.49 1 1
github.com/gochain/gochain/pkg/explorer/data/blockchain_provider.go:329.101,334.34 1 11
github.com/gochain/gochain/pkg/explorer/data/blockchain_provider.go:334.34,336.67 1 10
github.com/gochain/gochain/pkg/explorer/data/blockchain_provider.go:336.67,338.4 1 3
github.com/gochain/gochain/pkg/explorer/data/blockchain_provider.go:342.2,342.36 1 8
github.com/gochain/gochain/pkg/explorer/data/blockchain_provider.go:342.36,344.75 1 4
github.com/gochain/gochain/pkg/explorer/data/blockchain_provider.go:344.75,346.4 1 2
github.com/gochain/gochain/pkg/explorer/data/blockchain_provider.go:349.2,349.14 1 6
github.com/gochain/gochain/pkg/explorer/data/blockchain_provider.go:353.65,358.2 2 2
github.com/gochain/gochain/pkg/explorer/data/blockchain_provider.go:361.62,366.2 2 2
github.com/gochain/gochain/pkg/explorer/data/blockchain_provider.go:369.60,373.2 1 2
github.com/gochain/gochain/pkg/explorer/data/blockchain_provider.go:376.66,380.2 1 2
github.com/gochain/gochain/pkg/explorer/data/cache_provider.go:33.51,40.2 1 13
github.com/gochain/gochain/pkg/explorer/data/cache_provider.go:43.61,48.13 4 11026
github.com/gochain/gochain/pkg/explorer/data/cache_provider.go:48.13,51.3 2 6
github.com/gochain/gochain/pkg/explorer/data/cache_provider.go:54.2,54.40 1 11020
github.com/gochain/gochain/pkg/explorer/data/cache_provider.go:54.40,64.3 8 5
github.com/gochain/gochain/pkg/explorer/data/cache_provider.go:66.2,67.26 2 11015
github.com/gochain/gochain/pkg/explorer/data/cache_provider.go:71.79,79.53 4 11028
github.com/gochain/gochain/pkg/explorer/data/cache_provider.go:79.53,81.3 1 6
github.com/gochain/gochain/pkg/explorer/data/cache_provider.go:84.2,90.13 2 11028
github.com/gochain/gochain/pkg/explorer/data/cache_provider.go:90.13,92.3 1 11027
github.com/gochain/gochain/pkg/explorer/data/cache_provider.go:94.2,94.22 1 11028
github.com/gochain/gochain/pkg/explorer/data/cache_provider.go:98.44,102.39 3 1004
github.com/gochain/gochain/pkg/explorer/data/cache_provider.go:102.39,105.3 2 1003
github.com/gochain/gochain/pkg/explorer/data/cache_provider.go:109.33,116.2 5 4
github.com/gochain/gochain/pkg/explorer/data/cache_provider.go:119.55,125.15 5 5
github.com/gochain/gochain/pkg/explorer/data/cache_provider.go:125.15,127.3 1 2
github.com/gochain/gochain/pkg/explorer/data/cache_provider.go:129.2,135.3 1 5
github.com/gochain/gochain/pkg/explorer/data/cache_provider.go:139.39,150.34 3 6
github.com/gochain/gochain/pkg/explorer/data/cache_provider.go:150.34,155.3 1 11
github.com/gochain/gochain/pkg/explorer/data/cache_provider.go:159.2,159.38 1 6
github.com/gochain/gochain/pkg/explorer/data/cache_provider.go:159.38,164.3 3 5
github.com/gochain/gochain/pkg/explorer/data/cache_provider.go:169.34,173.2 3 11017
github.com/gochain/gochain/pkg/explorer/data/cache_provider.go:175.35,179.2 3 13
github.com/gochain/gochain/pkg/explorer/data/cache_provider.go:181.36,185.2 3 11054
github.com/gochain/gochain/pkg/explorer/data/cache_provider.go:187.37,191.2 3 11031
github.com/gochain/gochain/pkg/explorer/data/cache_provider.go:193.37,196.16 3 1016
github.com/gochain/gochain/pkg/explorer/data/cache_provider.go:196.16,198.3 1 1015
github.com/gochain/gochain/pkg/explorer/data/cache_provider.go:201.34,205.2 3 6
github.com/gochain/gochain/pkg/explorer/data/cache_provider.go:207.35,212.2 4 4
github.com/gochain/gochain/pkg/explorer/data/search_provider.go:19.97,23.2 1 8
github.com/gochain/gochain/pkg/explorer/data/search_provider.go:26.84,29.17 2 11
github.com/gochain/gochain/pkg/explorer/data/search_provider.go:29.17,34.3 1 2
github.com/gochain/gochain/pkg/explorer/data/search_provider.go:39.2,39.44 1 9
github.com/gochain/gochain/pkg/explorer/data/search_provider.go:39.44,41.17 2 2
github.com/gochain/gochain/pkg/explorer/data/search_provider.go:41.17,44.34 2 2
github.com/gochain/gochain/pkg/explorer/data/search_provider.go:44.34,60.5 2 1
github.com/gochain/gochain/pkg/explorer/data/search_provider.go:65.2,65.44 1 8
github.com/gochain/gochain/pkg/explorer/data/search_provider.go:65.44,67.17 2 1
github.com/gochain/gochain/pkg/explorer/data/search_provider.go:67.17,70.31 2 1
github.com/gochain/gochain/pkg/explorer/data/search_provider.go:70.31,73.35 2 1
github.com/gochain/gochain/pkg/explorer/data/search_provider.go:73.35,91.6 2 1
github.com/gochain/gochain/pkg/explorer/data/search_provider.go:97.2,97.67 1 7
github.com/gochain/gochain/pkg/explorer/data/search_provider.go:97.67,100.17 2 1
github.com/gochain/gochain/pkg/explorer/data/search_provider.go:100.17,114.4 2 1
github.com/gochain/gochain/pkg/explorer/data/search_provider.go:118.2,118.28 1 6
github.com/gochain/gochain/pkg/explorer/data/search_provider.go:118.28,120.17 2 1
github.com/gochain/gochain/pkg/explorer/data/search_provider.go:120.17,122.34 2 1
github.com/gochain/gochain/pkg/explorer/data/search_provider.go:122.34,138.5 2 1
github.com/gochain/gochain/pkg/explorer/data/search_provider.go:143.2,149.8 2 5
github.com/gochain/gochain/pkg/explorer/data/search_provider.go:153.111,164.19 5 5
github.com/gochain/gochain/pkg/explorer/data/search_provider.go:164.19,166.3 1 0
github.com/gochain/gochain/pkg/explorer/data/search_provider.go:168.2,168.54 1 5
github.com/gochain/gochain/pkg/explorer/data/search_provider.go:168.54,170.33 2 124
github.com/gochain/gochain/pkg/explorer/data/search_provider.go:170.33,171.12 1 18
github.com/gochain/gochain/pkg/explorer/data/search_provider.go:175.3,175.40 1 106
github.com/gochain/gochain/pkg/explorer/data/search_provider.go:175.40,187.29 3 106
github.com/gochain/gochain/pkg/explorer/data/search_provider.go:187.29,188.10 1 3
github.com/gochain/gochain/pkg/explorer/data/search_provider.go:193.2,193.21 1 5
github.com/gochain/gochain/pkg/explorer/data/search_provider.go:197.123,208.19 5 4
github.com/gochain/gochain/pkg/explorer/data/search_provider.go:208.19,210.3 1 0
github.com/gochain/gochain/pkg/explorer/data/search_provider.go:212.2,212.54 1 4
github.com/gochain/gochain/pkg/explorer/data/search_provider.go:212.54,214.33 2 8
github.com/gochain/gochain/pkg/explorer/data/search_provider.go:214.33,215.12 1 2
github.com/gochain/gochain/pkg/explorer/data/search_provider.go:218.3,218.41 1 6
github.com/gochain/gochain/pkg/explorer/data/search_provider.go:218.41,219.44 1 6
github.com/gochain/gochain/pkg/explorer/data/search_provider.go:219.44,233.30 3 6
github.com/gochain/gochain/pkg/explorer/data/search_provider.go:233.30,234.11 1 2
github.com/gochain/gochain/pkg/explorer/data/search_provider.go:239.3,239.28 1 6
github.com/gochain/gochain/pkg/explorer/data/search_provider.go:239.28,240.9 1 2
github.com/gochain/gochain/pkg/explorer/data/search_provider.go:244.2,244.21 1 4
github.com/gochain/gochain/pkg/explorer/data/search_provider.go:248.116,255.2 1 4
github.com/gochain/gochain/pkg/explorer/data/search_provider.go:260.90,264.39 2 2
github.com/gochain/gochain/pkg/explorer/data/search_provider.go:264.39,266.33 2 502
github.com/gochain/gochain/pkg/explorer/data/search_provider.go:266.33,267.12 1 499
github.com/gochain/gochain/pkg/explorer/data/search_provider.go:270.3,270.41 1 3
github.com/gochain/gochain/pkg/explorer/data/search_provider.go:270.41,271.41 1 4
github.com/gochain/gochain/pkg/explorer/data/search_provider.go:271.41,273.5 1 2
github.com/gochain/gochain/pkg/explorer/data/search_provider.go:277.2,277.49 1 0
github.com/gochain/gochain/pkg/explorer/data/search_provider.go:281.89,283.17 1 108
github.com/gochain/gochain/pkg/explorer/data/search_provider.go:283.17,285.3 1 106
github.com/gochain/gochain/pkg/explorer/data/search_provider.go:287.2,288.72 2 2
github.com/gochain/gochain/pkg/explorer/data/search_provider.go:288.72,290.3 1 0
github.com/gochain/gochain/pkg/explorer/data/search_provider.go:292.2,293.40 2 2
github.com/gochain/gochain/pkg/explorer/data/search_provider.go:293.40,295.3 1 1
github.com/gochain/gochain/pkg/explorer/data/search_provider.go:296.2,296.14 1 1
github.com/gochain/gochain/pkg/explorer/data/search_provider.go:300.98,302.17 1 8
github.com/gochain/gochain/pkg/explorer/data/search_provider.go:302.17,304.3 1 6
github.com/gochain/gochain/pkg/explorer/data/search_provider.go:306.2,307.72 2 2
github.com/gochain/gochain/pkg/explorer/data/search_provider.go:307.72,309.3 1 0
github.com/gochain/gochain/pkg/explorer/data/search_provider.go:311.2,312.72 2 2
github.com/gochain/gochain/pkg/explorer/data/search_provider.go:312.72,314.3 1 1
github.com/gochain/gochain/pkg/explorer/data/search_provider.go:315.2,315.14 1 1
github.com/gochain/gochain/pkg/explorer/data/search_provider.go:319.75,329.17 2 6
github.com/gochain/gochain/pkg/explorer/data/search_provider.go:329.17,331.3 1 6
github.com/gochain/gochain/pkg/explorer/data/search_provider.go:333.2,333.20 1 6
github.com/gochain/gochain/pkg/explorer/data/search_provider.go:339.33,340.13 1 8
github.com/gochain/gochain/pkg/explorer/data/search_provider.go:340.13,342.3 1 1
github.com/gochain/gochain/pkg/explorer/data/search_provider.go:343.2,343.22 1 7
github.com/gochain/gochain/pkg/explorer/data/search_provider.go:343.22,344.84 1 242
github.com/gochain/gochain/pkg/explorer/data/search_provider.go:344.84,346.4 1 2
github.com/gochain/gochain/pkg/explorer/data/search_provider.go:348.2,348.13 1 5
github.com/gochain/gochain/pkg/explorer/data/search_provider.go:352.36,353.13 1 7
github.com/gochain/gochain/pkg/explorer/data/search_provider.go:353.13,355.3 1 1
github.com/gochain/gochain/pkg/explorer/data/search_provider.go:356.2,357.22 2 6
github.com/gochain/gochain/pkg/explorer/data/search_provider.go:357.22,358.44 1 117
github.com/gochain/gochain/pkg/explorer/data/search_provider.go:358.44,360.4 1 3
github.com/gochain/gochain/pkg/explorer/data/search_provider.go:362.2,362.13 1 3
github.com/gochain/gochain/pkg/explorer/data/search_provider.go:366.37,367.13 1 11
github.com/gochain/gochain/pkg/explorer/data/search_provider.go:367.13,369.3 1 1
github.com/gochain/gochain/pkg/explorer/data/search_provider.go:370.2,370.22 1 10
github.com/gochain/gochain/pkg/explorer/data/search_provider.go:370.22,371.25 1 24
github.com/gochain/gochain/pkg/explorer/data/search_provider.go:371.25,373.4 1 7
github.com/gochain/gochain/pkg/explorer/data/search_provider.go:375.2,375.13 1 3
github.com/gochain/gochain/pkg/explorer/data/search_provider.go:379.44,380.13 1 4
github.com/gochain/gochain/pkg/explorer/data/search_provider.go:380.13,382.3 1 1
github.com/gochain/gochain/pkg/explorer/data/search_provider.go:383.2,384.22 2 3
github.com/gochain/gochain/pkg/explorer/data/search_provider.go:384.22,385.25 1 14
github.com/gochain/gochain/pkg/explorer/data/search_provider.go:385.25,387.4 1 1
github.com/gochain/gochain/pkg/explorer/data/search_provider.go:388.3,388.37 1 13
github.com/gochain/gochain/pkg/explorer/data/search_provider.go:390.2,390.20 1 2
