mode: atomic
github.com/gochain/gochain/pkg/health/blockchain_checks.go:17.68,22.2 1 0
github.com/gochain/gochain/pkg/health/blockchain_checks.go:25.44,27.2 1 0
github.com/gochain/gochain/pkg/health/blockchain_checks.go:30.58,37.22 4 0
github.com/gochain/gochain/pkg/health/blockchain_checks.go:37.22,49.3 1 0
github.com/gochain/gochain/pkg/health/blockchain_checks.go:52.2,53.25 2 0
github.com/gochain/gochain/pkg/health/blockchain_checks.go:53.25,65.3 1 0
github.com/gochain/gochain/pkg/health/blockchain_checks.go:68.2,68.49 1 0
github.com/gochain/gochain/pkg/health/blockchain_checks.go:68.49,71.26 2 0
github.com/gochain/gochain/pkg/health/blockchain_checks.go:71.26,83.4 1 0
github.com/gochain/gochain/pkg/health/blockchain_checks.go:87.2,92.28 4 0
github.com/gochain/gochain/pkg/health/blockchain_checks.go:92.28,108.3 1 0
github.com/gochain/gochain/pkg/health/blockchain_checks.go:111.2,111.38 1 0
github.com/gochain/gochain/pkg/health/blockchain_checks.go:111.38,127.3 1 0
github.com/gochain/gochain/pkg/health/blockchain_checks.go:130.2,144.8 1 0
github.com/gochain/gochain/pkg/health/health.go:46.52,53.2 1 9
github.com/gochain/gochain/pkg/health/health.go:56.66,66.2 5 10
github.com/gochain/gochain/pkg/health/health.go:69.58,75.2 4 1
github.com/gochain/gochain/pkg/health/health.go:78.117,82.54 3 1
github.com/gochain/gochain/pkg/health/health.go:82.54,87.3 4 1
github.com/gochain/gochain/pkg/health/health.go:91.51,95.29 3 9
github.com/gochain/gochain/pkg/health/health.go:95.29,97.3 1 3
github.com/gochain/gochain/pkg/health/health.go:99.2,102.42 3 6
github.com/gochain/gochain/pkg/health/health.go:102.42,103.27 1 9
github.com/gochain/gochain/pkg/health/health.go:104.24,105.20 1 1
github.com/gochain/gochain/pkg/health/health.go:106.23,107.19 1 2
github.com/gochain/gochain/pkg/health/health.go:111.2,111.24 1 6
github.com/gochain/gochain/pkg/health/health.go:111.24,113.3 1 1
github.com/gochain/gochain/pkg/health/health.go:115.2,115.23 1 5
github.com/gochain/gochain/pkg/health/health.go:115.23,117.3 1 1
github.com/gochain/gochain/pkg/health/health.go:119.2,119.22 1 4
github.com/gochain/gochain/pkg/health/health.go:123.66,154.45 7 2
github.com/gochain/gochain/pkg/health/health.go:154.45,156.3 1 2
github.com/gochain/gochain/pkg/health/health.go:158.2,158.15 1 2
github.com/gochain/gochain/pkg/health/health.go:162.43,165.38 3 1
github.com/gochain/gochain/pkg/health/health.go:165.38,167.3 1 1
github.com/gochain/gochain/pkg/health/health.go:168.2,172.35 3 1
github.com/gochain/gochain/pkg/health/health.go:172.35,174.28 2 1
github.com/gochain/gochain/pkg/health/health.go:174.28,177.4 2 1
github.com/gochain/gochain/pkg/health/health.go:179.2,179.11 1 1
github.com/gochain/gochain/pkg/health/health.go:183.66,188.16 4 1
github.com/gochain/gochain/pkg/health/health.go:188.16,191.3 2 0
github.com/gochain/gochain/pkg/health/health.go:193.2,198.16 5 1
github.com/gochain/gochain/pkg/health/health.go:202.57,205.2 2 1
github.com/gochain/gochain/pkg/health/health.go:208.42,210.2 1 1
github.com/gochain/gochain/pkg/health/health.go:213.76,219.2 4 4
github.com/gochain/gochain/pkg/health/health.go:222.60,227.32 4 1
github.com/gochain/gochain/pkg/health/health.go:227.32,229.3 1 1
github.com/gochain/gochain/pkg/health/health.go:230.2,230.19 1 1
github.com/gochain/gochain/pkg/health/health.go:234.49,239.2 3 4
