mode: atomic
github.com/gochain/gochain/pkg/logger/logger.go:23.32,24.11 1 229
github.com/gochain/gochain/pkg/logger/logger.go:25.13,26.17 1 3
github.com/gochain/gochain/pkg/logger/logger.go:27.12,28.16 1 212
github.com/gochain/gochain/pkg/logger/logger.go:29.12,30.16 1 5
github.com/gochain/gochain/pkg/logger/logger.go:31.13,32.17 1 5
github.com/gochain/gochain/pkg/logger/logger.go:33.13,34.17 1 3
github.com/gochain/gochain/pkg/logger/logger.go:35.10,36.19 1 1
github.com/gochain/gochain/pkg/logger/logger.go:64.30,75.2 1 2
github.com/gochain/gochain/pkg/logger/logger.go:78.40,79.19 1 21
github.com/gochain/gochain/pkg/logger/logger.go:79.19,81.3 1 1
github.com/gochain/gochain/pkg/logger/logger.go:83.2,93.26 2 21
github.com/gochain/gochain/pkg/logger/logger.go:93.26,95.3 1 12
github.com/gochain/gochain/pkg/logger/logger.go:98.2,98.26 1 21
github.com/gochain/gochain/pkg/logger/logger.go:98.26,99.57 1 5
github.com/gochain/gochain/pkg/logger/logger.go:99.57,103.4 2 1
github.com/gochain/gochain/pkg/logger/logger.go:106.2,106.15 1 21
github.com/gochain/gochain/pkg/logger/logger.go:110.57,113.47 2 5
github.com/gochain/gochain/pkg/logger/logger.go:113.47,115.3 1 1
github.com/gochain/gochain/pkg/logger/logger.go:118.2,119.16 2 4
github.com/gochain/gochain/pkg/logger/logger.go:119.16,121.3 1 0
github.com/gochain/gochain/pkg/logger/logger.go:123.2,129.12 4 4
github.com/gochain/gochain/pkg/logger/logger.go:133.48,137.21 3 4
github.com/gochain/gochain/pkg/logger/logger.go:137.21,138.20 1 0
github.com/gochain/gochain/pkg/logger/logger.go:138.20,139.12 1 0
github.com/gochain/gochain/pkg/logger/logger.go:143.3,144.17 2 0
github.com/gochain/gochain/pkg/logger/logger.go:144.17,145.12 1 0
github.com/gochain/gochain/pkg/logger/logger.go:148.3,148.36 1 0
github.com/gochain/gochain/pkg/logger/logger.go:148.36,150.4 1 0
github.com/gochain/gochain/pkg/logger/logger.go:155.45,156.19 1 0
github.com/gochain/gochain/pkg/logger/logger.go:156.19,158.3 1 0
github.com/gochain/gochain/pkg/logger/logger.go:161.2,164.45 2 0
github.com/gochain/gochain/pkg/logger/logger.go:164.45,168.45 3 0
github.com/gochain/gochain/pkg/logger/logger.go:168.45,170.4 1 0
github.com/gochain/gochain/pkg/logger/logger.go:174.2,179.16 4 0
github.com/gochain/gochain/pkg/logger/logger.go:179.16,183.3 2 0
github.com/gochain/gochain/pkg/logger/logger.go:185.2,186.17 2 0
github.com/gochain/gochain/pkg/logger/logger.go:190.71,191.21 1 114
github.com/gochain/gochain/pkg/logger/logger.go:191.21,193.3 1 2
github.com/gochain/gochain/pkg/logger/logger.go:195.2,198.15 3 112
github.com/gochain/gochain/pkg/logger/logger.go:198.15,200.3 1 1
github.com/gochain/gochain/pkg/logger/logger.go:200.8,202.3 1 111
github.com/gochain/gochain/pkg/logger/logger.go:206.66,209.2 1 111
github.com/gochain/gochain/pkg/logger/logger.go:212.66,217.2 2 1
github.com/gochain/gochain/pkg/logger/logger.go:220.60,222.2 1 2
github.com/gochain/gochain/pkg/logger/logger.go:225.59,227.2 1 107
github.com/gochain/gochain/pkg/logger/logger.go:230.59,232.2 1 2
github.com/gochain/gochain/pkg/logger/logger.go:235.60,237.2 1 2
github.com/gochain/gochain/pkg/logger/logger.go:240.60,243.2 2 0
github.com/gochain/gochain/pkg/logger/logger.go:246.68,250.2 1 1
github.com/gochain/gochain/pkg/logger/logger.go:253.40,255.2 1 1
github.com/gochain/gochain/pkg/logger/logger.go:258.46,260.2 1 1
github.com/gochain/gochain/pkg/logger/logger.go:263.40,265.2 1 2
github.com/gochain/gochain/pkg/logger/logger.go:268.32,269.19 1 6
github.com/gochain/gochain/pkg/logger/logger.go:269.19,271.3 1 5
github.com/gochain/gochain/pkg/logger/logger.go:272.2,272.12 1 1
github.com/gochain/gochain/pkg/logger/logger.go:276.38,278.2 1 2
