mode: atomic
github.com/gochain/gochain/pkg/mempool/mempool.go:50.44,57.2 1 0
github.com/gochain/gochain/pkg/mempool/mempool.go:61.41,68.2 1 14
github.com/gochain/gochain/pkg/mempool/mempool.go:72.49,88.2 4 16
github.com/gochain/gochain/pkg/mempool/mempool.go:91.54,95.2 3 2
github.com/gochain/gochain/pkg/mempool/mempool.go:100.64,106.50 4 1329
github.com/gochain/gochain/pkg/mempool/mempool.go:106.50,108.3 1 1
github.com/gochain/gochain/pkg/mempool/mempool.go:111.2,111.50 1 1328
github.com/gochain/gochain/pkg/mempool/mempool.go:111.50,113.3 1 18
github.com/gochain/gochain/pkg/mempool/mempool.go:116.2,122.38 3 1310
github.com/gochain/gochain/pkg/mempool/mempool.go:122.38,124.40 1 64
github.com/gochain/gochain/pkg/mempool/mempool.go:124.40,126.4 1 0
github.com/gochain/gochain/pkg/mempool/mempool.go:130.2,145.12 6 1310
github.com/gochain/gochain/pkg/mempool/mempool.go:150.58,156.13 5 1
github.com/gochain/gochain/pkg/mempool/mempool.go:156.13,158.3 1 0
github.com/gochain/gochain/pkg/mempool/mempool.go:161.2,170.13 5 1
github.com/gochain/gochain/pkg/mempool/mempool.go:175.69,180.13 4 1
github.com/gochain/gochain/pkg/mempool/mempool.go:180.13,182.3 1 0
github.com/gochain/gochain/pkg/mempool/mempool.go:184.2,184.26 1 1
github.com/gochain/gochain/pkg/mempool/mempool.go:189.81,201.50 7 0
github.com/gochain/gochain/pkg/mempool/mempool.go:201.50,205.76 2 0
github.com/gochain/gochain/pkg/mempool/mempool.go:205.76,206.12 1 0
github.com/gochain/gochain/pkg/mempool/mempool.go:210.3,210.39 1 0
github.com/gochain/gochain/pkg/mempool/mempool.go:210.39,211.9 1 0
github.com/gochain/gochain/pkg/mempool/mempool.go:214.3,215.28 2 0
github.com/gochain/gochain/pkg/mempool/mempool.go:218.2,218.21 1 0
github.com/gochain/gochain/pkg/mempool/mempool.go:222.37,227.2 3 1
github.com/gochain/gochain/pkg/mempool/mempool.go:230.46,235.2 3 8
github.com/gochain/gochain/pkg/mempool/mempool.go:238.28,249.2 8 1
github.com/gochain/gochain/pkg/mempool/mempool.go:254.70,258.55 2 64
github.com/gochain/gochain/pkg/mempool/mempool.go:258.55,268.3 5 64
github.com/gochain/gochain/pkg/mempool/mempool.go:270.2,270.36 1 64
github.com/gochain/gochain/pkg/mempool/mempool.go:275.75,285.34 4 3945
github.com/gochain/gochain/pkg/mempool/mempool.go:285.34,287.3 1 4966
github.com/gochain/gochain/pkg/mempool/mempool.go:290.2,290.36 1 3945
github.com/gochain/gochain/pkg/mempool/mempool.go:290.36,292.3 1 4966
github.com/gochain/gochain/pkg/mempool/mempool.go:294.2,294.13 1 3945
github.com/gochain/gochain/pkg/mempool/mempool.go:299.80,300.15 1 2626
github.com/gochain/gochain/pkg/mempool/mempool.go:300.15,302.3 1 0
github.com/gochain/gochain/pkg/mempool/mempool.go:303.2,303.22 1 2626
github.com/gochain/gochain/pkg/mempool/mempool.go:307.81,309.36 1 1313
github.com/gochain/gochain/pkg/mempool/mempool.go:309.36,310.25 1 1313
github.com/gochain/gochain/pkg/mempool/mempool.go:310.25,312.4 1 0
github.com/gochain/gochain/pkg/mempool/mempool.go:316.2,316.23 1 1313
github.com/gochain/gochain/pkg/mempool/mempool.go:316.23,318.30 1 1313
github.com/gochain/gochain/pkg/mempool/mempool.go:318.30,320.4 1 0
github.com/gochain/gochain/pkg/mempool/mempool.go:324.3,325.35 2 1313
github.com/gochain/gochain/pkg/mempool/mempool.go:325.35,328.4 1 3
github.com/gochain/gochain/pkg/mempool/mempool.go:331.3,334.24 3 1310
github.com/gochain/gochain/pkg/mempool/mempool.go:334.24,337.4 1 64
github.com/gochain/gochain/pkg/mempool/mempool.go:337.9,337.31 1 1246
github.com/gochain/gochain/pkg/mempool/mempool.go:337.31,340.4 1 254
github.com/gochain/gochain/pkg/mempool/mempool.go:340.9,343.4 1 992
github.com/gochain/gochain/pkg/mempool/mempool.go:345.3,345.34 1 1310
github.com/gochain/gochain/pkg/mempool/mempool.go:345.34,348.4 1 0
github.com/gochain/gochain/pkg/mempool/mempool.go:352.2,355.26 2 1310
github.com/gochain/gochain/pkg/mempool/mempool.go:355.26,357.3 1 0
github.com/gochain/gochain/pkg/mempool/mempool.go:360.2,361.24 2 1310
github.com/gochain/gochain/pkg/mempool/mempool.go:361.24,363.3 1 0
github.com/gochain/gochain/pkg/mempool/mempool.go:365.2,365.35 1 1310
github.com/gochain/gochain/pkg/mempool/mempool.go:365.35,368.3 1 0
github.com/gochain/gochain/pkg/mempool/mempool.go:371.2,371.47 1 1310
github.com/gochain/gochain/pkg/mempool/mempool.go:371.47,373.40 1 1310
github.com/gochain/gochain/pkg/mempool/mempool.go:373.40,375.36 2 0
github.com/gochain/gochain/pkg/mempool/mempool.go:375.36,377.20 2 0
github.com/gochain/gochain/pkg/mempool/mempool.go:377.20,379.6 1 0
github.com/gochain/gochain/pkg/mempool/mempool.go:382.4,383.38 2 0
github.com/gochain/gochain/pkg/mempool/mempool.go:383.38,385.5 1 0
github.com/gochain/gochain/pkg/mempool/mempool.go:388.4,388.50 1 0
github.com/gochain/gochain/pkg/mempool/mempool.go:388.50,390.5 1 0
github.com/gochain/gochain/pkg/mempool/mempool.go:393.4,393.68 1 0
github.com/gochain/gochain/pkg/mempool/mempool.go:393.68,396.47 2 0
github.com/gochain/gochain/pkg/mempool/mempool.go:396.47,398.6 1 0
github.com/gochain/gochain/pkg/mempool/mempool.go:403.2,403.12 1 1310
github.com/gochain/gochain/pkg/mempool/mempool.go:407.59,408.47 1 1265
github.com/gochain/gochain/pkg/mempool/mempool.go:408.47,410.3 1 0
github.com/gochain/gochain/pkg/mempool/mempool.go:414.36,414.53 1 1327
github.com/gochain/gochain/pkg/mempool/mempool.go:416.46,419.2 1 1301
github.com/gochain/gochain/pkg/mempool/mempool.go:421.41,425.2 3 5
github.com/gochain/gochain/pkg/mempool/mempool.go:427.47,432.2 4 1310
github.com/gochain/gochain/pkg/mempool/mempool.go:434.45,442.2 7 0
github.com/gochain/gochain/pkg/mempool/mempool.go:447.39,447.56 1 3921
github.com/gochain/gochain/pkg/mempool/mempool.go:449.49,452.2 1 3766
github.com/gochain/gochain/pkg/mempool/mempool.go:454.44,458.2 3 1252
github.com/gochain/gochain/pkg/mempool/mempool.go:460.50,465.2 4 1310
github.com/gochain/gochain/pkg/mempool/mempool.go:467.48,475.2 7 1265
github.com/gochain/gochain/pkg/mempool/mempool.go:478.62,479.47 1 1201
github.com/gochain/gochain/pkg/mempool/mempool.go:479.47,481.3 1 1201
github.com/gochain/gochain/pkg/mempool/mempool.go:487.29,487.46 1 0
github.com/gochain/gochain/pkg/mempool/mempool.go:489.39,492.2 1 0
github.com/gochain/gochain/pkg/mempool/mempool.go:494.34,498.2 3 0
github.com/gochain/gochain/pkg/mempool/mempool.go:500.40,505.2 4 0
github.com/gochain/gochain/pkg/mempool/mempool.go:507.38,515.2 7 0
github.com/gochain/gochain/pkg/mempool/mempool.go:519.68,521.37 1 1328
github.com/gochain/gochain/pkg/mempool/mempool.go:521.37,523.3 1 3
github.com/gochain/gochain/pkg/mempool/mempool.go:526.2,527.25 2 1325
github.com/gochain/gochain/pkg/mempool/mempool.go:527.25,529.3 1 1
github.com/gochain/gochain/pkg/mempool/mempool.go:532.2,532.59 1 1324
github.com/gochain/gochain/pkg/mempool/mempool.go:532.59,534.3 1 3
github.com/gochain/gochain/pkg/mempool/mempool.go:537.2,537.39 1 1321
github.com/gochain/gochain/pkg/mempool/mempool.go:537.39,538.60 1 4
github.com/gochain/gochain/pkg/mempool/mempool.go:538.60,540.4 1 4
github.com/gochain/gochain/pkg/mempool/mempool.go:543.3,543.23 1 0
github.com/gochain/gochain/pkg/mempool/mempool.go:543.23,545.36 1 0
github.com/gochain/gochain/pkg/mempool/mempool.go:545.36,547.5 1 0
github.com/gochain/gochain/pkg/mempool/mempool.go:550.4,550.36 1 0
github.com/gochain/gochain/pkg/mempool/mempool.go:550.36,552.20 2 0
github.com/gochain/gochain/pkg/mempool/mempool.go:552.20,554.6 1 0
github.com/gochain/gochain/pkg/mempool/mempool.go:557.5,557.69 1 0
github.com/gochain/gochain/pkg/mempool/mempool.go:557.69,559.6 1 0
github.com/gochain/gochain/pkg/mempool/mempool.go:565.2,565.22 1 1317
github.com/gochain/gochain/pkg/mempool/mempool.go:565.22,566.35 1 1317
github.com/gochain/gochain/pkg/mempool/mempool.go:566.35,567.68 1 1317
github.com/gochain/gochain/pkg/mempool/mempool.go:567.68,569.5 1 1
github.com/gochain/gochain/pkg/mempool/mempool.go:574.2,575.29 2 1316
github.com/gochain/gochain/pkg/mempool/mempool.go:575.29,577.3 1 3
github.com/gochain/gochain/pkg/mempool/mempool.go:579.2,579.56 1 1313
github.com/gochain/gochain/pkg/mempool/mempool.go:579.56,581.3 1 3
github.com/gochain/gochain/pkg/mempool/mempool.go:583.2,583.12 1 1310
github.com/gochain/gochain/pkg/mempool/mempool.go:588.77,590.40 1 1317
github.com/gochain/gochain/pkg/mempool/mempool.go:590.40,591.50 1 359910
github.com/gochain/gochain/pkg/mempool/mempool.go:591.50,592.77 1 359910
github.com/gochain/gochain/pkg/mempool/mempool.go:592.77,594.5 1 1
github.com/gochain/gochain/pkg/mempool/mempool.go:597.2,597.14 1 1316
github.com/gochain/gochain/pkg/mempool/mempool.go:601.77,603.27 1 1324
github.com/gochain/gochain/pkg/mempool/mempool.go:603.27,605.3 1 1
github.com/gochain/gochain/pkg/mempool/mempool.go:607.2,607.28 1 1323
github.com/gochain/gochain/pkg/mempool/mempool.go:607.28,609.3 1 1
github.com/gochain/gochain/pkg/mempool/mempool.go:612.2,612.49 1 1322
github.com/gochain/gochain/pkg/mempool/mempool.go:612.49,614.3 1 0
github.com/gochain/gochain/pkg/mempool/mempool.go:617.2,617.21 1 1322
github.com/gochain/gochain/pkg/mempool/mempool.go:617.21,619.32 2 1
github.com/gochain/gochain/pkg/mempool/mempool.go:619.32,621.4 1 1
github.com/gochain/gochain/pkg/mempool/mempool.go:624.2,624.12 1 1321
github.com/gochain/gochain/pkg/mempool/mempool.go:628.65,635.40 5 7
github.com/gochain/gochain/pkg/mempool/mempool.go:635.40,639.3 3 1202
github.com/gochain/gochain/pkg/mempool/mempool.go:642.2,643.23 2 7
github.com/gochain/gochain/pkg/mempool/mempool.go:643.23,645.33 2 3
github.com/gochain/gochain/pkg/mempool/mempool.go:645.33,647.4 1 1202
github.com/gochain/gochain/pkg/mempool/mempool.go:648.3,648.43 1 3
github.com/gochain/gochain/pkg/mempool/mempool.go:652.2,653.20 2 7
github.com/gochain/gochain/pkg/mempool/mempool.go:653.20,655.3 1 7
github.com/gochain/gochain/pkg/mempool/mempool.go:657.2,665.3 1 7
github.com/gochain/gochain/pkg/mempool/mempool.go:669.38,677.41 4 6
github.com/gochain/gochain/pkg/mempool/mempool.go:677.41,679.3 1 0
github.com/gochain/gochain/pkg/mempool/mempool.go:682.2,683.51 2 6
github.com/gochain/gochain/pkg/mempool/mempool.go:683.51,685.3 1 2
github.com/gochain/gochain/pkg/mempool/mempool.go:687.2,687.14 1 4
github.com/gochain/gochain/pkg/mempool/mempool.go:692.73,699.43 5 2
github.com/gochain/gochain/pkg/mempool/mempool.go:699.43,700.40 1 1200
github.com/gochain/gochain/pkg/mempool/mempool.go:700.40,707.4 5 1200
github.com/gochain/gochain/pkg/mempool/mempool.go:710.2,710.16 1 2
github.com/gochain/gochain/pkg/mempool/mempool.go:714.36,720.2 3 0
