mode: atomic
github.com/gochain/gochain/pkg/miner/miner.go:43.40,52.2 1 12
github.com/gochain/gochain/pkg/miner/miner.go:55.133,67.2 2 15
github.com/gochain/gochain/pkg/miner/miner.go:70.62,74.2 3 0
github.com/gochain/gochain/pkg/miner/miner.go:77.37,81.16 3 18
github.com/gochain/gochain/pkg/miner/miner.go:81.16,84.26 2 0
github.com/gochain/gochain/pkg/miner/miner.go:84.26,85.11 1 0
github.com/gochain/gochain/pkg/miner/miner.go:86.24,86.24 0 0
github.com/gochain/gochain/pkg/miner/miner.go:88.12,89.24 1 0
github.com/gochain/gochain/pkg/miner/miner.go:93.3,93.36 1 0
github.com/gochain/gochain/pkg/miner/miner.go:96.2,102.12 4 18
github.com/gochain/gochain/pkg/miner/miner.go:106.30,110.17 3 18
github.com/gochain/gochain/pkg/miner/miner.go:110.17,112.3 1 0
github.com/gochain/gochain/pkg/miner/miner.go:114.2,115.21 2 18
github.com/gochain/gochain/pkg/miner/miner.go:119.27,123.16 3 2
github.com/gochain/gochain/pkg/miner/miner.go:123.16,125.26 2 0
github.com/gochain/gochain/pkg/miner/miner.go:125.26,126.11 1 0
github.com/gochain/gochain/pkg/miner/miner.go:127.24,127.24 0 0
github.com/gochain/gochain/pkg/miner/miner.go:129.12,130.24 1 0
github.com/gochain/gochain/pkg/miner/miner.go:134.3,134.37 1 0
github.com/gochain/gochain/pkg/miner/miner.go:139.33,144.2 3 20
github.com/gochain/gochain/pkg/miner/miner.go:147.30,151.6 3 18
github.com/gochain/gochain/pkg/miner/miner.go:151.6,152.10 1 18
github.com/gochain/gochain/pkg/miner/miner.go:153.23,154.10 1 0
github.com/gochain/gochain/pkg/miner/miner.go:155.23,156.10 1 18
github.com/gochain/gochain/pkg/miner/miner.go:157.19,159.44 1 0
github.com/gochain/gochain/pkg/miner/miner.go:159.44,162.5 1 0
github.com/gochain/gochain/pkg/miner/miner.go:168.39,171.22 2 0
github.com/gochain/gochain/pkg/miner/miner.go:171.22,173.3 1 0
github.com/gochain/gochain/pkg/miner/miner.go:176.2,177.21 2 0
github.com/gochain/gochain/pkg/miner/miner.go:177.21,179.3 1 0
github.com/gochain/gochain/pkg/miner/miner.go:182.2,182.46 1 0
github.com/gochain/gochain/pkg/miner/miner.go:182.46,184.3 1 0
github.com/gochain/gochain/pkg/miner/miner.go:187.2,187.51 1 0
github.com/gochain/gochain/pkg/miner/miner.go:187.51,189.3 1 0
github.com/gochain/gochain/pkg/miner/miner.go:192.2,192.27 1 0
github.com/gochain/gochain/pkg/miner/miner.go:192.27,194.3 1 0
github.com/gochain/gochain/pkg/miner/miner.go:196.2,198.12 2 0
github.com/gochain/gochain/pkg/miner/miner.go:202.69,232.34 8 6
github.com/gochain/gochain/pkg/miner/miner.go:232.34,234.3 1 0
github.com/gochain/gochain/pkg/miner/miner.go:237.2,239.17 2 6
github.com/gochain/gochain/pkg/miner/miner.go:243.77,249.49 3 6
github.com/gochain/gochain/pkg/miner/miner.go:249.49,250.16 1 0
github.com/gochain/gochain/pkg/miner/miner.go:250.16,252.4 1 0
github.com/gochain/gochain/pkg/miner/miner.go:254.2,274.11 5 6
github.com/gochain/gochain/pkg/miner/miner.go:278.53,280.2 1 0
github.com/gochain/gochain/pkg/miner/miner.go:283.72,292.34 5 6
github.com/gochain/gochain/pkg/miner/miner.go:292.34,301.3 8 0
github.com/gochain/gochain/pkg/miner/miner.go:304.2,304.36 1 6
github.com/gochain/gochain/pkg/miner/miner.go:304.36,309.3 4 6
github.com/gochain/gochain/pkg/miner/miner.go:312.2,322.16 8 6
github.com/gochain/gochain/pkg/miner/miner.go:326.48,331.2 3 0
github.com/gochain/gochain/pkg/miner/miner.go:334.57,345.2 8 3
github.com/gochain/gochain/pkg/miner/miner.go:348.31,352.2 3 0
github.com/gochain/gochain/pkg/miner/miner.go:355.33,361.2 3 0
