mode: atomic
github.com/gochain/gochain/pkg/miner/miner.go:43.40,52.2 1 2
github.com/gochain/gochain/pkg/miner/miner.go:55.133,67.2 2 2
github.com/gochain/gochain/pkg/miner/miner.go:70.62,74.2 3 0
github.com/gochain/gochain/pkg/miner/miner.go:77.37,81.16 3 1
github.com/gochain/gochain/pkg/miner/miner.go:81.16,83.3 1 0
github.com/gochain/gochain/pkg/miner/miner.go:85.2,91.12 4 1
github.com/gochain/gochain/pkg/miner/miner.go:95.30,99.17 3 1
github.com/gochain/gochain/pkg/miner/miner.go:99.17,101.3 1 0
github.com/gochain/gochain/pkg/miner/miner.go:103.2,104.21 2 1
github.com/gochain/gochain/pkg/miner/miner.go:108.33,113.2 3 2
github.com/gochain/gochain/pkg/miner/miner.go:116.30,120.6 3 1
github.com/gochain/gochain/pkg/miner/miner.go:120.6,121.10 1 1
github.com/gochain/gochain/pkg/miner/miner.go:122.23,123.10 1 0
github.com/gochain/gochain/pkg/miner/miner.go:124.23,125.10 1 1
github.com/gochain/gochain/pkg/miner/miner.go:126.19,128.44 1 0
github.com/gochain/gochain/pkg/miner/miner.go:128.44,131.5 1 0
github.com/gochain/gochain/pkg/miner/miner.go:137.39,140.22 2 0
github.com/gochain/gochain/pkg/miner/miner.go:140.22,142.3 1 0
github.com/gochain/gochain/pkg/miner/miner.go:145.2,146.21 2 0
github.com/gochain/gochain/pkg/miner/miner.go:146.21,148.3 1 0
github.com/gochain/gochain/pkg/miner/miner.go:151.2,151.46 1 0
github.com/gochain/gochain/pkg/miner/miner.go:151.46,153.3 1 0
github.com/gochain/gochain/pkg/miner/miner.go:156.2,156.51 1 0
github.com/gochain/gochain/pkg/miner/miner.go:156.51,158.3 1 0
github.com/gochain/gochain/pkg/miner/miner.go:161.2,161.27 1 0
github.com/gochain/gochain/pkg/miner/miner.go:161.27,163.3 1 0
github.com/gochain/gochain/pkg/miner/miner.go:165.2,167.12 2 0
github.com/gochain/gochain/pkg/miner/miner.go:171.69,198.34 6 1
github.com/gochain/gochain/pkg/miner/miner.go:198.34,200.3 1 0
github.com/gochain/gochain/pkg/miner/miner.go:203.2,205.17 2 1
github.com/gochain/gochain/pkg/miner/miner.go:209.77,212.49 2 1
github.com/gochain/gochain/pkg/miner/miner.go:212.49,213.16 1 0
github.com/gochain/gochain/pkg/miner/miner.go:213.16,215.4 1 0
github.com/gochain/gochain/pkg/miner/miner.go:219.2,236.11 4 1
github.com/gochain/gochain/pkg/miner/miner.go:240.53,242.2 1 0
github.com/gochain/gochain/pkg/miner/miner.go:245.72,254.34 5 1
github.com/gochain/gochain/pkg/miner/miner.go:254.34,263.3 8 0
github.com/gochain/gochain/pkg/miner/miner.go:266.2,266.36 1 1
github.com/gochain/gochain/pkg/miner/miner.go:266.36,271.3 4 1
github.com/gochain/gochain/pkg/miner/miner.go:274.2,284.16 8 1
github.com/gochain/gochain/pkg/miner/miner.go:288.48,293.2 3 0
github.com/gochain/gochain/pkg/miner/miner.go:296.57,307.2 8 0
github.com/gochain/gochain/pkg/miner/miner.go:310.31,314.2 3 0
github.com/gochain/gochain/pkg/miner/miner.go:317.33,323.2 3 0
