mode: atomic
github.com/gochain/gochain/pkg/monitoring/metrics.go:58.28,62.2 1 12
github.com/gochain/gochain/pkg/monitoring/metrics.go:65.51,67.2 1 3
github.com/gochain/gochain/pkg/monitoring/metrics.go:70.50,72.2 1 3
github.com/gochain/gochain/pkg/monitoring/metrics.go:75.48,77.2 1 0
github.com/gochain/gochain/pkg/monitoring/metrics.go:80.50,82.2 1 3
github.com/gochain/gochain/pkg/monitoring/metrics.go:85.61,89.2 3 0
github.com/gochain/gochain/pkg/monitoring/metrics.go:92.53,94.2 1 3
github.com/gochain/gochain/pkg/monitoring/metrics.go:97.49,99.2 1 0
github.com/gochain/gochain/pkg/monitoring/metrics.go:102.55,104.2 1 0
github.com/gochain/gochain/pkg/monitoring/metrics.go:107.46,109.2 1 0
github.com/gochain/gochain/pkg/monitoring/metrics.go:112.50,114.2 1 0
github.com/gochain/gochain/pkg/monitoring/metrics.go:117.50,121.2 3 0
github.com/gochain/gochain/pkg/monitoring/metrics.go:124.69,126.2 1 0
github.com/gochain/gochain/pkg/monitoring/metrics.go:129.67,131.2 1 0
github.com/gochain/gochain/pkg/monitoring/metrics.go:134.50,136.2 1 3
github.com/gochain/gochain/pkg/monitoring/metrics.go:139.37,141.2 1 0
github.com/gochain/gochain/pkg/monitoring/metrics.go:144.47,146.2 1 0
github.com/gochain/gochain/pkg/monitoring/metrics.go:149.44,151.2 1 0
github.com/gochain/gochain/pkg/monitoring/metrics.go:154.52,158.2 3 3
github.com/gochain/gochain/pkg/monitoring/metrics.go:161.51,165.2 3 0
github.com/gochain/gochain/pkg/monitoring/metrics.go:168.48,170.2 1 0
github.com/gochain/gochain/pkg/monitoring/metrics.go:173.47,175.2 1 0
github.com/gochain/gochain/pkg/monitoring/metrics.go:178.45,180.2 1 0
github.com/gochain/gochain/pkg/monitoring/metrics.go:183.45,185.2 1 0
github.com/gochain/gochain/pkg/monitoring/metrics.go:188.43,190.2 1 0
github.com/gochain/gochain/pkg/monitoring/metrics.go:193.53,195.2 1 0
github.com/gochain/gochain/pkg/monitoring/metrics.go:198.53,202.2 3 1
github.com/gochain/gochain/pkg/monitoring/metrics.go:205.50,207.2 1 3
github.com/gochain/gochain/pkg/monitoring/metrics.go:210.55,259.2 4 5
github.com/gochain/gochain/pkg/monitoring/metrics.go:262.49,325.2 41 2
github.com/gochain/gochain/pkg/monitoring/metrics.go:328.27,361.2 30 1
github.com/gochain/gochain/pkg/monitoring/service.go:44.47,46.2 1 72
github.com/gochain/gochain/pkg/monitoring/service.go:48.68,55.2 1 36
github.com/gochain/gochain/pkg/monitoring/service.go:90.30,104.2 1 11
github.com/gochain/gochain/pkg/monitoring/service.go:107.116,108.19 1 12
github.com/gochain/gochain/pkg/monitoring/service.go:108.19,110.3 1 11
github.com/gochain/gochain/pkg/monitoring/service.go:113.2,148.16 9 12
github.com/gochain/gochain/pkg/monitoring/service.go:152.44,155.52 1 12
github.com/gochain/gochain/pkg/monitoring/service.go:155.52,159.3 3 0
github.com/gochain/gochain/pkg/monitoring/service.go:159.8,164.21 2 12
github.com/gochain/gochain/pkg/monitoring/service.go:164.21,171.4 3 12
github.com/gochain/gochain/pkg/monitoring/service.go:173.3,173.23 1 12
github.com/gochain/gochain/pkg/monitoring/service.go:173.23,180.4 3 12
github.com/gochain/gochain/pkg/monitoring/service.go:182.3,182.23 1 12
github.com/gochain/gochain/pkg/monitoring/service.go:182.23,189.4 3 12
github.com/gochain/gochain/pkg/monitoring/service.go:192.2,192.45 1 12
github.com/gochain/gochain/pkg/monitoring/service.go:196.71,199.2 2 6
github.com/gochain/gochain/pkg/monitoring/service.go:202.47,210.6 6 12
github.com/gochain/gochain/pkg/monitoring/service.go:210.6,211.10 1 12
github.com/gochain/gochain/pkg/monitoring/service.go:212.23,214.10 2 4
github.com/gochain/gochain/pkg/monitoring/service.go:215.26,216.21 1 0
github.com/gochain/gochain/pkg/monitoring/service.go:217.25,218.23 1 0
github.com/gochain/gochain/pkg/monitoring/service.go:224.35,226.20 1 3
github.com/gochain/gochain/pkg/monitoring/service.go:226.20,228.23 2 3
github.com/gochain/gochain/pkg/monitoring/service.go:228.23,233.35 3 3
github.com/gochain/gochain/pkg/monitoring/service.go:233.35,236.25 2 3
github.com/gochain/gochain/pkg/monitoring/service.go:236.25,239.6 2 0
github.com/gochain/gochain/pkg/monitoring/service.go:242.5,243.21 2 3
github.com/gochain/gochain/pkg/monitoring/service.go:243.21,245.6 1 1
github.com/gochain/gochain/pkg/monitoring/service.go:248.5,249.44 2 3
github.com/gochain/gochain/pkg/monitoring/service.go:252.3,252.62 1 3
github.com/gochain/gochain/pkg/monitoring/service.go:256.2,256.22 1 3
github.com/gochain/gochain/pkg/monitoring/service.go:256.22,258.3 1 3
github.com/gochain/gochain/pkg/monitoring/service.go:261.2,261.22 1 3
github.com/gochain/gochain/pkg/monitoring/service.go:261.22,264.3 2 3
github.com/gochain/gochain/pkg/monitoring/service.go:267.2,271.35 4 3
github.com/gochain/gochain/pkg/monitoring/service.go:275.37,278.37 2 0
github.com/gochain/gochain/pkg/monitoring/service.go:278.37,280.35 2 0
github.com/gochain/gochain/pkg/monitoring/service.go:280.35,283.4 2 0
github.com/gochain/gochain/pkg/monitoring/service.go:286.2,287.43 2 0
github.com/gochain/gochain/pkg/monitoring/service.go:291.67,296.16 4 0
github.com/gochain/gochain/pkg/monitoring/service.go:296.16,299.3 2 0
github.com/gochain/gochain/pkg/monitoring/service.go:301.2,309.3 3 0
github.com/gochain/gochain/pkg/monitoring/service.go:313.33,317.47 2 4
github.com/gochain/gochain/pkg/monitoring/service.go:317.47,319.3 1 0
github.com/gochain/gochain/pkg/monitoring/service.go:322.2,322.46 1 4
github.com/gochain/gochain/pkg/monitoring/service.go:322.46,324.3 1 0
github.com/gochain/gochain/pkg/monitoring/service.go:326.2,327.12 2 4
github.com/gochain/gochain/pkg/monitoring/service.go:331.46,335.31 3 4
github.com/gochain/gochain/pkg/monitoring/service.go:335.31,337.3 1 4
github.com/gochain/gochain/pkg/monitoring/service.go:339.2,344.12 2 4
github.com/gochain/gochain/pkg/monitoring/service.go:344.12,345.89 1 4
github.com/gochain/gochain/pkg/monitoring/service.go:345.89,347.4 1 0
github.com/gochain/gochain/pkg/monitoring/service.go:350.2,351.12 2 4
github.com/gochain/gochain/pkg/monitoring/service.go:355.45,364.12 4 4
github.com/gochain/gochain/pkg/monitoring/service.go:364.12,365.88 1 4
github.com/gochain/gochain/pkg/monitoring/service.go:365.88,367.4 1 0
github.com/gochain/gochain/pkg/monitoring/service.go:370.2,371.12 2 4
github.com/gochain/gochain/pkg/monitoring/service.go:375.74,379.59 3 2
github.com/gochain/gochain/pkg/monitoring/service.go:379.59,382.3 2 0
github.com/gochain/gochain/pkg/monitoring/service.go:386.77,391.2 3 2
github.com/gochain/gochain/pkg/monitoring/service.go:394.73,398.64 3 2
github.com/gochain/gochain/pkg/monitoring/service.go:398.64,401.3 2 0
github.com/gochain/gochain/pkg/monitoring/service.go:405.32,411.28 3 4
github.com/gochain/gochain/pkg/monitoring/service.go:411.28,412.72 1 4
github.com/gochain/gochain/pkg/monitoring/service.go:412.72,414.4 1 0
github.com/gochain/gochain/pkg/monitoring/service.go:418.2,418.27 1 4
github.com/gochain/gochain/pkg/monitoring/service.go:418.27,419.71 1 4
github.com/gochain/gochain/pkg/monitoring/service.go:419.71,421.4 1 0
github.com/gochain/gochain/pkg/monitoring/service.go:424.2,425.12 2 4
github.com/gochain/gochain/pkg/monitoring/service.go:429.46,431.2 1 2
github.com/gochain/gochain/pkg/monitoring/service.go:434.41,436.2 1 5
github.com/gochain/gochain/pkg/monitoring/service.go:439.58,441.2 1 3
github.com/gochain/gochain/pkg/monitoring/service.go:444.63,446.2 1 1
github.com/gochain/gochain/pkg/monitoring/service.go:449.64,451.2 1 1
github.com/gochain/gochain/pkg/monitoring/service.go:454.64,456.2 1 1
github.com/gochain/gochain/pkg/monitoring/service.go:459.63,461.2 1 1
github.com/gochain/gochain/pkg/monitoring/service.go:464.47,466.2 1 2
github.com/gochain/gochain/pkg/monitoring/service.go:469.46,471.2 1 1
github.com/gochain/gochain/pkg/monitoring/service.go:474.50,475.32 1 1
github.com/gochain/gochain/pkg/monitoring/service.go:475.32,477.3 1 0
github.com/gochain/gochain/pkg/monitoring/service.go:478.2,478.92 1 1
