mode: atomic
github.com/gochain/gochain/proto/net/message.pb.go:39.31,44.2 4 1
github.com/gochain/gochain/proto/net/message.pb.go:46.39,48.2 1 1
github.com/gochain/gochain/proto/net/message.pb.go:50.37,50.38 0 1
github.com/gochain/gochain/proto/net/message.pb.go:52.59,54.14 2 14
github.com/gochain/gochain/proto/net/message.pb.go:54.14,56.34 2 8
github.com/gochain/gochain/proto/net/message.pb.go:56.34,58.4 1 7
github.com/gochain/gochain/proto/net/message.pb.go:59.3,59.12 1 8
github.com/gochain/gochain/proto/net/message.pb.go:61.2,61.24 1 6
github.com/gochain/gochain/proto/net/message.pb.go:65.50,67.2 1 0
github.com/gochain/gochain/proto/net/message.pb.go:69.43,70.14 1 0
github.com/gochain/gochain/proto/net/message.pb.go:70.14,72.3 1 0
github.com/gochain/gochain/proto/net/message.pb.go:73.2,73.10 1 0
github.com/gochain/gochain/proto/net/message.pb.go:76.49,77.14 1 0
github.com/gochain/gochain/proto/net/message.pb.go:77.14,79.3 1 0
github.com/gochain/gochain/proto/net/message.pb.go:80.2,80.12 1 0
github.com/gochain/gochain/proto/net/message.pb.go:83.46,84.14 1 0
github.com/gochain/gochain/proto/net/message.pb.go:84.14,86.3 1 0
github.com/gochain/gochain/proto/net/message.pb.go:87.2,87.12 1 0
github.com/gochain/gochain/proto/net/message.pb.go:90.44,91.14 1 0
github.com/gochain/gochain/proto/net/message.pb.go:91.14,93.3 1 0
github.com/gochain/gochain/proto/net/message.pb.go:94.2,94.10 1 0
github.com/gochain/gochain/proto/net/message.pb.go:97.46,98.14 1 0
github.com/gochain/gochain/proto/net/message.pb.go:98.14,100.3 1 0
github.com/gochain/gochain/proto/net/message.pb.go:101.2,101.10 1 0
github.com/gochain/gochain/proto/net/message.pb.go:104.41,105.14 1 0
github.com/gochain/gochain/proto/net/message.pb.go:105.14,107.3 1 0
github.com/gochain/gochain/proto/net/message.pb.go:108.2,108.10 1 0
github.com/gochain/gochain/proto/net/message.pb.go:111.42,112.14 1 0
github.com/gochain/gochain/proto/net/message.pb.go:112.14,114.3 1 0
github.com/gochain/gochain/proto/net/message.pb.go:115.2,115.10 1 0
github.com/gochain/gochain/proto/net/message.pb.go:118.40,119.14 1 0
github.com/gochain/gochain/proto/net/message.pb.go:119.14,121.3 1 0
github.com/gochain/gochain/proto/net/message.pb.go:122.2,122.12 1 0
github.com/gochain/gochain/proto/net/message.pb.go:135.39,140.2 4 1
github.com/gochain/gochain/proto/net/message.pb.go:142.47,144.2 1 1
github.com/gochain/gochain/proto/net/message.pb.go:146.45,146.46 0 1
github.com/gochain/gochain/proto/net/message.pb.go:148.67,150.14 2 7
github.com/gochain/gochain/proto/net/message.pb.go:150.14,152.34 2 4
github.com/gochain/gochain/proto/net/message.pb.go:152.34,154.4 1 3
github.com/gochain/gochain/proto/net/message.pb.go:155.3,155.12 1 4
github.com/gochain/gochain/proto/net/message.pb.go:157.2,157.24 1 3
github.com/gochain/gochain/proto/net/message.pb.go:161.58,163.2 1 0
github.com/gochain/gochain/proto/net/message.pb.go:165.55,166.14 1 0
github.com/gochain/gochain/proto/net/message.pb.go:166.14,168.3 1 0
github.com/gochain/gochain/proto/net/message.pb.go:169.2,169.10 1 0
github.com/gochain/gochain/proto/net/message.pb.go:172.49,173.14 1 0
github.com/gochain/gochain/proto/net/message.pb.go:173.14,175.3 1 0
github.com/gochain/gochain/proto/net/message.pb.go:176.2,176.10 1 0
github.com/gochain/gochain/proto/net/message.pb.go:179.52,180.14 1 0
github.com/gochain/gochain/proto/net/message.pb.go:180.14,182.3 1 0
github.com/gochain/gochain/proto/net/message.pb.go:183.2,183.12 1 0
github.com/gochain/gochain/proto/net/message.pb.go:195.40,200.2 4 1
github.com/gochain/gochain/proto/net/message.pb.go:202.48,204.2 1 1
github.com/gochain/gochain/proto/net/message.pb.go:206.46,206.47 0 1
github.com/gochain/gochain/proto/net/message.pb.go:208.68,210.14 2 7
github.com/gochain/gochain/proto/net/message.pb.go:210.14,212.34 2 4
github.com/gochain/gochain/proto/net/message.pb.go:212.34,214.4 1 3
github.com/gochain/gochain/proto/net/message.pb.go:215.3,215.12 1 4
github.com/gochain/gochain/proto/net/message.pb.go:217.2,217.24 1 3
github.com/gochain/gochain/proto/net/message.pb.go:221.59,223.2 1 0
github.com/gochain/gochain/proto/net/message.pb.go:225.60,226.14 1 0
github.com/gochain/gochain/proto/net/message.pb.go:226.14,228.3 1 0
github.com/gochain/gochain/proto/net/message.pb.go:229.2,229.12 1 0
github.com/gochain/gochain/proto/net/message.pb.go:232.50,233.14 1 0
github.com/gochain/gochain/proto/net/message.pb.go:233.14,235.3 1 0
github.com/gochain/gochain/proto/net/message.pb.go:236.2,236.14 1 0
github.com/gochain/gochain/proto/net/message.pb.go:248.32,253.2 4 1
github.com/gochain/gochain/proto/net/message.pb.go:255.40,257.2 1 1
github.com/gochain/gochain/proto/net/message.pb.go:259.38,259.39 0 1
github.com/gochain/gochain/proto/net/message.pb.go:261.60,263.14 2 7
github.com/gochain/gochain/proto/net/message.pb.go:263.14,265.34 2 4
github.com/gochain/gochain/proto/net/message.pb.go:265.34,267.4 1 3
github.com/gochain/gochain/proto/net/message.pb.go:268.3,268.12 1 4
github.com/gochain/gochain/proto/net/message.pb.go:270.2,270.24 1 3
github.com/gochain/gochain/proto/net/message.pb.go:274.51,276.2 1 0
github.com/gochain/gochain/proto/net/message.pb.go:278.46,279.14 1 0
github.com/gochain/gochain/proto/net/message.pb.go:279.14,281.3 1 0
github.com/gochain/gochain/proto/net/message.pb.go:282.2,282.12 1 0
github.com/gochain/gochain/proto/net/message.pb.go:285.43,286.14 1 0
github.com/gochain/gochain/proto/net/message.pb.go:286.14,288.3 1 0
github.com/gochain/gochain/proto/net/message.pb.go:289.2,289.10 1 0
github.com/gochain/gochain/proto/net/message.pb.go:301.33,306.2 4 1
github.com/gochain/gochain/proto/net/message.pb.go:308.41,310.2 1 1
github.com/gochain/gochain/proto/net/message.pb.go:312.39,312.40 0 1
github.com/gochain/gochain/proto/net/message.pb.go:314.61,316.14 2 7
github.com/gochain/gochain/proto/net/message.pb.go:316.14,318.34 2 4
github.com/gochain/gochain/proto/net/message.pb.go:318.34,320.4 1 3
github.com/gochain/gochain/proto/net/message.pb.go:321.3,321.12 1 4
github.com/gochain/gochain/proto/net/message.pb.go:323.2,323.24 1 3
github.com/gochain/gochain/proto/net/message.pb.go:327.52,329.2 1 0
github.com/gochain/gochain/proto/net/message.pb.go:331.41,332.14 1 0
github.com/gochain/gochain/proto/net/message.pb.go:332.14,334.3 1 0
github.com/gochain/gochain/proto/net/message.pb.go:335.2,335.14 1 0
github.com/gochain/gochain/proto/net/message.pb.go:338.47,339.14 1 0
github.com/gochain/gochain/proto/net/message.pb.go:339.14,341.3 1 0
github.com/gochain/gochain/proto/net/message.pb.go:342.2,342.12 1 0
github.com/gochain/gochain/proto/net/message.pb.go:355.31,360.2 4 1
github.com/gochain/gochain/proto/net/message.pb.go:362.39,364.2 1 1
github.com/gochain/gochain/proto/net/message.pb.go:366.37,366.38 0 1
github.com/gochain/gochain/proto/net/message.pb.go:368.59,370.14 2 7
github.com/gochain/gochain/proto/net/message.pb.go:370.14,372.34 2 4
github.com/gochain/gochain/proto/net/message.pb.go:372.34,374.4 1 3
github.com/gochain/gochain/proto/net/message.pb.go:375.3,375.12 1 4
github.com/gochain/gochain/proto/net/message.pb.go:377.2,377.24 1 3
github.com/gochain/gochain/proto/net/message.pb.go:381.50,383.2 1 0
github.com/gochain/gochain/proto/net/message.pb.go:385.49,386.14 1 0
github.com/gochain/gochain/proto/net/message.pb.go:386.14,388.3 1 0
github.com/gochain/gochain/proto/net/message.pb.go:389.2,389.10 1 0
github.com/gochain/gochain/proto/net/message.pb.go:392.49,393.14 1 0
github.com/gochain/gochain/proto/net/message.pb.go:393.14,395.3 1 0
github.com/gochain/gochain/proto/net/message.pb.go:396.2,396.12 1 0
github.com/gochain/gochain/proto/net/message.pb.go:399.50,400.14 1 0
github.com/gochain/gochain/proto/net/message.pb.go:400.14,402.3 1 0
github.com/gochain/gochain/proto/net/message.pb.go:403.2,403.12 1 0
github.com/gochain/gochain/proto/net/message.pb.go:417.32,422.2 4 1
github.com/gochain/gochain/proto/net/message.pb.go:424.40,426.2 1 1
github.com/gochain/gochain/proto/net/message.pb.go:428.38,428.39 0 1
github.com/gochain/gochain/proto/net/message.pb.go:430.60,432.14 2 7
github.com/gochain/gochain/proto/net/message.pb.go:432.14,434.34 2 4
github.com/gochain/gochain/proto/net/message.pb.go:434.34,436.4 1 3
github.com/gochain/gochain/proto/net/message.pb.go:437.3,437.12 1 4
github.com/gochain/gochain/proto/net/message.pb.go:439.2,439.24 1 3
github.com/gochain/gochain/proto/net/message.pb.go:443.51,445.2 1 0
github.com/gochain/gochain/proto/net/message.pb.go:447.47,448.14 1 0
github.com/gochain/gochain/proto/net/message.pb.go:448.14,450.3 1 0
github.com/gochain/gochain/proto/net/message.pb.go:451.2,451.10 1 0
github.com/gochain/gochain/proto/net/message.pb.go:454.50,455.14 1 0
github.com/gochain/gochain/proto/net/message.pb.go:455.14,457.3 1 0
github.com/gochain/gochain/proto/net/message.pb.go:458.2,458.12 1 0
github.com/gochain/gochain/proto/net/message.pb.go:461.52,462.14 1 0
github.com/gochain/gochain/proto/net/message.pb.go:462.14,464.3 1 0
github.com/gochain/gochain/proto/net/message.pb.go:465.2,465.12 1 0
github.com/gochain/gochain/proto/net/message.pb.go:468.44,469.14 1 0
github.com/gochain/gochain/proto/net/message.pb.go:469.14,471.3 1 0
github.com/gochain/gochain/proto/net/message.pb.go:472.2,472.14 1 0
github.com/gochain/gochain/proto/net/message.pb.go:484.32,489.2 4 1
github.com/gochain/gochain/proto/net/message.pb.go:491.40,493.2 1 1
github.com/gochain/gochain/proto/net/message.pb.go:495.38,495.39 0 1
github.com/gochain/gochain/proto/net/message.pb.go:497.60,499.14 2 7
github.com/gochain/gochain/proto/net/message.pb.go:499.14,501.34 2 4
github.com/gochain/gochain/proto/net/message.pb.go:501.34,503.4 1 3
github.com/gochain/gochain/proto/net/message.pb.go:504.3,504.12 1 4
github.com/gochain/gochain/proto/net/message.pb.go:506.2,506.24 1 3
github.com/gochain/gochain/proto/net/message.pb.go:510.51,512.2 1 0
github.com/gochain/gochain/proto/net/message.pb.go:514.46,515.14 1 0
github.com/gochain/gochain/proto/net/message.pb.go:515.14,517.3 1 0
github.com/gochain/gochain/proto/net/message.pb.go:518.2,518.12 1 0
github.com/gochain/gochain/proto/net/message.pb.go:521.52,522.14 1 0
github.com/gochain/gochain/proto/net/message.pb.go:522.14,524.3 1 0
github.com/gochain/gochain/proto/net/message.pb.go:525.2,525.12 1 0
github.com/gochain/gochain/proto/net/message.pb.go:538.33,543.2 4 1
github.com/gochain/gochain/proto/net/message.pb.go:545.41,547.2 1 1
github.com/gochain/gochain/proto/net/message.pb.go:549.39,549.40 0 1
github.com/gochain/gochain/proto/net/message.pb.go:551.61,553.14 2 7
github.com/gochain/gochain/proto/net/message.pb.go:553.14,555.34 2 4
github.com/gochain/gochain/proto/net/message.pb.go:555.34,557.4 1 3
github.com/gochain/gochain/proto/net/message.pb.go:558.3,558.12 1 4
github.com/gochain/gochain/proto/net/message.pb.go:560.2,560.24 1 3
github.com/gochain/gochain/proto/net/message.pb.go:564.52,566.2 1 0
github.com/gochain/gochain/proto/net/message.pb.go:568.47,569.14 1 0
github.com/gochain/gochain/proto/net/message.pb.go:569.14,571.3 1 0
github.com/gochain/gochain/proto/net/message.pb.go:572.2,572.12 1 0
github.com/gochain/gochain/proto/net/message.pb.go:575.62,576.14 1 0
github.com/gochain/gochain/proto/net/message.pb.go:576.14,578.3 1 0
github.com/gochain/gochain/proto/net/message.pb.go:579.2,579.12 1 0
github.com/gochain/gochain/proto/net/message.pb.go:582.43,583.14 1 0
github.com/gochain/gochain/proto/net/message.pb.go:583.14,585.3 1 0
github.com/gochain/gochain/proto/net/message.pb.go:586.2,586.14 1 0
github.com/gochain/gochain/proto/net/message.pb.go:597.32,602.2 4 1
github.com/gochain/gochain/proto/net/message.pb.go:604.40,606.2 1 1
github.com/gochain/gochain/proto/net/message.pb.go:608.38,608.39 0 1
github.com/gochain/gochain/proto/net/message.pb.go:610.60,612.14 2 8
github.com/gochain/gochain/proto/net/message.pb.go:612.14,614.34 2 5
github.com/gochain/gochain/proto/net/message.pb.go:614.34,616.4 1 4
github.com/gochain/gochain/proto/net/message.pb.go:617.3,617.12 1 5
github.com/gochain/gochain/proto/net/message.pb.go:619.2,619.24 1 3
github.com/gochain/gochain/proto/net/message.pb.go:623.51,625.2 1 0
github.com/gochain/gochain/proto/net/message.pb.go:627.46,628.14 1 0
github.com/gochain/gochain/proto/net/message.pb.go:628.14,630.3 1 0
github.com/gochain/gochain/proto/net/message.pb.go:631.2,631.12 1 0
github.com/gochain/gochain/proto/net/message.pb.go:641.38,646.2 4 1
github.com/gochain/gochain/proto/net/message.pb.go:648.46,650.2 1 1
github.com/gochain/gochain/proto/net/message.pb.go:652.44,652.45 0 1
github.com/gochain/gochain/proto/net/message.pb.go:654.66,656.14 2 7
github.com/gochain/gochain/proto/net/message.pb.go:656.14,658.34 2 4
github.com/gochain/gochain/proto/net/message.pb.go:658.34,660.4 1 3
github.com/gochain/gochain/proto/net/message.pb.go:661.3,661.12 1 4
github.com/gochain/gochain/proto/net/message.pb.go:663.2,663.24 1 3
github.com/gochain/gochain/proto/net/message.pb.go:667.57,669.2 1 0
github.com/gochain/gochain/proto/net/message.pb.go:671.58,672.14 1 0
github.com/gochain/gochain/proto/net/message.pb.go:672.14,674.3 1 0
github.com/gochain/gochain/proto/net/message.pb.go:675.2,675.12 1 0
github.com/gochain/gochain/proto/net/message.pb.go:703.27,708.2 4 1
github.com/gochain/gochain/proto/net/message.pb.go:710.35,712.2 1 1
github.com/gochain/gochain/proto/net/message.pb.go:714.33,714.34 0 1
github.com/gochain/gochain/proto/net/message.pb.go:716.55,718.14 2 4
github.com/gochain/gochain/proto/net/message.pb.go:718.14,720.34 2 4
github.com/gochain/gochain/proto/net/message.pb.go:720.34,722.4 1 3
github.com/gochain/gochain/proto/net/message.pb.go:723.3,723.12 1 4
github.com/gochain/gochain/proto/net/message.pb.go:725.2,725.24 1 0
github.com/gochain/gochain/proto/net/message.pb.go:729.46,731.2 1 0
github.com/gochain/gochain/proto/net/message.pb.go:733.48,734.14 1 0
github.com/gochain/gochain/proto/net/message.pb.go:734.14,736.3 1 0
github.com/gochain/gochain/proto/net/message.pb.go:737.2,737.10 1 0
github.com/gochain/gochain/proto/net/message.pb.go:740.42,741.14 1 0
github.com/gochain/gochain/proto/net/message.pb.go:741.14,743.3 1 0
github.com/gochain/gochain/proto/net/message.pb.go:744.2,744.12 1 0
github.com/gochain/gochain/proto/net/message.pb.go:747.50,748.14 1 1
github.com/gochain/gochain/proto/net/message.pb.go:748.14,750.3 1 1
github.com/gochain/gochain/proto/net/message.pb.go:751.2,751.12 1 0
github.com/gochain/gochain/proto/net/message.pb.go:754.51,755.14 1 3
github.com/gochain/gochain/proto/net/message.pb.go:755.14,756.53 1 3
github.com/gochain/gochain/proto/net/message.pb.go:756.53,758.4 1 2
github.com/gochain/gochain/proto/net/message.pb.go:760.2,760.12 1 1
github.com/gochain/gochain/proto/net/message.pb.go:763.63,764.14 1 2
github.com/gochain/gochain/proto/net/message.pb.go:764.14,765.59 1 2
github.com/gochain/gochain/proto/net/message.pb.go:765.59,767.4 1 1
github.com/gochain/gochain/proto/net/message.pb.go:769.2,769.12 1 1
github.com/gochain/gochain/proto/net/message.pb.go:772.60,773.14 1 1
github.com/gochain/gochain/proto/net/message.pb.go:773.14,774.55 1 1
github.com/gochain/gochain/proto/net/message.pb.go:774.55,776.4 1 1
github.com/gochain/gochain/proto/net/message.pb.go:778.2,778.12 1 0
github.com/gochain/gochain/proto/net/message.pb.go:781.62,782.14 1 1
github.com/gochain/gochain/proto/net/message.pb.go:782.14,783.56 1 1
github.com/gochain/gochain/proto/net/message.pb.go:783.56,785.4 1 1
github.com/gochain/gochain/proto/net/message.pb.go:787.2,787.12 1 0
github.com/gochain/gochain/proto/net/message.pb.go:790.51,791.14 1 1
github.com/gochain/gochain/proto/net/message.pb.go:791.14,792.53 1 1
github.com/gochain/gochain/proto/net/message.pb.go:792.53,794.4 1 1
github.com/gochain/gochain/proto/net/message.pb.go:796.2,796.12 1 0
github.com/gochain/gochain/proto/net/message.pb.go:799.53,800.14 1 1
github.com/gochain/gochain/proto/net/message.pb.go:800.14,801.54 1 1
github.com/gochain/gochain/proto/net/message.pb.go:801.54,803.4 1 1
github.com/gochain/gochain/proto/net/message.pb.go:805.2,805.12 1 0
github.com/gochain/gochain/proto/net/message.pb.go:808.49,809.14 1 1
github.com/gochain/gochain/proto/net/message.pb.go:809.14,810.52 1 1
github.com/gochain/gochain/proto/net/message.pb.go:810.52,812.4 1 1
github.com/gochain/gochain/proto/net/message.pb.go:814.2,814.12 1 0
github.com/gochain/gochain/proto/net/message.pb.go:817.51,818.14 1 1
github.com/gochain/gochain/proto/net/message.pb.go:818.14,819.53 1 1
github.com/gochain/gochain/proto/net/message.pb.go:819.53,821.4 1 1
github.com/gochain/gochain/proto/net/message.pb.go:823.2,823.12 1 0
github.com/gochain/gochain/proto/net/message.pb.go:826.51,827.14 1 1
github.com/gochain/gochain/proto/net/message.pb.go:827.14,828.53 1 1
github.com/gochain/gochain/proto/net/message.pb.go:828.53,830.4 1 1
github.com/gochain/gochain/proto/net/message.pb.go:832.2,832.12 1 0
github.com/gochain/gochain/proto/net/message.pb.go:835.53,836.14 1 1
github.com/gochain/gochain/proto/net/message.pb.go:836.14,837.54 1 1
github.com/gochain/gochain/proto/net/message.pb.go:837.54,839.4 1 1
github.com/gochain/gochain/proto/net/message.pb.go:841.2,841.12 1 0
github.com/gochain/gochain/proto/net/message.pb.go:844.41,845.14 1 0
github.com/gochain/gochain/proto/net/message.pb.go:845.14,847.3 1 0
github.com/gochain/gochain/proto/net/message.pb.go:848.2,848.12 1 0
github.com/gochain/gochain/proto/net/message.pb.go:895.51,895.52 0 0
github.com/gochain/gochain/proto/net/message.pb.go:897.57,897.58 0 0
github.com/gochain/gochain/proto/net/message.pb.go:899.53,899.54 0 0
github.com/gochain/gochain/proto/net/message.pb.go:901.54,901.55 0 0
github.com/gochain/gochain/proto/net/message.pb.go:903.51,903.52 0 0
github.com/gochain/gochain/proto/net/message.pb.go:905.52,905.53 0 0
github.com/gochain/gochain/proto/net/message.pb.go:907.50,907.51 0 0
github.com/gochain/gochain/proto/net/message.pb.go:909.51,909.52 0 0
github.com/gochain/gochain/proto/net/message.pb.go:911.51,911.52 0 0
github.com/gochain/gochain/proto/net/message.pb.go:913.52,913.53 0 0
github.com/gochain/gochain/proto/net/message.pb.go:998.56,999.53 1 0
github.com/gochain/gochain/proto/net/message.pb.go:999.53,1001.3 1 0
github.com/gochain/gochain/proto/net/message.pb.go:1002.2,1002.49 1 0
github.com/gochain/gochain/proto/net/message.pb.go:1042.13,1042.52 1 1
github.com/gochain/gochain/proto/net/message.pb.go:1043.42,1044.41 1 1
github.com/gochain/gochain/proto/net/message.pb.go:1044.41,1046.3 1 0
github.com/gochain/gochain/proto/net/message.pb.go:1047.2,1075.44 6 1
github.com/gochain/gochain/proto/net/security.go:21.46,30.2 1 8
github.com/gochain/gochain/proto/net/security.go:58.68,59.19 1 11
github.com/gochain/gochain/proto/net/security.go:59.19,61.3 1 6
github.com/gochain/gochain/proto/net/security.go:63.2,68.3 1 11
github.com/gochain/gochain/proto/net/security.go:72.80,74.34 1 35
github.com/gochain/gochain/proto/net/security.go:74.34,76.3 1 3
github.com/gochain/gochain/proto/net/security.go:79.2,82.52 2 32
github.com/gochain/gochain/proto/net/security.go:82.52,85.3 2 3
github.com/gochain/gochain/proto/net/security.go:88.2,88.50 1 29
github.com/gochain/gochain/proto/net/security.go:88.50,91.3 2 5
github.com/gochain/gochain/proto/net/security.go:94.2,94.55 1 24
github.com/gochain/gochain/proto/net/security.go:94.55,97.3 2 7
github.com/gochain/gochain/proto/net/security.go:100.2,100.50 1 17
github.com/gochain/gochain/proto/net/security.go:100.50,103.3 2 2
github.com/gochain/gochain/proto/net/security.go:105.2,105.12 1 15
github.com/gochain/gochain/proto/net/security.go:109.69,116.27 3 32
github.com/gochain/gochain/proto/net/security.go:116.27,118.3 1 32
github.com/gochain/gochain/proto/net/security.go:119.2,119.26 1 32
github.com/gochain/gochain/proto/net/security.go:119.26,121.3 1 32
github.com/gochain/gochain/proto/net/security.go:124.2,124.24 1 32
github.com/gochain/gochain/proto/net/security.go:124.24,125.40 1 31
github.com/gochain/gochain/proto/net/security.go:126.30,127.76 1 22
github.com/gochain/gochain/proto/net/security.go:127.76,129.5 1 21
github.com/gochain/gochain/proto/net/security.go:130.36,131.94 1 1
github.com/gochain/gochain/proto/net/security.go:131.94,133.5 1 1
github.com/gochain/gochain/proto/net/security.go:137.2,137.46 1 32
github.com/gochain/gochain/proto/net/security.go:137.46,139.3 1 3
github.com/gochain/gochain/proto/net/security.go:141.2,141.12 1 29
github.com/gochain/gochain/proto/net/security.go:145.67,150.19 3 29
github.com/gochain/gochain/proto/net/security.go:150.19,152.3 1 4
github.com/gochain/gochain/proto/net/security.go:155.2,156.29 2 25
github.com/gochain/gochain/proto/net/security.go:156.29,158.3 1 1
github.com/gochain/gochain/proto/net/security.go:160.2,160.12 1 24
github.com/gochain/gochain/proto/net/security.go:164.72,165.24 1 24
github.com/gochain/gochain/proto/net/security.go:165.24,167.3 1 1
github.com/gochain/gochain/proto/net/security.go:170.2,170.39 1 23
github.com/gochain/gochain/proto/net/security.go:171.29,172.55 1 14
github.com/gochain/gochain/proto/net/security.go:173.35,174.67 1 1
github.com/gochain/gochain/proto/net/security.go:175.31,176.59 1 2
github.com/gochain/gochain/proto/net/security.go:177.29,178.55 1 2
github.com/gochain/gochain/proto/net/security.go:179.28,180.53 1 2
github.com/gochain/gochain/proto/net/security.go:181.29,182.55 1 2
github.com/gochain/gochain/proto/net/security.go:185.2,185.12 1 0
github.com/gochain/gochain/proto/net/security.go:189.80,190.21 1 14
github.com/gochain/gochain/proto/net/security.go:190.21,192.3 1 1
github.com/gochain/gochain/proto/net/security.go:194.2,194.31 1 13
github.com/gochain/gochain/proto/net/security.go:194.31,196.3 1 0
github.com/gochain/gochain/proto/net/security.go:198.2,198.34 1 13
github.com/gochain/gochain/proto/net/security.go:198.34,200.3 1 1
github.com/gochain/gochain/proto/net/security.go:207.2,207.12 1 12
github.com/gochain/gochain/proto/net/security.go:211.89,212.18 1 1
github.com/gochain/gochain/proto/net/security.go:212.18,214.3 1 0
github.com/gochain/gochain/proto/net/security.go:216.2,216.34 1 1
github.com/gochain/gochain/proto/net/security.go:216.34,218.3 1 0
github.com/gochain/gochain/proto/net/security.go:220.2,220.37 1 1
github.com/gochain/gochain/proto/net/security.go:220.37,222.3 1 0
github.com/gochain/gochain/proto/net/security.go:224.2,224.12 1 1
github.com/gochain/gochain/proto/net/security.go:228.84,229.16 1 2
github.com/gochain/gochain/proto/net/security.go:229.16,231.3 1 0
github.com/gochain/gochain/proto/net/security.go:234.2,234.22 1 2
github.com/gochain/gochain/proto/net/security.go:234.22,236.3 1 1
github.com/gochain/gochain/proto/net/security.go:238.2,238.12 1 1
github.com/gochain/gochain/proto/net/security.go:242.75,243.16 1 2
github.com/gochain/gochain/proto/net/security.go:243.16,245.3 1 0
github.com/gochain/gochain/proto/net/security.go:248.2,248.45 1 2
github.com/gochain/gochain/proto/net/security.go:248.45,250.3 1 1
github.com/gochain/gochain/proto/net/security.go:252.2,252.12 1 1
github.com/gochain/gochain/proto/net/security.go:256.73,257.16 1 2
github.com/gochain/gochain/proto/net/security.go:257.16,259.3 1 0
github.com/gochain/gochain/proto/net/security.go:262.2,262.34 1 2
github.com/gochain/gochain/proto/net/security.go:262.34,264.3 1 1
github.com/gochain/gochain/proto/net/security.go:266.2,266.12 1 1
github.com/gochain/gochain/proto/net/security.go:270.75,271.16 1 2
github.com/gochain/gochain/proto/net/security.go:271.16,273.3 1 0
github.com/gochain/gochain/proto/net/security.go:276.2,276.35 1 2
github.com/gochain/gochain/proto/net/security.go:276.35,278.3 1 1
github.com/gochain/gochain/proto/net/security.go:280.2,280.12 1 1
github.com/gochain/gochain/proto/net/security.go:284.65,286.13 2 17
github.com/gochain/gochain/proto/net/security.go:286.13,294.3 2 6
github.com/gochain/gochain/proto/net/security.go:296.2,299.54 2 17
github.com/gochain/gochain/proto/net/security.go:299.54,302.3 2 1
github.com/gochain/gochain/proto/net/security.go:305.2,305.50 1 17
github.com/gochain/gochain/proto/net/security.go:305.50,307.3 1 2
github.com/gochain/gochain/proto/net/security.go:310.2,312.12 2 15
github.com/gochain/gochain/proto/net/security.go:316.75,318.13 2 17
github.com/gochain/gochain/proto/net/security.go:318.13,321.3 2 0
github.com/gochain/gochain/proto/net/security.go:323.2,327.58 3 17
github.com/gochain/gochain/proto/net/security.go:327.58,329.3 1 2
github.com/gochain/gochain/proto/net/security.go:333.60,335.13 2 32
github.com/gochain/gochain/proto/net/security.go:335.13,338.3 2 9
github.com/gochain/gochain/proto/net/security.go:340.2,341.29 2 32
github.com/gochain/gochain/proto/net/security.go:345.67,347.2 1 43
github.com/gochain/gochain/proto/net/security.go:350.68,352.2 1 5
github.com/gochain/gochain/proto/net/security.go:355.55,359.2 3 1
github.com/gochain/gochain/proto/net/security.go:362.60,364.33 2 1
github.com/gochain/gochain/proto/net/security.go:364.33,366.3 1 1
github.com/gochain/gochain/proto/net/security.go:367.2,367.15 1 1
github.com/gochain/gochain/proto/net/security.go:371.46,373.2 1 1
github.com/gochain/gochain/proto/net/security.go:376.71,385.2 3 4
github.com/gochain/gochain/proto/net/security.go:388.97,389.26 1 5
github.com/gochain/gochain/proto/net/security.go:389.26,391.3 1 1
github.com/gochain/gochain/proto/net/security.go:393.2,393.27 1 4
github.com/gochain/gochain/proto/net/security.go:393.27,395.3 1 1
github.com/gochain/gochain/proto/net/security.go:403.2,403.29 1 3
github.com/gochain/gochain/proto/net/security.go:403.29,405.3 1 1
github.com/gochain/gochain/proto/net/security.go:407.2,407.49 1 2
github.com/gochain/gochain/proto/net/security.go:407.49,409.3 1 1
github.com/gochain/gochain/proto/net/security.go:411.2,411.12 1 1
github.com/gochain/gochain/proto/net/security.go:415.35,416.22 1 2
github.com/gochain/gochain/proto/net/security.go:416.22,418.3 1 1
github.com/gochain/gochain/proto/net/security.go:419.2,419.19 1 1
github.com/gochain/gochain/proto/net/security.go:419.19,420.19 1 16
github.com/gochain/gochain/proto/net/security.go:420.19,422.4 1 0
github.com/gochain/gochain/proto/net/security.go:424.2,424.13 1 1
