mode: set
github.com/gochain/gochain/pkg/security/fuzzer.go:68.38,83.2 1 1
github.com/gochain/gochain/pkg/security/fuzzer.go:86.78,95.2 1 1
github.com/gochain/gochain/pkg/security/fuzzer.go:98.57,102.17 3 1
github.com/gochain/gochain/pkg/security/fuzzer.go:102.17,104.3 1 0
github.com/gochain/gochain/pkg/security/fuzzer.go:106.2,113.12 5 1
github.com/gochain/gochain/pkg/security/fuzzer.go:117.32,121.17 3 1
github.com/gochain/gochain/pkg/security/fuzzer.go:121.17,124.3 2 1
github.com/gochain/gochain/pkg/security/fuzzer.go:128.35,132.2 3 1
github.com/gochain/gochain/pkg/security/fuzzer.go:135.31,145.44 5 1
github.com/gochain/gochain/pkg/security/fuzzer.go:145.44,147.25 2 1
github.com/gochain/gochain/pkg/security/fuzzer.go:147.25,150.4 2 1
github.com/gochain/gochain/pkg/security/fuzzer.go:154.2,154.12 1 1
github.com/gochain/gochain/pkg/security/fuzzer.go:154.12,155.31 1 1
github.com/gochain/gochain/pkg/security/fuzzer.go:155.31,159.4 3 1
github.com/gochain/gochain/pkg/security/fuzzer.go:163.2,163.9 1 1
github.com/gochain/gochain/pkg/security/fuzzer.go:164.20,164.20 0 1
github.com/gochain/gochain/pkg/security/fuzzer.go:166.39,166.39 0 0
github.com/gochain/gochain/pkg/security/fuzzer.go:168.30,170.13 2 1
github.com/gochain/gochain/pkg/security/fuzzer.go:170.13,171.44 1 1
github.com/gochain/gochain/pkg/security/fuzzer.go:171.44,173.5 1 1
github.com/gochain/gochain/pkg/security/fuzzer.go:174.4,174.13 1 0
github.com/gochain/gochain/pkg/security/fuzzer.go:176.3,176.12 1 1
github.com/gochain/gochain/pkg/security/fuzzer.go:177.6,177.6 0 0
github.com/gochain/gochain/pkg/security/fuzzer.go:182.2,192.15 6 1
github.com/gochain/gochain/pkg/security/fuzzer.go:196.93,208.6 9 1
github.com/gochain/gochain/pkg/security/fuzzer.go:208.6,209.10 1 1
github.com/gochain/gochain/pkg/security/fuzzer.go:210.21,211.10 1 1
github.com/gochain/gochain/pkg/security/fuzzer.go:212.15,213.10 1 1
github.com/gochain/gochain/pkg/security/fuzzer.go:214.11,214.11 0 1
github.com/gochain/gochain/pkg/security/fuzzer.go:218.3,226.24 4 1
github.com/gochain/gochain/pkg/security/fuzzer.go:227.16,229.34 2 0
github.com/gochain/gochain/pkg/security/fuzzer.go:229.34,231.5 1 0
github.com/gochain/gochain/pkg/security/fuzzer.go:232.18,233.18 1 0
github.com/gochain/gochain/pkg/security/fuzzer.go:234.16,235.16 1 0
github.com/gochain/gochain/pkg/security/fuzzer.go:236.18,237.18 1 1
github.com/gochain/gochain/pkg/security/fuzzer.go:241.3,241.26 1 1
github.com/gochain/gochain/pkg/security/fuzzer.go:241.26,242.11 1 1
github.com/gochain/gochain/pkg/security/fuzzer.go:243.16,244.11 1 0
github.com/gochain/gochain/pkg/security/fuzzer.go:259.6,259.6 0 1
github.com/gochain/gochain/pkg/security/fuzzer.go:260.12,260.12 0 0
github.com/gochain/gochain/pkg/security/fuzzer.go:277.91,285.12 4 1
github.com/gochain/gochain/pkg/security/fuzzer.go:285.12,288.3 2 1
github.com/gochain/gochain/pkg/security/fuzzer.go:291.2,294.12 3 1
github.com/gochain/gochain/pkg/security/fuzzer.go:294.12,295.16 1 1
github.com/gochain/gochain/pkg/security/fuzzer.go:295.16,296.32 1 1
github.com/gochain/gochain/pkg/security/fuzzer.go:296.32,298.5 1 0
github.com/gochain/gochain/pkg/security/fuzzer.go:299.4,299.15 1 1
github.com/gochain/gochain/pkg/security/fuzzer.go:303.3,303.23 1 1
github.com/gochain/gochain/pkg/security/fuzzer.go:307.2,307.9 1 1
github.com/gochain/gochain/pkg/security/fuzzer.go:308.14,309.22 1 1
github.com/gochain/gochain/pkg/security/fuzzer.go:309.22,323.4 3 0
github.com/gochain/gochain/pkg/security/fuzzer.go:323.9,325.4 1 1
github.com/gochain/gochain/pkg/security/fuzzer.go:326.17,327.28 1 0
github.com/gochain/gochain/pkg/security/fuzzer.go:330.2,331.15 2 1
github.com/gochain/gochain/pkg/security/fuzzer.go:335.44,337.20 1 1
github.com/gochain/gochain/pkg/security/fuzzer.go:337.20,349.3 4 1
github.com/gochain/gochain/pkg/security/fuzzer.go:353.49,354.15 1 1
github.com/gochain/gochain/pkg/security/fuzzer.go:354.15,355.31 1 1
github.com/gochain/gochain/pkg/security/fuzzer.go:355.32,357.4 0 0
github.com/gochain/gochain/pkg/security/fuzzer.go:361.2,375.27 2 1
github.com/gochain/gochain/pkg/security/fuzzer.go:379.55,380.15 1 1
github.com/gochain/gochain/pkg/security/fuzzer.go:380.15,381.31 1 1
github.com/gochain/gochain/pkg/security/fuzzer.go:381.32,383.4 0 0
github.com/gochain/gochain/pkg/security/fuzzer.go:387.2,395.23 2 1
github.com/gochain/gochain/pkg/security/fuzzer.go:399.54,400.15 1 1
github.com/gochain/gochain/pkg/security/fuzzer.go:400.15,401.31 1 1
github.com/gochain/gochain/pkg/security/fuzzer.go:401.32,403.4 0 0
github.com/gochain/gochain/pkg/security/fuzzer.go:407.2,410.36 3 1
github.com/gochain/gochain/pkg/security/fuzzer.go:410.36,414.3 3 1
github.com/gochain/gochain/pkg/security/fuzzer.go:418.52,419.15 1 1
github.com/gochain/gochain/pkg/security/fuzzer.go:419.15,420.31 1 1
github.com/gochain/gochain/pkg/security/fuzzer.go:420.32,422.4 0 1
github.com/gochain/gochain/pkg/security/fuzzer.go:426.2,426.20 1 1
github.com/gochain/gochain/pkg/security/fuzzer.go:426.20,430.3 3 1
github.com/gochain/gochain/pkg/security/fuzzer.go:434.59,441.28 3 1
github.com/gochain/gochain/pkg/security/fuzzer.go:441.28,443.3 1 1
github.com/gochain/gochain/pkg/security/fuzzer.go:446.2,446.29 1 1
github.com/gochain/gochain/pkg/security/fuzzer.go:446.29,448.3 1 1
github.com/gochain/gochain/pkg/security/fuzzer.go:450.2,450.14 1 1
github.com/gochain/gochain/pkg/security/fuzzer.go:454.67,455.21 1 1
github.com/gochain/gochain/pkg/security/fuzzer.go:455.21,457.3 1 0
github.com/gochain/gochain/pkg/security/fuzzer.go:459.2,464.22 4 1
github.com/gochain/gochain/pkg/security/fuzzer.go:465.9,468.20 2 1
github.com/gochain/gochain/pkg/security/fuzzer.go:469.9,472.37 2 1
github.com/gochain/gochain/pkg/security/fuzzer.go:473.9,475.43 1 1
github.com/gochain/gochain/pkg/security/fuzzer.go:475.43,479.4 3 1
github.com/gochain/gochain/pkg/security/fuzzer.go:480.9,482.43 1 1
github.com/gochain/gochain/pkg/security/fuzzer.go:482.43,485.4 2 1
github.com/gochain/gochain/pkg/security/fuzzer.go:486.9,488.43 1 1
github.com/gochain/gochain/pkg/security/fuzzer.go:488.43,492.4 3 1
github.com/gochain/gochain/pkg/security/fuzzer.go:495.2,495.16 1 1
github.com/gochain/gochain/pkg/security/fuzzer.go:499.54,504.30 4 1
github.com/gochain/gochain/pkg/security/fuzzer.go:504.30,506.3 1 1
github.com/gochain/gochain/pkg/security/fuzzer.go:507.2,507.16 1 1
github.com/gochain/gochain/pkg/security/fuzzer.go:511.42,525.36 10 1
github.com/gochain/gochain/pkg/security/fuzzer.go:525.36,533.35 8 1
github.com/gochain/gochain/pkg/security/fuzzer.go:533.35,535.4 1 0
github.com/gochain/gochain/pkg/security/fuzzer.go:536.3,542.38 6 1
github.com/gochain/gochain/pkg/security/fuzzer.go:545.2,552.22 7 1
github.com/gochain/gochain/pkg/security/fuzzer.go:552.22,554.34 2 1
github.com/gochain/gochain/pkg/security/fuzzer.go:554.34,555.46 1 1
github.com/gochain/gochain/pkg/security/fuzzer.go:555.46,561.5 5 0
github.com/gochain/gochain/pkg/security/fuzzer.go:565.2,565.15 1 1
github.com/gochain/gochain/pkg/security/fuzzer.go:569.24,570.11 1 1
github.com/gochain/gochain/pkg/security/fuzzer.go:570.11,572.3 1 1
github.com/gochain/gochain/pkg/security/fuzzer.go:573.2,573.10 1 1
github.com/gochain/gochain/pkg/security/fuzzer.go:576.29,580.2 3 0
github.com/gochain/gochain/pkg/security/quantum_resistant.go:32.75,33.19 1 1
github.com/gochain/gochain/pkg/security/quantum_resistant.go:34.29,42.4 1 1
github.com/gochain/gochain/pkg/security/quantum_resistant.go:43.26,51.4 1 1
github.com/gochain/gochain/pkg/security/quantum_resistant.go:52.26,60.4 1 1
github.com/gochain/gochain/pkg/security/quantum_resistant.go:61.29,69.4 1 1
github.com/gochain/gochain/pkg/security/quantum_resistant.go:70.29,78.4 1 1
github.com/gochain/gochain/pkg/security/quantum_resistant.go:79.10,87.4 1 1
github.com/gochain/gochain/pkg/security/quantum_resistant.go:115.93,121.2 2 1
github.com/gochain/gochain/pkg/security/quantum_resistant.go:124.88,125.23 1 1
github.com/gochain/gochain/pkg/security/quantum_resistant.go:126.29,127.38 1 1
github.com/gochain/gochain/pkg/security/quantum_resistant.go:128.26,129.40 1 1
github.com/gochain/gochain/pkg/security/quantum_resistant.go:130.26,131.40 1 1
github.com/gochain/gochain/pkg/security/quantum_resistant.go:132.29,133.43 1 1
github.com/gochain/gochain/pkg/security/quantum_resistant.go:134.29,135.38 1 1
github.com/gochain/gochain/pkg/security/quantum_resistant.go:136.10,137.69 1 0
github.com/gochain/gochain/pkg/security/quantum_resistant.go:142.112,143.23 1 1
github.com/gochain/gochain/pkg/security/quantum_resistant.go:144.29,145.46 1 1
github.com/gochain/gochain/pkg/security/quantum_resistant.go:146.26,147.48 1 1
github.com/gochain/gochain/pkg/security/quantum_resistant.go:148.26,149.48 1 1
github.com/gochain/gochain/pkg/security/quantum_resistant.go:150.29,151.51 1 1
github.com/gochain/gochain/pkg/security/quantum_resistant.go:152.29,153.46 1 1
github.com/gochain/gochain/pkg/security/quantum_resistant.go:154.10,155.69 1 0
github.com/gochain/gochain/pkg/security/quantum_resistant.go:160.111,161.23 1 1
github.com/gochain/gochain/pkg/security/quantum_resistant.go:162.29,163.47 1 1
github.com/gochain/gochain/pkg/security/quantum_resistant.go:164.26,165.49 1 1
github.com/gochain/gochain/pkg/security/quantum_resistant.go:166.26,167.49 1 1
github.com/gochain/gochain/pkg/security/quantum_resistant.go:168.29,169.52 1 1
github.com/gochain/gochain/pkg/security/quantum_resistant.go:170.29,171.47 1 1
github.com/gochain/gochain/pkg/security/quantum_resistant.go:172.10,173.71 1 0
github.com/gochain/gochain/pkg/security/quantum_resistant.go:178.95,184.49 2 1
github.com/gochain/gochain/pkg/security/quantum_resistant.go:184.49,186.3 1 0
github.com/gochain/gochain/pkg/security/quantum_resistant.go:189.2,193.27 3 1
github.com/gochain/gochain/pkg/security/quantum_resistant.go:193.27,195.3 1 1
github.com/gochain/gochain/pkg/security/quantum_resistant.go:197.2,202.8 1 1
github.com/gochain/gochain/pkg/security/quantum_resistant.go:206.97,212.43 2 1
github.com/gochain/gochain/pkg/security/quantum_resistant.go:212.43,214.3 1 0
github.com/gochain/gochain/pkg/security/quantum_resistant.go:217.2,230.8 6 1
github.com/gochain/gochain/pkg/security/quantum_resistant.go:234.97,240.49 2 1
github.com/gochain/gochain/pkg/security/quantum_resistant.go:240.49,242.3 1 0
github.com/gochain/gochain/pkg/security/quantum_resistant.go:245.2,249.27 3 1
github.com/gochain/gochain/pkg/security/quantum_resistant.go:249.27,251.3 1 1
github.com/gochain/gochain/pkg/security/quantum_resistant.go:253.2,258.8 1 1
github.com/gochain/gochain/pkg/security/quantum_resistant.go:262.100,268.49 2 1
github.com/gochain/gochain/pkg/security/quantum_resistant.go:268.49,270.3 1 0
github.com/gochain/gochain/pkg/security/quantum_resistant.go:273.2,277.27 3 1
github.com/gochain/gochain/pkg/security/quantum_resistant.go:277.27,279.3 1 1
github.com/gochain/gochain/pkg/security/quantum_resistant.go:281.2,286.8 1 1
github.com/gochain/gochain/pkg/security/quantum_resistant.go:290.95,296.49 2 1
github.com/gochain/gochain/pkg/security/quantum_resistant.go:296.49,298.3 1 0
github.com/gochain/gochain/pkg/security/quantum_resistant.go:301.2,305.27 3 1
github.com/gochain/gochain/pkg/security/quantum_resistant.go:305.27,307.3 1 1
github.com/gochain/gochain/pkg/security/quantum_resistant.go:309.2,314.8 1 1
github.com/gochain/gochain/pkg/security/quantum_resistant.go:318.119,327.37 3 1
github.com/gochain/gochain/pkg/security/quantum_resistant.go:327.37,329.3 1 1
github.com/gochain/gochain/pkg/security/quantum_resistant.go:331.2,335.27 3 1
github.com/gochain/gochain/pkg/security/quantum_resistant.go:335.27,336.27 1 1
github.com/gochain/gochain/pkg/security/quantum_resistant.go:336.27,338.4 1 1
github.com/gochain/gochain/pkg/security/quantum_resistant.go:341.2,347.8 1 1
github.com/gochain/gochain/pkg/security/quantum_resistant.go:351.120,360.37 3 1
github.com/gochain/gochain/pkg/security/quantum_resistant.go:360.37,362.3 1 1
github.com/gochain/gochain/pkg/security/quantum_resistant.go:364.2,377.8 5 1
github.com/gochain/gochain/pkg/security/quantum_resistant.go:381.120,390.37 3 1
github.com/gochain/gochain/pkg/security/quantum_resistant.go:390.37,392.3 1 0
github.com/gochain/gochain/pkg/security/quantum_resistant.go:394.2,398.27 3 1
github.com/gochain/gochain/pkg/security/quantum_resistant.go:398.27,400.3 1 1
github.com/gochain/gochain/pkg/security/quantum_resistant.go:402.2,408.8 1 1
github.com/gochain/gochain/pkg/security/quantum_resistant.go:412.123,421.37 3 1
github.com/gochain/gochain/pkg/security/quantum_resistant.go:421.37,423.3 1 0
github.com/gochain/gochain/pkg/security/quantum_resistant.go:425.2,429.27 3 1
github.com/gochain/gochain/pkg/security/quantum_resistant.go:429.27,431.3 1 1
github.com/gochain/gochain/pkg/security/quantum_resistant.go:433.2,439.8 1 1
github.com/gochain/gochain/pkg/security/quantum_resistant.go:443.118,452.37 3 1
github.com/gochain/gochain/pkg/security/quantum_resistant.go:452.37,454.3 1 0
github.com/gochain/gochain/pkg/security/quantum_resistant.go:456.2,460.27 3 1
github.com/gochain/gochain/pkg/security/quantum_resistant.go:460.27,463.3 2 1
github.com/gochain/gochain/pkg/security/quantum_resistant.go:465.2,471.8 1 1
github.com/gochain/gochain/pkg/security/quantum_resistant.go:475.117,483.56 2 1
github.com/gochain/gochain/pkg/security/quantum_resistant.go:483.56,486.3 1 1
github.com/gochain/gochain/pkg/security/quantum_resistant.go:490.2,490.35 1 1
github.com/gochain/gochain/pkg/security/quantum_resistant.go:490.35,492.3 1 0
github.com/gochain/gochain/pkg/security/quantum_resistant.go:494.2,494.18 1 1
github.com/gochain/gochain/pkg/security/quantum_resistant.go:498.119,506.56 2 1
github.com/gochain/gochain/pkg/security/quantum_resistant.go:506.56,508.3 1 0
github.com/gochain/gochain/pkg/security/quantum_resistant.go:511.2,511.35 1 1
github.com/gochain/gochain/pkg/security/quantum_resistant.go:511.35,513.3 1 0
github.com/gochain/gochain/pkg/security/quantum_resistant.go:515.2,515.18 1 1
github.com/gochain/gochain/pkg/security/quantum_resistant.go:519.120,527.56 2 1
github.com/gochain/gochain/pkg/security/quantum_resistant.go:527.56,529.3 1 0
github.com/gochain/gochain/pkg/security/quantum_resistant.go:532.2,532.56 1 1
github.com/gochain/gochain/pkg/security/quantum_resistant.go:532.56,534.3 1 0
github.com/gochain/gochain/pkg/security/quantum_resistant.go:536.2,536.18 1 1
github.com/gochain/gochain/pkg/security/quantum_resistant.go:540.123,548.56 2 1
github.com/gochain/gochain/pkg/security/quantum_resistant.go:548.56,550.3 1 0
github.com/gochain/gochain/pkg/security/quantum_resistant.go:553.2,553.56 1 1
github.com/gochain/gochain/pkg/security/quantum_resistant.go:553.56,555.3 1 0
github.com/gochain/gochain/pkg/security/quantum_resistant.go:557.2,557.18 1 1
github.com/gochain/gochain/pkg/security/quantum_resistant.go:561.118,569.56 2 1
github.com/gochain/gochain/pkg/security/quantum_resistant.go:569.56,571.3 1 0
github.com/gochain/gochain/pkg/security/quantum_resistant.go:574.2,574.56 1 1
github.com/gochain/gochain/pkg/security/quantum_resistant.go:574.56,576.3 1 0
github.com/gochain/gochain/pkg/security/quantum_resistant.go:578.2,578.18 1 1
github.com/gochain/gochain/pkg/security/quantum_resistant.go:582.35,583.22 1 1
github.com/gochain/gochain/pkg/security/quantum_resistant.go:583.22,585.3 1 0
github.com/gochain/gochain/pkg/security/quantum_resistant.go:586.2,586.19 1 1
github.com/gochain/gochain/pkg/security/quantum_resistant.go:586.19,587.19 1 1
github.com/gochain/gochain/pkg/security/quantum_resistant.go:587.19,589.4 1 1
github.com/gochain/gochain/pkg/security/quantum_resistant.go:591.2,591.13 1 1
github.com/gochain/gochain/pkg/security/quantum_resistant.go:595.61,597.25 2 1
github.com/gochain/gochain/pkg/security/quantum_resistant.go:597.25,600.23 3 1
github.com/gochain/gochain/pkg/security/quantum_resistant.go:600.23,602.4 1 1
github.com/gochain/gochain/pkg/security/quantum_resistant.go:604.2,604.20 1 1
github.com/gochain/gochain/pkg/security/quantum_resistant.go:608.73,611.2 2 1
github.com/gochain/gochain/pkg/security/quantum_resistant.go:614.62,617.2 2 1
github.com/gochain/gochain/pkg/security/zk_proofs.go:31.51,32.19 1 1
github.com/gochain/gochain/pkg/security/zk_proofs.go:33.24,41.4 1 1
github.com/gochain/gochain/pkg/security/zk_proofs.go:42.29,50.4 1 1
github.com/gochain/gochain/pkg/security/zk_proofs.go:51.24,59.4 1 1
github.com/gochain/gochain/pkg/security/zk_proofs.go:60.24,68.4 1 1
github.com/gochain/gochain/pkg/security/zk_proofs.go:69.30,77.4 1 1
github.com/gochain/gochain/pkg/security/zk_proofs.go:78.10,86.4 1 1
github.com/gochain/gochain/pkg/security/zk_proofs.go:112.49,118.2 2 1
github.com/gochain/gochain/pkg/security/zk_proofs.go:121.53,127.2 2 1
github.com/gochain/gochain/pkg/security/zk_proofs.go:130.87,131.22 1 1
github.com/gochain/gochain/pkg/security/zk_proofs.go:132.24,133.53 1 1
github.com/gochain/gochain/pkg/security/zk_proofs.go:134.29,135.58 1 1
github.com/gochain/gochain/pkg/security/zk_proofs.go:136.24,137.53 1 1
github.com/gochain/gochain/pkg/security/zk_proofs.go:138.24,139.53 1 1
github.com/gochain/gochain/pkg/security/zk_proofs.go:140.30,141.59 1 1
github.com/gochain/gochain/pkg/security/zk_proofs.go:142.10,143.69 1 0
github.com/gochain/gochain/pkg/security/zk_proofs.go:148.83,149.22 1 1
github.com/gochain/gochain/pkg/security/zk_proofs.go:150.24,151.49 1 1
github.com/gochain/gochain/pkg/security/zk_proofs.go:152.29,153.54 1 1
github.com/gochain/gochain/pkg/security/zk_proofs.go:154.24,155.49 1 1
github.com/gochain/gochain/pkg/security/zk_proofs.go:156.24,157.49 1 1
github.com/gochain/gochain/pkg/security/zk_proofs.go:158.30,159.55 1 1
github.com/gochain/gochain/pkg/security/zk_proofs.go:160.10,161.71 1 0
github.com/gochain/gochain/pkg/security/zk_proofs.go:166.94,175.30 3 1
github.com/gochain/gochain/pkg/security/zk_proofs.go:175.30,177.3 1 1
github.com/gochain/gochain/pkg/security/zk_proofs.go:179.2,183.23 3 1
github.com/gochain/gochain/pkg/security/zk_proofs.go:183.23,184.25 1 1
github.com/gochain/gochain/pkg/security/zk_proofs.go:184.25,186.4 1 1
github.com/gochain/gochain/pkg/security/zk_proofs.go:190.2,200.8 4 1
github.com/gochain/gochain/pkg/security/zk_proofs.go:204.99,210.49 2 1
github.com/gochain/gochain/pkg/security/zk_proofs.go:210.49,212.3 1 0
github.com/gochain/gochain/pkg/security/zk_proofs.go:215.2,216.30 2 1
github.com/gochain/gochain/pkg/security/zk_proofs.go:216.30,218.3 1 1
github.com/gochain/gochain/pkg/security/zk_proofs.go:220.2,224.20 3 1
github.com/gochain/gochain/pkg/security/zk_proofs.go:224.20,226.3 1 0
github.com/gochain/gochain/pkg/security/zk_proofs.go:229.2,239.8 4 1
github.com/gochain/gochain/pkg/security/zk_proofs.go:243.94,249.44 2 1
github.com/gochain/gochain/pkg/security/zk_proofs.go:249.44,251.3 1 0
github.com/gochain/gochain/pkg/security/zk_proofs.go:254.2,255.30 2 1
github.com/gochain/gochain/pkg/security/zk_proofs.go:255.30,257.3 1 1
github.com/gochain/gochain/pkg/security/zk_proofs.go:259.2,263.20 3 1
github.com/gochain/gochain/pkg/security/zk_proofs.go:263.20,266.3 2 0
github.com/gochain/gochain/pkg/security/zk_proofs.go:269.2,279.8 4 1
github.com/gochain/gochain/pkg/security/zk_proofs.go:283.94,289.51 2 1
github.com/gochain/gochain/pkg/security/zk_proofs.go:289.51,291.3 1 0
github.com/gochain/gochain/pkg/security/zk_proofs.go:294.2,295.30 2 1
github.com/gochain/gochain/pkg/security/zk_proofs.go:295.30,297.3 1 1
github.com/gochain/gochain/pkg/security/zk_proofs.go:299.2,303.20 3 1
github.com/gochain/gochain/pkg/security/zk_proofs.go:303.20,305.3 1 0
github.com/gochain/gochain/pkg/security/zk_proofs.go:308.2,318.8 4 1
github.com/gochain/gochain/pkg/security/zk_proofs.go:322.100,328.50 2 1
github.com/gochain/gochain/pkg/security/zk_proofs.go:328.50,330.3 1 0
github.com/gochain/gochain/pkg/security/zk_proofs.go:333.2,334.30 2 1
github.com/gochain/gochain/pkg/security/zk_proofs.go:334.30,336.3 1 1
github.com/gochain/gochain/pkg/security/zk_proofs.go:338.2,342.21 3 1
github.com/gochain/gochain/pkg/security/zk_proofs.go:342.21,344.3 1 0
github.com/gochain/gochain/pkg/security/zk_proofs.go:347.2,357.8 4 1
github.com/gochain/gochain/pkg/security/zk_proofs.go:361.90,365.27 1 1
github.com/gochain/gochain/pkg/security/zk_proofs.go:365.27,367.3 1 0
github.com/gochain/gochain/pkg/security/zk_proofs.go:372.2,374.56 2 1
github.com/gochain/gochain/pkg/security/zk_proofs.go:374.56,377.3 1 1
github.com/gochain/gochain/pkg/security/zk_proofs.go:379.2,379.18 1 1
github.com/gochain/gochain/pkg/security/zk_proofs.go:383.95,387.27 1 1
github.com/gochain/gochain/pkg/security/zk_proofs.go:387.27,389.3 1 0
github.com/gochain/gochain/pkg/security/zk_proofs.go:392.2,393.56 2 1
github.com/gochain/gochain/pkg/security/zk_proofs.go:393.56,395.3 1 0
github.com/gochain/gochain/pkg/security/zk_proofs.go:397.2,397.18 1 1
github.com/gochain/gochain/pkg/security/zk_proofs.go:401.90,405.27 1 1
github.com/gochain/gochain/pkg/security/zk_proofs.go:405.27,407.3 1 0
github.com/gochain/gochain/pkg/security/zk_proofs.go:410.2,411.56 2 1
github.com/gochain/gochain/pkg/security/zk_proofs.go:411.56,413.3 1 0
github.com/gochain/gochain/pkg/security/zk_proofs.go:415.2,415.18 1 1
github.com/gochain/gochain/pkg/security/zk_proofs.go:419.90,423.27 1 1
github.com/gochain/gochain/pkg/security/zk_proofs.go:423.27,425.3 1 0
github.com/gochain/gochain/pkg/security/zk_proofs.go:428.2,429.56 2 1
github.com/gochain/gochain/pkg/security/zk_proofs.go:429.56,431.3 1 0
github.com/gochain/gochain/pkg/security/zk_proofs.go:433.2,433.18 1 1
github.com/gochain/gochain/pkg/security/zk_proofs.go:437.96,441.27 1 1
github.com/gochain/gochain/pkg/security/zk_proofs.go:441.27,443.3 1 0
github.com/gochain/gochain/pkg/security/zk_proofs.go:446.2,447.56 2 1
github.com/gochain/gochain/pkg/security/zk_proofs.go:447.56,449.3 1 0
github.com/gochain/gochain/pkg/security/zk_proofs.go:451.2,451.18 1 1
github.com/gochain/gochain/pkg/security/zk_proofs.go:455.27,456.11 1 1
github.com/gochain/gochain/pkg/security/zk_proofs.go:456.11,458.3 1 0
github.com/gochain/gochain/pkg/security/zk_proofs.go:459.2,459.10 1 1
github.com/gochain/gochain/pkg/security/zk_proofs.go:463.45,465.25 2 1
github.com/gochain/gochain/pkg/security/zk_proofs.go:465.25,468.23 3 1
github.com/gochain/gochain/pkg/security/zk_proofs.go:468.23,470.4 1 1
github.com/gochain/gochain/pkg/security/zk_proofs.go:472.2,472.20 1 1
github.com/gochain/gochain/pkg/security/zk_proofs.go:476.53,479.2 2 1
github.com/gochain/gochain/pkg/security/zk_proofs.go:482.56,485.2 2 1
