mode: atomic
github.com/gochain/gochain/pkg/sync/protocol.go:70.150,83.2 3 45
github.com/gochain/gochain/pkg/sync/protocol.go:86.41,91.2 4 45
github.com/gochain/gochain/pkg/sync/protocol.go:94.57,98.67 3 11
github.com/gochain/gochain/pkg/sync/protocol.go:98.67,100.3 1 0
github.com/gochain/gochain/pkg/sync/protocol.go:103.2,114.12 3 11
github.com/gochain/gochain/pkg/sync/protocol.go:118.54,119.15 1 11
github.com/gochain/gochain/pkg/sync/protocol.go:119.15,122.50 3 10
github.com/gochain/gochain/pkg/sync/protocol.go:122.50,125.4 2 10
github.com/gochain/gochain/pkg/sync/protocol.go:129.2,129.25 1 11
github.com/gochain/gochain/pkg/sync/protocol.go:129.25,134.50 3 11
github.com/gochain/gochain/pkg/sync/protocol.go:134.50,138.4 3 10
github.com/gochain/gochain/pkg/sync/protocol.go:139.3,140.9 2 10
github.com/gochain/gochain/pkg/sync/protocol.go:145.2,145.29 1 0
github.com/gochain/gochain/pkg/sync/protocol.go:149.64,153.49 3 6
github.com/gochain/gochain/pkg/sync/protocol.go:153.49,158.36 3 6
github.com/gochain/gochain/pkg/sync/protocol.go:158.36,163.14 2 3
github.com/gochain/gochain/pkg/sync/protocol.go:163.14,166.5 2 3
github.com/gochain/gochain/pkg/sync/protocol.go:167.9,169.4 1 3
github.com/gochain/gochain/pkg/sync/protocol.go:174.64,189.52 6 1
github.com/gochain/gochain/pkg/sync/protocol.go:189.52,191.17 2 3
github.com/gochain/gochain/pkg/sync/protocol.go:191.17,192.9 1 0
github.com/gochain/gochain/pkg/sync/protocol.go:195.3,195.29 1 3
github.com/gochain/gochain/pkg/sync/protocol.go:195.29,197.4 1 2
github.com/gochain/gochain/pkg/sync/protocol.go:200.2,200.16 1 1
github.com/gochain/gochain/pkg/sync/protocol.go:200.16,202.3 1 1
github.com/gochain/gochain/pkg/sync/protocol.go:205.2,206.49 2 0
github.com/gochain/gochain/pkg/sync/protocol.go:206.49,210.3 3 0
github.com/gochain/gochain/pkg/sync/protocol.go:211.2,213.12 2 0
github.com/gochain/gochain/pkg/sync/protocol.go:217.127,219.16 2 3
github.com/gochain/gochain/pkg/sync/protocol.go:219.16,221.3 1 3
github.com/gochain/gochain/pkg/sync/protocol.go:222.2,226.16 3 0
github.com/gochain/gochain/pkg/sync/protocol.go:226.16,228.3 1 0
github.com/gochain/gochain/pkg/sync/protocol.go:230.2,230.49 1 0
github.com/gochain/gochain/pkg/sync/protocol.go:230.49,232.3 1 0
github.com/gochain/gochain/pkg/sync/protocol.go:235.2,237.16 3 0
github.com/gochain/gochain/pkg/sync/protocol.go:237.16,239.3 1 0
github.com/gochain/gochain/pkg/sync/protocol.go:241.2,242.65 2 0
github.com/gochain/gochain/pkg/sync/protocol.go:242.65,244.3 1 0
github.com/gochain/gochain/pkg/sync/protocol.go:246.2,246.23 1 0
github.com/gochain/gochain/pkg/sync/protocol.go:250.59,253.22 3 2
github.com/gochain/gochain/pkg/sync/protocol.go:253.22,255.3 1 2
github.com/gochain/gochain/pkg/sync/protocol.go:258.2,258.39 1 0
github.com/gochain/gochain/pkg/sync/protocol.go:258.39,260.35 2 0
github.com/gochain/gochain/pkg/sync/protocol.go:260.35,262.4 1 0
github.com/gochain/gochain/pkg/sync/protocol.go:264.3,270.17 3 0
github.com/gochain/gochain/pkg/sync/protocol.go:270.17,272.4 1 0
github.com/gochain/gochain/pkg/sync/protocol.go:275.3,275.34 1 0
github.com/gochain/gochain/pkg/sync/protocol.go:275.34,276.51 1 0
github.com/gochain/gochain/pkg/sync/protocol.go:276.51,278.13 2 0
github.com/gochain/gochain/pkg/sync/protocol.go:282.3,286.50 3 0
github.com/gochain/gochain/pkg/sync/protocol.go:286.50,288.4 1 0
github.com/gochain/gochain/pkg/sync/protocol.go:289.3,289.17 1 0
github.com/gochain/gochain/pkg/sync/protocol.go:292.2,292.12 1 0
github.com/gochain/gochain/pkg/sync/protocol.go:296.58,299.22 3 1
github.com/gochain/gochain/pkg/sync/protocol.go:299.22,301.3 1 1
github.com/gochain/gochain/pkg/sync/protocol.go:304.2,304.39 1 0
github.com/gochain/gochain/pkg/sync/protocol.go:304.39,306.35 2 0
github.com/gochain/gochain/pkg/sync/protocol.go:306.35,308.4 1 0
github.com/gochain/gochain/pkg/sync/protocol.go:311.3,311.66 1 0
github.com/gochain/gochain/pkg/sync/protocol.go:311.66,317.18 3 0
github.com/gochain/gochain/pkg/sync/protocol.go:317.18,319.13 2 0
github.com/gochain/gochain/pkg/sync/protocol.go:323.4,323.53 1 0
github.com/gochain/gochain/pkg/sync/protocol.go:323.53,325.13 2 0
github.com/gochain/gochain/pkg/sync/protocol.go:329.4,330.51 2 0
github.com/gochain/gochain/pkg/sync/protocol.go:330.51,332.5 1 0
github.com/gochain/gochain/pkg/sync/protocol.go:333.4,333.18 1 0
github.com/gochain/gochain/pkg/sync/protocol.go:336.3,336.28 1 0
github.com/gochain/gochain/pkg/sync/protocol.go:339.2,339.12 1 0
github.com/gochain/gochain/pkg/sync/protocol.go:343.61,348.2 2 1
github.com/gochain/gochain/pkg/sync/protocol.go:351.114,356.16 4 0
github.com/gochain/gochain/pkg/sync/protocol.go:356.16,358.3 1 0
github.com/gochain/gochain/pkg/sync/protocol.go:359.2,363.16 3 0
github.com/gochain/gochain/pkg/sync/protocol.go:363.16,365.3 1 0
github.com/gochain/gochain/pkg/sync/protocol.go:367.2,367.49 1 0
github.com/gochain/gochain/pkg/sync/protocol.go:367.49,369.3 1 0
github.com/gochain/gochain/pkg/sync/protocol.go:372.2,374.16 3 0
github.com/gochain/gochain/pkg/sync/protocol.go:374.16,376.3 1 0
github.com/gochain/gochain/pkg/sync/protocol.go:378.2,379.68 2 0
github.com/gochain/gochain/pkg/sync/protocol.go:379.68,381.3 1 0
github.com/gochain/gochain/pkg/sync/protocol.go:383.2,383.33 1 0
github.com/gochain/gochain/pkg/sync/protocol.go:387.93,392.16 4 0
github.com/gochain/gochain/pkg/sync/protocol.go:392.16,394.3 1 0
github.com/gochain/gochain/pkg/sync/protocol.go:395.2,399.16 3 0
github.com/gochain/gochain/pkg/sync/protocol.go:399.16,401.3 1 0
github.com/gochain/gochain/pkg/sync/protocol.go:403.2,403.49 1 0
github.com/gochain/gochain/pkg/sync/protocol.go:403.49,405.3 1 0
github.com/gochain/gochain/pkg/sync/protocol.go:408.2,410.16 3 0
github.com/gochain/gochain/pkg/sync/protocol.go:410.16,412.3 1 0
github.com/gochain/gochain/pkg/sync/protocol.go:414.2,415.66 2 0
github.com/gochain/gochain/pkg/sync/protocol.go:415.66,417.3 1 0
github.com/gochain/gochain/pkg/sync/protocol.go:419.2,419.22 1 0
github.com/gochain/gochain/pkg/sync/protocol.go:419.22,421.3 1 0
github.com/gochain/gochain/pkg/sync/protocol.go:423.2,423.33 1 0
github.com/gochain/gochain/pkg/sync/protocol.go:427.70,440.46 2 3
github.com/gochain/gochain/pkg/sync/protocol.go:440.46,442.3 1 1
github.com/gochain/gochain/pkg/sync/protocol.go:445.2,449.12 4 2
github.com/gochain/gochain/pkg/sync/protocol.go:453.62,456.53 2 4
github.com/gochain/gochain/pkg/sync/protocol.go:456.53,458.3 1 2
github.com/gochain/gochain/pkg/sync/protocol.go:461.2,461.40 1 2
github.com/gochain/gochain/pkg/sync/protocol.go:461.40,463.3 1 0
github.com/gochain/gochain/pkg/sync/protocol.go:466.2,466.55 1 2
github.com/gochain/gochain/pkg/sync/protocol.go:466.55,468.3 1 0
github.com/gochain/gochain/pkg/sync/protocol.go:470.2,471.12 2 2
github.com/gochain/gochain/pkg/sync/protocol.go:475.52,481.24 3 1
github.com/gochain/gochain/pkg/sync/protocol.go:481.24,483.3 1 0
github.com/gochain/gochain/pkg/sync/protocol.go:486.2,487.25 2 1
github.com/gochain/gochain/pkg/sync/protocol.go:487.25,489.3 1 0
github.com/gochain/gochain/pkg/sync/protocol.go:491.2,491.63 1 1
github.com/gochain/gochain/pkg/sync/protocol.go:491.63,493.19 2 101
github.com/gochain/gochain/pkg/sync/protocol.go:493.19,495.12 1 0
github.com/gochain/gochain/pkg/sync/protocol.go:499.3,500.16 2 101
github.com/gochain/gochain/pkg/sync/protocol.go:500.16,501.32 1 101
github.com/gochain/gochain/pkg/sync/protocol.go:501.32,503.5 1 0
github.com/gochain/gochain/pkg/sync/protocol.go:506.3,507.35 2 101
github.com/gochain/gochain/pkg/sync/protocol.go:507.35,509.4 1 101
github.com/gochain/gochain/pkg/sync/protocol.go:513.2,513.23 1 1
github.com/gochain/gochain/pkg/sync/protocol.go:513.23,515.3 1 0
github.com/gochain/gochain/pkg/sync/protocol.go:517.2,517.16 1 1
github.com/gochain/gochain/pkg/sync/protocol.go:521.69,525.2 3 7
github.com/gochain/gochain/pkg/sync/protocol.go:528.66,534.16 4 0
github.com/gochain/gochain/pkg/sync/protocol.go:534.16,537.3 2 0
github.com/gochain/gochain/pkg/sync/protocol.go:539.2,540.63 2 0
github.com/gochain/gochain/pkg/sync/protocol.go:540.63,543.3 2 0
github.com/gochain/gochain/pkg/sync/protocol.go:546.2,555.16 3 0
github.com/gochain/gochain/pkg/sync/protocol.go:555.16,558.3 2 0
github.com/gochain/gochain/pkg/sync/protocol.go:560.2,560.50 1 0
github.com/gochain/gochain/pkg/sync/protocol.go:560.50,563.3 2 0
github.com/gochain/gochain/pkg/sync/protocol.go:566.68,572.16 4 0
github.com/gochain/gochain/pkg/sync/protocol.go:572.16,575.3 2 0
github.com/gochain/gochain/pkg/sync/protocol.go:577.2,578.66 2 0
github.com/gochain/gochain/pkg/sync/protocol.go:578.66,581.3 2 0
github.com/gochain/gochain/pkg/sync/protocol.go:584.2,594.16 4 0
github.com/gochain/gochain/pkg/sync/protocol.go:594.16,597.3 2 0
github.com/gochain/gochain/pkg/sync/protocol.go:599.2,599.50 1 0
github.com/gochain/gochain/pkg/sync/protocol.go:599.50,602.3 2 0
github.com/gochain/gochain/pkg/sync/protocol.go:605.67,611.16 4 0
github.com/gochain/gochain/pkg/sync/protocol.go:611.16,614.3 2 0
github.com/gochain/gochain/pkg/sync/protocol.go:616.2,617.64 2 0
github.com/gochain/gochain/pkg/sync/protocol.go:617.64,620.3 2 0
github.com/gochain/gochain/pkg/sync/protocol.go:623.2,630.18 3 0
github.com/gochain/gochain/pkg/sync/protocol.go:630.18,632.17 2 0
github.com/gochain/gochain/pkg/sync/protocol.go:632.17,635.4 2 0
github.com/gochain/gochain/pkg/sync/protocol.go:639.2,640.16 2 0
github.com/gochain/gochain/pkg/sync/protocol.go:640.16,643.3 2 0
github.com/gochain/gochain/pkg/sync/protocol.go:645.2,645.50 1 0
github.com/gochain/gochain/pkg/sync/protocol.go:645.50,648.3 2 0
github.com/gochain/gochain/pkg/sync/protocol.go:651.67,657.16 4 0
github.com/gochain/gochain/pkg/sync/protocol.go:657.16,660.3 2 0
github.com/gochain/gochain/pkg/sync/protocol.go:662.2,663.64 2 0
github.com/gochain/gochain/pkg/sync/protocol.go:663.64,666.3 2 0
github.com/gochain/gochain/pkg/sync/protocol.go:669.2,677.16 3 0
github.com/gochain/gochain/pkg/sync/protocol.go:677.16,680.3 2 0
github.com/gochain/gochain/pkg/sync/protocol.go:682.2,682.50 1 0
github.com/gochain/gochain/pkg/sync/protocol.go:682.50,685.3 2 0
github.com/gochain/gochain/pkg/sync/protocol.go:689.84,691.47 1 4
github.com/gochain/gochain/pkg/sync/protocol.go:691.47,693.3 1 2
github.com/gochain/gochain/pkg/sync/protocol.go:696.2,696.31 1 2
github.com/gochain/gochain/pkg/sync/protocol.go:696.31,699.41 3 0
github.com/gochain/gochain/pkg/sync/protocol.go:699.41,701.4 1 0
github.com/gochain/gochain/pkg/sync/protocol.go:703.3,703.60 1 0
github.com/gochain/gochain/pkg/sync/protocol.go:703.60,705.20 2 0
github.com/gochain/gochain/pkg/sync/protocol.go:705.20,706.64 1 0
github.com/gochain/gochain/pkg/sync/protocol.go:706.64,708.11 2 0
github.com/gochain/gochain/pkg/sync/protocol.go:714.3,715.35 2 0
github.com/gochain/gochain/pkg/sync/protocol.go:715.35,717.4 1 0
github.com/gochain/gochain/pkg/sync/protocol.go:720.3,720.44 1 0
github.com/gochain/gochain/pkg/sync/protocol.go:724.2,726.34 3 2
github.com/gochain/gochain/pkg/sync/protocol.go:726.34,728.3 1 0
github.com/gochain/gochain/pkg/sync/protocol.go:731.2,731.42 1 2
github.com/gochain/gochain/pkg/sync/protocol.go:735.82,739.37 3 3
github.com/gochain/gochain/pkg/sync/protocol.go:739.37,741.27 2 112
github.com/gochain/gochain/pkg/sync/protocol.go:741.27,742.9 1 1
github.com/gochain/gochain/pkg/sync/protocol.go:744.3,745.19 2 111
github.com/gochain/gochain/pkg/sync/protocol.go:745.19,746.9 1 0
github.com/gochain/gochain/pkg/sync/protocol.go:749.3,750.29 2 111
github.com/gochain/gochain/pkg/sync/protocol.go:750.29,752.12 2 0
github.com/gochain/gochain/pkg/sync/protocol.go:756.3,757.10 2 111
github.com/gochain/gochain/pkg/sync/protocol.go:757.10,759.12 2 0
github.com/gochain/gochain/pkg/sync/protocol.go:762.3,773.41 2 111
github.com/gochain/gochain/pkg/sync/protocol.go:776.2,776.16 1 3
github.com/gochain/gochain/pkg/sync/protocol.go:780.74,785.18 4 7
github.com/gochain/gochain/pkg/sync/protocol.go:785.18,787.3 1 3
github.com/gochain/gochain/pkg/sync/protocol.go:789.2,789.23 1 4
github.com/gochain/gochain/pkg/sync/protocol.go:789.23,791.3 1 0
github.com/gochain/gochain/pkg/sync/protocol.go:793.2,794.22 2 4
github.com/gochain/gochain/pkg/sync/protocol.go:798.68,803.42 4 2
github.com/gochain/gochain/pkg/sync/protocol.go:803.42,805.3 1 3
github.com/gochain/gochain/pkg/sync/protocol.go:807.2,807.15 1 2
github.com/gochain/gochain/pkg/sync/protocol.go:811.73,815.2 3 2
github.com/gochain/gochain/pkg/sync/protocol.go:818.44,822.2 3 1
github.com/gochain/gochain/pkg/sync/protocol.go:825.31,827.64 1 11
github.com/gochain/gochain/pkg/sync/protocol.go:827.64,829.3 1 11
github.com/gochain/gochain/pkg/sync/protocol.go:832.2,832.42 1 0
github.com/gochain/gochain/pkg/sync/protocol.go:832.42,834.3 1 0
github.com/gochain/gochain/pkg/sync/protocol.go:839.2,839.26 1 0
github.com/gochain/gochain/pkg/sync/protocol.go:839.26,840.44 1 0
github.com/gochain/gochain/pkg/sync/protocol.go:840.44,842.100 2 0
github.com/gochain/gochain/pkg/sync/protocol.go:842.100,844.5 1 0
github.com/gochain/gochain/pkg/sync/protocol.go:848.2,848.14 1 0
github.com/gochain/gochain/pkg/sync/sync.go:57.56,59.2 1 0
github.com/gochain/gochain/pkg/sync/sync.go:62.44,64.2 1 0
github.com/gochain/gochain/pkg/sync/sync.go:67.45,69.2 1 0
github.com/gochain/gochain/pkg/sync/sync.go:72.70,74.2 1 0
github.com/gochain/gochain/pkg/sync/sync.go:77.60,79.2 1 0
github.com/gochain/gochain/pkg/sync/sync.go:82.63,83.43 1 0
github.com/gochain/gochain/pkg/sync/sync.go:83.43,85.3 1 0
github.com/gochain/gochain/pkg/sync/sync.go:86.2,86.41 1 0
github.com/gochain/gochain/pkg/sync/sync.go:120.38,130.2 1 45
github.com/gochain/gochain/pkg/sync/sync.go:154.148,169.17 3 15
github.com/gochain/gochain/pkg/sync/sync.go:169.17,172.3 1 15
github.com/gochain/gochain/pkg/sync/sync.go:174.2,174.11 1 15
github.com/gochain/gochain/pkg/sync/sync.go:178.42,182.25 3 10
github.com/gochain/gochain/pkg/sync/sync.go:182.25,184.3 1 4
github.com/gochain/gochain/pkg/sync/sync.go:187.2,187.28 1 6
github.com/gochain/gochain/pkg/sync/sync.go:187.28,189.3 1 0
github.com/gochain/gochain/pkg/sync/sync.go:191.2,198.12 5 6
github.com/gochain/gochain/pkg/sync/sync.go:202.64,203.28 1 2
github.com/gochain/gochain/pkg/sync/sync.go:203.28,205.3 1 0
github.com/gochain/gochain/pkg/sync/sync.go:207.2,207.42 1 2
github.com/gochain/gochain/pkg/sync/sync.go:211.73,212.28 1 3
github.com/gochain/gochain/pkg/sync/sync.go:212.28,214.3 1 0
github.com/gochain/gochain/pkg/sync/sync.go:216.2,216.48 1 3
github.com/gochain/gochain/pkg/sync/sync.go:220.67,221.28 1 0
github.com/gochain/gochain/pkg/sync/sync.go:221.28,223.3 1 0
github.com/gochain/gochain/pkg/sync/sync.go:225.2,225.40 1 0
github.com/gochain/gochain/pkg/sync/sync.go:229.35,235.2 4 8
github.com/gochain/gochain/pkg/sync/sync.go:238.47,243.2 3 4
github.com/gochain/gochain/pkg/sync/sync.go:246.67,248.14 1 1023
github.com/gochain/gochain/pkg/sync/sync.go:248.14,250.3 1 1
github.com/gochain/gochain/pkg/sync/sync.go:252.2,262.3 3 1022
github.com/gochain/gochain/pkg/sync/sync.go:266.46,271.2 3 1012
github.com/gochain/gochain/pkg/sync/sync.go:274.35,278.6 3 6
github.com/gochain/gochain/pkg/sync/sync.go:278.6,279.10 1 6
github.com/gochain/gochain/pkg/sync/sync.go:280.24,281.10 1 4
github.com/gochain/gochain/pkg/sync/sync.go:282.19,283.20 1 0
github.com/gochain/gochain/pkg/sync/sync.go:289.38,291.26 2 0
github.com/gochain/gochain/pkg/sync/sync.go:291.26,294.3 2 0
github.com/gochain/gochain/pkg/sync/sync.go:295.2,299.21 3 0
github.com/gochain/gochain/pkg/sync/sync.go:299.21,301.3 1 0
github.com/gochain/gochain/pkg/sync/sync.go:304.2,304.45 1 0
github.com/gochain/gochain/pkg/sync/sync.go:304.45,306.3 1 0
github.com/gochain/gochain/pkg/sync/sync.go:309.2,309.31 1 0
github.com/gochain/gochain/pkg/sync/sync.go:309.31,311.3 1 0
github.com/gochain/gochain/pkg/sync/sync.go:315.49,320.24 3 3
github.com/gochain/gochain/pkg/sync/sync.go:320.24,322.3 1 1
github.com/gochain/gochain/pkg/sync/sync.go:324.2,327.32 3 2
github.com/gochain/gochain/pkg/sync/sync.go:327.32,328.31 1 6
github.com/gochain/gochain/pkg/sync/sync.go:328.31,331.4 2 4
github.com/gochain/gochain/pkg/sync/sync.go:334.2,334.17 1 2
github.com/gochain/gochain/pkg/sync/sync.go:338.56,352.2 4 1
github.com/gochain/gochain/pkg/sync/sync.go:355.62,364.70 4 2
github.com/gochain/gochain/pkg/sync/sync.go:364.70,366.3 1 0
github.com/gochain/gochain/pkg/sync/sync.go:368.2,368.38 1 2
github.com/gochain/gochain/pkg/sync/sync.go:372.76,376.2 1 2
github.com/gochain/gochain/pkg/sync/sync.go:379.38,382.2 2 1
