mode: atomic
github.com/gochain/gochain/pkg/utxo/utxo.go:34.28,39.2 1 16
github.com/gochain/gochain/pkg/utxo/utxo.go:42.134,52.2 1 1
github.com/gochain/gochain/pkg/utxo/utxo.go:55.40,61.2 3 36
github.com/gochain/gochain/pkg/utxo/utxo.go:64.44,68.2 3 32
github.com/gochain/gochain/pkg/utxo/utxo.go:71.68,74.13 3 8
github.com/gochain/gochain/pkg/utxo/utxo.go:74.13,76.3 1 1
github.com/gochain/gochain/pkg/utxo/utxo.go:79.2,80.36 2 7
github.com/gochain/gochain/pkg/utxo/utxo.go:80.36,82.3 1 6
github.com/gochain/gochain/pkg/utxo/utxo.go:84.2,85.13 2 7
github.com/gochain/gochain/pkg/utxo/utxo.go:89.72,93.2 3 6
github.com/gochain/gochain/pkg/utxo/utxo.go:96.65,102.2 4 10
github.com/gochain/gochain/pkg/utxo/utxo.go:105.54,110.2 3 14
github.com/gochain/gochain/pkg/utxo/utxo.go:113.60,118.32 4 3
github.com/gochain/gochain/pkg/utxo/utxo.go:118.32,119.30 1 9
github.com/gochain/gochain/pkg/utxo/utxo.go:119.30,121.4 1 3
github.com/gochain/gochain/pkg/utxo/utxo.go:124.2,124.21 1 3
github.com/gochain/gochain/pkg/utxo/utxo.go:128.66,130.2 1 54
github.com/gochain/gochain/pkg/utxo/utxo.go:133.63,135.2 1 4
github.com/gochain/gochain/pkg/utxo/utxo.go:138.59,143.40 3 1
github.com/gochain/gochain/pkg/utxo/utxo.go:143.40,144.72 1 2
github.com/gochain/gochain/pkg/utxo/utxo.go:144.72,146.4 1 0
github.com/gochain/gochain/pkg/utxo/utxo.go:149.2,149.12 1 1
github.com/gochain/gochain/pkg/utxo/utxo.go:153.83,155.34 1 3
github.com/gochain/gochain/pkg/utxo/utxo.go:155.34,157.33 1 2
github.com/gochain/gochain/pkg/utxo/utxo.go:157.33,158.12 1 0
github.com/gochain/gochain/pkg/utxo/utxo.go:162.3,162.53 1 2
github.com/gochain/gochain/pkg/utxo/utxo.go:166.2,166.36 1 3
github.com/gochain/gochain/pkg/utxo/utxo.go:166.36,184.3 4 4
github.com/gochain/gochain/pkg/utxo/utxo.go:186.2,186.12 1 3
github.com/gochain/gochain/pkg/utxo/utxo.go:194.69,196.25 1 0
github.com/gochain/gochain/pkg/utxo/utxo.go:196.25,197.27 1 0
github.com/gochain/gochain/pkg/utxo/utxo.go:197.27,199.4 1 0
github.com/gochain/gochain/pkg/utxo/utxo.go:201.3,201.37 1 0
github.com/gochain/gochain/pkg/utxo/utxo.go:201.37,202.25 1 0
github.com/gochain/gochain/pkg/utxo/utxo.go:202.25,204.5 1 0
github.com/gochain/gochain/pkg/utxo/utxo.go:205.4,205.37 1 0
github.com/gochain/gochain/pkg/utxo/utxo.go:205.37,207.5 1 0
github.com/gochain/gochain/pkg/utxo/utxo.go:209.3,209.13 1 0
github.com/gochain/gochain/pkg/utxo/utxo.go:213.2,213.26 1 0
github.com/gochain/gochain/pkg/utxo/utxo.go:213.26,215.3 1 0
github.com/gochain/gochain/pkg/utxo/utxo.go:218.2,219.34 2 0
github.com/gochain/gochain/pkg/utxo/utxo.go:219.34,221.25 2 0
github.com/gochain/gochain/pkg/utxo/utxo.go:221.25,223.4 1 0
github.com/gochain/gochain/pkg/utxo/utxo.go:224.3,224.28 1 0
github.com/gochain/gochain/pkg/utxo/utxo.go:228.2,229.34 2 0
github.com/gochain/gochain/pkg/utxo/utxo.go:229.34,231.41 1 0
github.com/gochain/gochain/pkg/utxo/utxo.go:231.41,233.4 1 0
github.com/gochain/gochain/pkg/utxo/utxo.go:236.3,237.18 2 0
github.com/gochain/gochain/pkg/utxo/utxo.go:237.18,239.4 1 0
github.com/gochain/gochain/pkg/utxo/utxo.go:242.3,242.22 1 0
github.com/gochain/gochain/pkg/utxo/utxo.go:242.23,245.4 0 0
github.com/gochain/gochain/pkg/utxo/utxo.go:248.3,248.35 1 0
github.com/gochain/gochain/pkg/utxo/utxo.go:248.35,250.4 1 0
github.com/gochain/gochain/pkg/utxo/utxo.go:253.3,258.17 4 0
github.com/gochain/gochain/pkg/utxo/utxo.go:258.17,260.4 1 0
github.com/gochain/gochain/pkg/utxo/utxo.go:261.3,268.37 5 0
github.com/gochain/gochain/pkg/utxo/utxo.go:268.37,271.4 1 0
github.com/gochain/gochain/pkg/utxo/utxo.go:274.3,274.24 1 0
github.com/gochain/gochain/pkg/utxo/utxo.go:274.24,276.4 1 0
github.com/gochain/gochain/pkg/utxo/utxo.go:277.3,281.37 3 0
github.com/gochain/gochain/pkg/utxo/utxo.go:281.37,283.4 1 0
github.com/gochain/gochain/pkg/utxo/utxo.go:286.3,288.16 3 0
github.com/gochain/gochain/pkg/utxo/utxo.go:288.16,290.4 1 0
github.com/gochain/gochain/pkg/utxo/utxo.go:292.3,292.27 1 0
github.com/gochain/gochain/pkg/utxo/utxo.go:296.2,297.36 2 0
github.com/gochain/gochain/pkg/utxo/utxo.go:297.36,298.42 1 0
github.com/gochain/gochain/pkg/utxo/utxo.go:298.42,300.4 1 0
github.com/gochain/gochain/pkg/utxo/utxo.go:301.3,301.30 1 0
github.com/gochain/gochain/pkg/utxo/utxo.go:305.2,305.30 1 0
github.com/gochain/gochain/pkg/utxo/utxo.go:305.30,307.3 1 0
github.com/gochain/gochain/pkg/utxo/utxo.go:310.2,311.18 2 0
github.com/gochain/gochain/pkg/utxo/utxo.go:311.18,313.3 1 0
github.com/gochain/gochain/pkg/utxo/utxo.go:316.2,316.24 1 0
github.com/gochain/gochain/pkg/utxo/utxo.go:316.24,318.3 1 0
github.com/gochain/gochain/pkg/utxo/utxo.go:321.2,322.36 2 0
github.com/gochain/gochain/pkg/utxo/utxo.go:322.36,323.35 1 0
github.com/gochain/gochain/pkg/utxo/utxo.go:323.35,325.4 1 0
github.com/gochain/gochain/pkg/utxo/utxo.go:328.2,328.12 1 0
github.com/gochain/gochain/pkg/utxo/utxo.go:334.109,338.16 2 7
github.com/gochain/gochain/pkg/utxo/utxo.go:338.16,340.26 1 2
github.com/gochain/gochain/pkg/utxo/utxo.go:340.26,342.4 1 0
github.com/gochain/gochain/pkg/utxo/utxo.go:343.3,343.27 1 2
github.com/gochain/gochain/pkg/utxo/utxo.go:343.27,345.4 1 1
github.com/gochain/gochain/pkg/utxo/utxo.go:347.3,347.37 1 1
github.com/gochain/gochain/pkg/utxo/utxo.go:347.37,348.25 1 1
github.com/gochain/gochain/pkg/utxo/utxo.go:348.25,350.5 1 0
github.com/gochain/gochain/pkg/utxo/utxo.go:351.4,351.37 1 1
github.com/gochain/gochain/pkg/utxo/utxo.go:351.37,353.5 1 0
github.com/gochain/gochain/pkg/utxo/utxo.go:355.3,355.13 1 1
github.com/gochain/gochain/pkg/utxo/utxo.go:359.2,359.25 1 5
github.com/gochain/gochain/pkg/utxo/utxo.go:359.25,361.3 1 1
github.com/gochain/gochain/pkg/utxo/utxo.go:362.2,362.26 1 4
github.com/gochain/gochain/pkg/utxo/utxo.go:362.26,364.3 1 1
github.com/gochain/gochain/pkg/utxo/utxo.go:367.2,368.34 2 3
github.com/gochain/gochain/pkg/utxo/utxo.go:368.34,370.25 2 4
github.com/gochain/gochain/pkg/utxo/utxo.go:370.25,372.4 1 1
github.com/gochain/gochain/pkg/utxo/utxo.go:373.3,373.28 1 3
github.com/gochain/gochain/pkg/utxo/utxo.go:377.2,378.34 2 2
github.com/gochain/gochain/pkg/utxo/utxo.go:378.34,380.41 1 2
github.com/gochain/gochain/pkg/utxo/utxo.go:380.41,382.4 1 0
github.com/gochain/gochain/pkg/utxo/utxo.go:385.3,386.18 2 2
github.com/gochain/gochain/pkg/utxo/utxo.go:386.18,388.4 1 1
github.com/gochain/gochain/pkg/utxo/utxo.go:391.3,391.22 1 1
github.com/gochain/gochain/pkg/utxo/utxo.go:391.23,394.4 0 0
github.com/gochain/gochain/pkg/utxo/utxo.go:397.3,397.35 1 1
github.com/gochain/gochain/pkg/utxo/utxo.go:397.35,399.4 1 1
github.com/gochain/gochain/pkg/utxo/utxo.go:402.3,407.17 4 0
github.com/gochain/gochain/pkg/utxo/utxo.go:407.17,409.4 1 0
github.com/gochain/gochain/pkg/utxo/utxo.go:410.3,417.37 5 0
github.com/gochain/gochain/pkg/utxo/utxo.go:417.37,420.4 1 0
github.com/gochain/gochain/pkg/utxo/utxo.go:423.3,423.24 1 0
github.com/gochain/gochain/pkg/utxo/utxo.go:423.24,425.4 1 0
github.com/gochain/gochain/pkg/utxo/utxo.go:426.3,430.37 3 0
github.com/gochain/gochain/pkg/utxo/utxo.go:430.37,432.4 1 0
github.com/gochain/gochain/pkg/utxo/utxo.go:435.3,437.16 3 0
github.com/gochain/gochain/pkg/utxo/utxo.go:437.16,439.4 1 0
github.com/gochain/gochain/pkg/utxo/utxo.go:441.3,441.27 1 0
github.com/gochain/gochain/pkg/utxo/utxo.go:445.2,446.36 2 0
github.com/gochain/gochain/pkg/utxo/utxo.go:446.36,447.42 1 0
github.com/gochain/gochain/pkg/utxo/utxo.go:447.42,449.4 1 0
github.com/gochain/gochain/pkg/utxo/utxo.go:450.3,450.30 1 0
github.com/gochain/gochain/pkg/utxo/utxo.go:454.2,454.30 1 0
github.com/gochain/gochain/pkg/utxo/utxo.go:454.30,456.3 1 0
github.com/gochain/gochain/pkg/utxo/utxo.go:459.2,460.18 2 0
github.com/gochain/gochain/pkg/utxo/utxo.go:460.18,462.3 1 0
github.com/gochain/gochain/pkg/utxo/utxo.go:465.2,465.24 1 0
github.com/gochain/gochain/pkg/utxo/utxo.go:465.24,467.3 1 0
github.com/gochain/gochain/pkg/utxo/utxo.go:470.2,471.36 2 0
github.com/gochain/gochain/pkg/utxo/utxo.go:471.36,472.35 1 0
github.com/gochain/gochain/pkg/utxo/utxo.go:472.35,474.4 1 0
github.com/gochain/gochain/pkg/utxo/utxo.go:477.2,477.12 1 0
github.com/gochain/gochain/pkg/utxo/utxo.go:481.54,491.38 7 3
github.com/gochain/gochain/pkg/utxo/utxo.go:491.38,493.3 1 2
github.com/gochain/gochain/pkg/utxo/utxo.go:494.2,496.14 2 3
github.com/gochain/gochain/pkg/utxo/utxo.go:500.62,501.34 1 2
github.com/gochain/gochain/pkg/utxo/utxo.go:501.34,503.18 2 2
github.com/gochain/gochain/pkg/utxo/utxo.go:503.18,506.4 1 1
github.com/gochain/gochain/pkg/utxo/utxo.go:508.2,508.14 1 1
github.com/gochain/gochain/pkg/utxo/utxo.go:512.72,513.25 1 5
github.com/gochain/gochain/pkg/utxo/utxo.go:513.25,516.3 1 1
github.com/gochain/gochain/pkg/utxo/utxo.go:518.2,519.34 2 4
github.com/gochain/gochain/pkg/utxo/utxo.go:519.34,521.18 2 4
github.com/gochain/gochain/pkg/utxo/utxo.go:521.18,523.4 1 0
github.com/gochain/gochain/pkg/utxo/utxo.go:524.3,524.27 1 4
github.com/gochain/gochain/pkg/utxo/utxo.go:527.2,528.36 2 4
github.com/gochain/gochain/pkg/utxo/utxo.go:528.36,530.3 1 4
github.com/gochain/gochain/pkg/utxo/utxo.go:532.2,532.30 1 4
github.com/gochain/gochain/pkg/utxo/utxo.go:532.30,534.3 1 1
github.com/gochain/gochain/pkg/utxo/utxo.go:536.2,536.38 1 3
github.com/gochain/gochain/pkg/utxo/utxo.go:540.84,541.25 1 3
github.com/gochain/gochain/pkg/utxo/utxo.go:541.25,544.3 1 1
github.com/gochain/gochain/pkg/utxo/utxo.go:547.2,556.34 4 2
github.com/gochain/gochain/pkg/utxo/utxo.go:556.34,561.3 4 2
github.com/gochain/gochain/pkg/utxo/utxo.go:564.2,567.36 2 2
github.com/gochain/gochain/pkg/utxo/utxo.go:567.36,570.3 2 2
github.com/gochain/gochain/pkg/utxo/utxo.go:573.2,582.16 5 2
github.com/gochain/gochain/pkg/utxo/utxo.go:582.16,584.3 1 0
github.com/gochain/gochain/pkg/utxo/utxo.go:586.2,586.24 1 2
github.com/gochain/gochain/pkg/utxo/utxo.go:586.24,589.3 1 1
github.com/gochain/gochain/pkg/utxo/utxo.go:591.2,591.12 1 1
github.com/gochain/gochain/pkg/utxo/utxo.go:596.79,601.32 4 4
github.com/gochain/gochain/pkg/utxo/utxo.go:601.32,602.56 1 12
github.com/gochain/gochain/pkg/utxo/utxo.go:602.56,604.4 1 5
github.com/gochain/gochain/pkg/utxo/utxo.go:606.2,606.23 1 4
github.com/gochain/gochain/pkg/utxo/utxo.go:610.39,615.2 3 19
github.com/gochain/gochain/pkg/utxo/utxo.go:618.42,623.2 3 15
github.com/gochain/gochain/pkg/utxo/utxo.go:626.36,630.2 2 1
github.com/gochain/gochain/pkg/utxo/utxo.go:633.69,640.34 3 1
github.com/gochain/gochain/pkg/utxo/utxo.go:640.34,644.3 3 1
github.com/gochain/gochain/pkg/utxo/utxo.go:647.2,647.36 1 1
github.com/gochain/gochain/pkg/utxo/utxo.go:647.36,650.3 2 1
github.com/gochain/gochain/pkg/utxo/utxo.go:653.2,658.16 4 1
github.com/gochain/gochain/pkg/utxo/utxo.go:661.37,668.2 6 4
