mode: atomic
github.com/gochain/gochain/pkg/wallet/wallet.go:95.42,101.2 1 26
github.com/gochain/gochain/pkg/wallet/wallet.go:104.93,105.19 1 25
github.com/gochain/gochain/pkg/wallet/wallet.go:105.19,107.3 1 0
github.com/gochain/gochain/pkg/wallet/wallet.go:109.2,112.24 3 25
github.com/gochain/gochain/pkg/wallet/wallet.go:113.20,116.20 2 25
github.com/gochain/gochain/pkg/wallet/wallet.go:116.20,118.4 1 0
github.com/gochain/gochain/pkg/wallet/wallet.go:119.22,123.20 2 0
github.com/gochain/gochain/pkg/wallet/wallet.go:123.20,125.4 1 0
github.com/gochain/gochain/pkg/wallet/wallet.go:126.10,127.69 1 0
github.com/gochain/gochain/pkg/wallet/wallet.go:130.2,142.54 2 25
github.com/gochain/gochain/pkg/wallet/wallet.go:142.54,144.3 1 0
github.com/gochain/gochain/pkg/wallet/wallet.go:146.2,146.20 1 25
github.com/gochain/gochain/pkg/wallet/wallet.go:150.31,155.16 4 1
github.com/gochain/gochain/pkg/wallet/wallet.go:155.16,157.3 1 0
github.com/gochain/gochain/pkg/wallet/wallet.go:159.2,160.16 2 1
github.com/gochain/gochain/pkg/wallet/wallet.go:160.16,162.3 1 0
github.com/gochain/gochain/pkg/wallet/wallet.go:164.2,164.65 1 1
github.com/gochain/gochain/pkg/wallet/wallet.go:168.31,173.16 4 2
github.com/gochain/gochain/pkg/wallet/wallet.go:173.16,175.3 1 0
github.com/gochain/gochain/pkg/wallet/wallet.go:177.2,178.16 2 2
github.com/gochain/gochain/pkg/wallet/wallet.go:178.16,180.3 1 1
github.com/gochain/gochain/pkg/wallet/wallet.go:183.2,184.71 2 1
github.com/gochain/gochain/pkg/wallet/wallet.go:184.71,186.3 1 0
github.com/gochain/gochain/pkg/wallet/wallet.go:189.2,191.12 2 1
github.com/gochain/gochain/pkg/wallet/wallet.go:195.55,197.19 1 4
github.com/gochain/gochain/pkg/wallet/wallet.go:197.19,199.17 2 4
github.com/gochain/gochain/pkg/wallet/wallet.go:199.17,201.4 1 0
github.com/gochain/gochain/pkg/wallet/wallet.go:202.3,202.16 1 4
github.com/gochain/gochain/pkg/wallet/wallet.go:206.2,207.16 2 4
github.com/gochain/gochain/pkg/wallet/wallet.go:207.16,209.3 1 0
github.com/gochain/gochain/pkg/wallet/wallet.go:211.2,212.16 2 4
github.com/gochain/gochain/pkg/wallet/wallet.go:212.16,214.3 1 0
github.com/gochain/gochain/pkg/wallet/wallet.go:216.2,217.16 2 4
github.com/gochain/gochain/pkg/wallet/wallet.go:217.16,219.3 1 0
github.com/gochain/gochain/pkg/wallet/wallet.go:221.2,222.59 2 4
github.com/gochain/gochain/pkg/wallet/wallet.go:222.59,224.3 1 0
github.com/gochain/gochain/pkg/wallet/wallet.go:227.2,235.20 6 4
github.com/gochain/gochain/pkg/wallet/wallet.go:239.55,242.23 1 6
github.com/gochain/gochain/pkg/wallet/wallet.go:242.23,244.3 1 0
github.com/gochain/gochain/pkg/wallet/wallet.go:246.2,256.16 7 6
github.com/gochain/gochain/pkg/wallet/wallet.go:256.16,258.3 1 0
github.com/gochain/gochain/pkg/wallet/wallet.go:260.2,261.16 2 6
github.com/gochain/gochain/pkg/wallet/wallet.go:261.16,263.3 1 0
github.com/gochain/gochain/pkg/wallet/wallet.go:265.2,266.16 2 6
github.com/gochain/gochain/pkg/wallet/wallet.go:266.16,268.3 1 0
github.com/gochain/gochain/pkg/wallet/wallet.go:270.2,270.46 1 6
github.com/gochain/gochain/pkg/wallet/wallet.go:274.47,293.2 5 25
github.com/gochain/gochain/pkg/wallet/wallet.go:296.71,307.2 5 30
github.com/gochain/gochain/pkg/wallet/wallet.go:310.79,313.2 2 30
github.com/gochain/gochain/pkg/wallet/wallet.go:316.72,332.2 6 31
github.com/gochain/gochain/pkg/wallet/wallet.go:335.51,337.2 1 34
github.com/gochain/gochain/pkg/wallet/wallet.go:340.76,343.16 2 3
github.com/gochain/gochain/pkg/wallet/wallet.go:343.16,345.3 1 1
github.com/gochain/gochain/pkg/wallet/wallet.go:348.2,348.20 1 2
github.com/gochain/gochain/pkg/wallet/wallet.go:348.20,350.3 1 0
github.com/gochain/gochain/pkg/wallet/wallet.go:353.2,358.21 4 2
github.com/gochain/gochain/pkg/wallet/wallet.go:358.21,360.3 1 0
github.com/gochain/gochain/pkg/wallet/wallet.go:363.2,369.44 5 2
github.com/gochain/gochain/pkg/wallet/wallet.go:369.44,371.3 1 0
github.com/gochain/gochain/pkg/wallet/wallet.go:372.2,372.26 1 2
github.com/gochain/gochain/pkg/wallet/wallet.go:372.26,373.41 1 8
github.com/gochain/gochain/pkg/wallet/wallet.go:373.41,375.4 1 0
github.com/gochain/gochain/pkg/wallet/wallet.go:378.2,378.26 1 2
github.com/gochain/gochain/pkg/wallet/wallet.go:382.60,384.2 1 5
github.com/gochain/gochain/pkg/wallet/wallet.go:387.47,388.22 1 0
github.com/gochain/gochain/pkg/wallet/wallet.go:388.22,390.3 1 0
github.com/gochain/gochain/pkg/wallet/wallet.go:391.2,391.19 1 0
github.com/gochain/gochain/pkg/wallet/wallet.go:391.19,392.19 1 0
github.com/gochain/gochain/pkg/wallet/wallet.go:392.19,394.4 1 0
github.com/gochain/gochain/pkg/wallet/wallet.go:396.2,396.13 1 0
github.com/gochain/gochain/pkg/wallet/wallet.go:400.52,404.19 2 1
github.com/gochain/gochain/pkg/wallet/wallet.go:405.20,408.17 2 1
github.com/gochain/gochain/pkg/wallet/wallet.go:408.17,410.4 1 0
github.com/gochain/gochain/pkg/wallet/wallet.go:412.3,412.36 1 1
github.com/gochain/gochain/pkg/wallet/wallet.go:413.22,417.17 2 0
github.com/gochain/gochain/pkg/wallet/wallet.go:417.17,419.4 1 0
github.com/gochain/gochain/pkg/wallet/wallet.go:421.3,421.36 1 0
github.com/gochain/gochain/pkg/wallet/wallet.go:425.2,441.21 6 1
github.com/gochain/gochain/pkg/wallet/wallet.go:445.54,450.2 3 11
github.com/gochain/gochain/pkg/wallet/wallet.go:453.47,458.37 3 9
github.com/gochain/gochain/pkg/wallet/wallet.go:458.37,460.3 1 9
github.com/gochain/gochain/pkg/wallet/wallet.go:462.2,462.12 1 0
github.com/gochain/gochain/pkg/wallet/wallet.go:466.46,471.37 4 6
github.com/gochain/gochain/pkg/wallet/wallet.go:471.37,473.3 1 7
github.com/gochain/gochain/pkg/wallet/wallet.go:475.2,475.17 1 6
github.com/gochain/gochain/pkg/wallet/wallet.go:479.115,481.20 2 2
github.com/gochain/gochain/pkg/wallet/wallet.go:481.20,483.3 1 0
github.com/gochain/gochain/pkg/wallet/wallet.go:486.2,487.25 2 2
github.com/gochain/gochain/pkg/wallet/wallet.go:487.25,489.3 1 0
github.com/gochain/gochain/pkg/wallet/wallet.go:492.2,493.21 2 2
github.com/gochain/gochain/pkg/wallet/wallet.go:493.21,495.3 1 0
github.com/gochain/gochain/pkg/wallet/wallet.go:498.2,499.29 2 2
github.com/gochain/gochain/pkg/wallet/wallet.go:499.29,501.3 1 2
github.com/gochain/gochain/pkg/wallet/wallet.go:504.2,505.34 2 2
github.com/gochain/gochain/pkg/wallet/wallet.go:505.34,507.3 1 0
github.com/gochain/gochain/pkg/wallet/wallet.go:510.2,511.34 2 2
github.com/gochain/gochain/pkg/wallet/wallet.go:511.34,513.3 1 0
github.com/gochain/gochain/pkg/wallet/wallet.go:516.2,517.37 2 2
github.com/gochain/gochain/pkg/wallet/wallet.go:517.37,525.3 2 2
github.com/gochain/gochain/pkg/wallet/wallet.go:528.2,532.16 3 2
github.com/gochain/gochain/pkg/wallet/wallet.go:532.16,534.3 1 0
github.com/gochain/gochain/pkg/wallet/wallet.go:535.2,542.28 3 2
github.com/gochain/gochain/pkg/wallet/wallet.go:542.28,545.17 2 2
github.com/gochain/gochain/pkg/wallet/wallet.go:545.17,547.4 1 0
github.com/gochain/gochain/pkg/wallet/wallet.go:548.3,551.5 1 2
github.com/gochain/gochain/pkg/wallet/wallet.go:552.8,552.23 1 0
github.com/gochain/gochain/pkg/wallet/wallet.go:552.23,555.3 1 0
github.com/gochain/gochain/pkg/wallet/wallet.go:558.2,567.59 2 2
github.com/gochain/gochain/pkg/wallet/wallet.go:567.59,569.3 1 0
github.com/gochain/gochain/pkg/wallet/wallet.go:572.2,574.16 2 2
github.com/gochain/gochain/pkg/wallet/wallet.go:578.83,580.20 2 3
github.com/gochain/gochain/pkg/wallet/wallet.go:580.20,582.3 1 0
github.com/gochain/gochain/pkg/wallet/wallet.go:585.2,586.16 2 3
github.com/gochain/gochain/pkg/wallet/wallet.go:586.16,588.3 1 0
github.com/gochain/gochain/pkg/wallet/wallet.go:591.2,595.16 3 3
github.com/gochain/gochain/pkg/wallet/wallet.go:595.16,597.3 1 0
github.com/gochain/gochain/pkg/wallet/wallet.go:600.2,601.16 2 3
github.com/gochain/gochain/pkg/wallet/wallet.go:601.16,603.3 1 0
github.com/gochain/gochain/pkg/wallet/wallet.go:605.2,608.27 2 3
github.com/gochain/gochain/pkg/wallet/wallet.go:608.27,614.3 4 3
github.com/gochain/gochain/pkg/wallet/wallet.go:617.2,619.12 2 3
github.com/gochain/gochain/pkg/wallet/wallet.go:623.73,624.34 1 1
github.com/gochain/gochain/pkg/wallet/wallet.go:624.34,626.32 1 1
github.com/gochain/gochain/pkg/wallet/wallet.go:626.32,628.4 1 0
github.com/gochain/gochain/pkg/wallet/wallet.go:630.3,635.17 4 1
github.com/gochain/gochain/pkg/wallet/wallet.go:635.17,637.4 1 0
github.com/gochain/gochain/pkg/wallet/wallet.go:640.3,644.17 3 1
github.com/gochain/gochain/pkg/wallet/wallet.go:644.17,646.4 1 0
github.com/gochain/gochain/pkg/wallet/wallet.go:649.3,649.70 1 1
github.com/gochain/gochain/pkg/wallet/wallet.go:649.70,651.4 1 0
github.com/gochain/gochain/pkg/wallet/wallet.go:654.3,654.40 1 1
github.com/gochain/gochain/pkg/wallet/wallet.go:654.40,656.4 1 0
github.com/gochain/gochain/pkg/wallet/wallet.go:659.2,659.18 1 1
github.com/gochain/gochain/pkg/wallet/wallet.go:663.68,673.34 3 3
github.com/gochain/gochain/pkg/wallet/wallet.go:673.34,677.3 3 3
github.com/gochain/gochain/pkg/wallet/wallet.go:680.2,680.36 1 3
github.com/gochain/gochain/pkg/wallet/wallet.go:680.36,683.3 2 6
github.com/gochain/gochain/pkg/wallet/wallet.go:686.2,691.16 4 3
github.com/gochain/gochain/pkg/wallet/wallet.go:695.73,705.34 3 0
github.com/gochain/gochain/pkg/wallet/wallet.go:705.34,710.3 4 0
github.com/gochain/gochain/pkg/wallet/wallet.go:713.2,713.36 1 0
github.com/gochain/gochain/pkg/wallet/wallet.go:713.36,716.3 2 0
github.com/gochain/gochain/pkg/wallet/wallet.go:719.2,724.16 4 0
github.com/gochain/gochain/pkg/wallet/wallet.go:728.64,732.52 3 1
github.com/gochain/gochain/pkg/wallet/wallet.go:732.52,734.3 1 1
github.com/gochain/gochain/pkg/wallet/wallet.go:738.52,742.52 3 2
github.com/gochain/gochain/pkg/wallet/wallet.go:742.52,744.3 1 2
github.com/gochain/gochain/pkg/wallet/wallet.go:746.2,746.10 1 0
github.com/gochain/gochain/pkg/wallet/wallet.go:750.75,753.16 2 4
github.com/gochain/gochain/pkg/wallet/wallet.go:753.16,755.3 1 2
github.com/gochain/gochain/pkg/wallet/wallet.go:758.2,759.16 2 2
github.com/gochain/gochain/pkg/wallet/wallet.go:759.16,761.3 1 0
github.com/gochain/gochain/pkg/wallet/wallet.go:764.2,767.56 2 2
github.com/gochain/gochain/pkg/wallet/wallet.go:767.56,769.3 1 1
github.com/gochain/gochain/pkg/wallet/wallet.go:772.2,784.21 5 1
github.com/gochain/gochain/pkg/wallet/wallet.go:788.67,790.20 2 3
github.com/gochain/gochain/pkg/wallet/wallet.go:790.20,792.3 1 0
github.com/gochain/gochain/pkg/wallet/wallet.go:794.2,794.52 1 3
github.com/gochain/gochain/pkg/wallet/wallet.go:798.35,801.2 1 1
github.com/gochain/gochain/pkg/wallet/wallet.go:804.34,810.2 3 1
github.com/gochain/gochain/pkg/wallet/wallet.go:813.52,816.17 2 27
github.com/gochain/gochain/pkg/wallet/wallet.go:816.17,820.3 3 1
github.com/gochain/gochain/pkg/wallet/wallet.go:822.2,822.17 1 26
github.com/gochain/gochain/pkg/wallet/wallet.go:822.17,824.3 1 0
github.com/gochain/gochain/pkg/wallet/wallet.go:825.2,825.10 1 26
github.com/gochain/gochain/pkg/wallet/wallet.go:829.50,833.2 2 60
github.com/gochain/gochain/pkg/wallet/wallet.go:835.61,836.18 1 5
github.com/gochain/gochain/pkg/wallet/wallet.go:836.18,838.3 1 0
github.com/gochain/gochain/pkg/wallet/wallet.go:839.2,842.42 3 5
github.com/gochain/gochain/pkg/wallet/wallet.go:842.42,844.3 1 0
github.com/gochain/gochain/pkg/wallet/wallet.go:847.2,861.21 5 5
github.com/gochain/gochain/pkg/wallet/wallet.go:864.37,871.2 6 0
github.com/gochain/gochain/pkg/wallet/wallet.go:874.58,880.16 2 4
github.com/gochain/gochain/pkg/wallet/wallet.go:880.16,882.3 1 0
github.com/gochain/gochain/pkg/wallet/wallet.go:885.2,885.20 1 4
github.com/gochain/gochain/pkg/wallet/wallet.go:885.20,887.3 1 0
github.com/gochain/gochain/pkg/wallet/wallet.go:890.2,895.21 4 4
github.com/gochain/gochain/pkg/wallet/wallet.go:895.21,897.3 1 0
github.com/gochain/gochain/pkg/wallet/wallet.go:900.2,906.44 5 4
github.com/gochain/gochain/pkg/wallet/wallet.go:906.44,908.3 1 0
github.com/gochain/gochain/pkg/wallet/wallet.go:909.2,909.26 1 4
github.com/gochain/gochain/pkg/wallet/wallet.go:909.26,910.41 1 16
github.com/gochain/gochain/pkg/wallet/wallet.go:910.41,912.4 1 0
github.com/gochain/gochain/pkg/wallet/wallet.go:915.2,915.26 1 4
github.com/gochain/gochain/pkg/wallet/wallet.go:919.88,924.51 2 4
github.com/gochain/gochain/pkg/wallet/wallet.go:924.51,926.3 1 1
github.com/gochain/gochain/pkg/wallet/wallet.go:928.2,928.13 1 4
github.com/gochain/gochain/pkg/wallet/wallet.go:932.56,943.2 3 4
github.com/gochain/gochain/pkg/wallet/wallet.go:946.71,952.16 3 4
github.com/gochain/gochain/pkg/wallet/wallet.go:952.16,954.3 1 1
github.com/gochain/gochain/pkg/wallet/wallet.go:956.2,956.26 1 3
github.com/gochain/gochain/pkg/wallet/wallet.go:960.79,964.36 2 1
github.com/gochain/gochain/pkg/wallet/wallet.go:964.36,966.3 1 0
github.com/gochain/gochain/pkg/wallet/wallet.go:967.2,967.36 1 1
github.com/gochain/gochain/pkg/wallet/wallet.go:967.36,969.3 1 0
github.com/gochain/gochain/pkg/wallet/wallet.go:972.2,973.22 2 1
github.com/gochain/gochain/pkg/wallet/wallet.go:973.22,975.3 1 0
github.com/gochain/gochain/pkg/wallet/wallet.go:977.2,977.12 1 1
github.com/gochain/gochain/pkg/wallet/wallet.go:981.64,995.2 1 10
github.com/gochain/gochain/pkg/wallet/wallet.go:998.37,1002.2 3 4
github.com/gochain/gochain/pkg/wallet/wallet.go:1006.101,1007.21 1 2
github.com/gochain/gochain/pkg/wallet/wallet.go:1007.21,1009.3 1 0
github.com/gochain/gochain/pkg/wallet/wallet.go:1012.2,1016.42 3 2
github.com/gochain/gochain/pkg/wallet/wallet.go:1016.42,1017.45 1 0
github.com/gochain/gochain/pkg/wallet/wallet.go:1017.45,1018.51 1 0
github.com/gochain/gochain/pkg/wallet/wallet.go:1018.51,1020.5 1 0
github.com/gochain/gochain/pkg/wallet/wallet.go:1025.2,1029.35 3 2
github.com/gochain/gochain/pkg/wallet/wallet.go:1029.35,1030.37 1 2
github.com/gochain/gochain/pkg/wallet/wallet.go:1030.37,1031.9 1 0
github.com/gochain/gochain/pkg/wallet/wallet.go:1033.3,1034.31 2 2
github.com/gochain/gochain/pkg/wallet/wallet.go:1037.2,1037.38 1 2
