mode: atomic
github.com/gochain/gochain/pkg/explorer/web/handlers.go:24.67,30.2 1 10
github.com/gochain/gochain/pkg/explorer/web/handlers.go:33.56,41.52 5 2
github.com/gochain/gochain/pkg/explorer/web/handlers.go:41.52,43.27 2 1
github.com/gochain/gochain/pkg/explorer/web/handlers.go:43.27,44.28 1 1
github.com/gochain/gochain/pkg/explorer/web/handlers.go:44.28,46.5 1 1
github.com/gochain/gochain/pkg/explorer/web/handlers.go:48.3,48.37 1 1
github.com/gochain/gochain/pkg/explorer/web/handlers.go:52.2,52.44 1 2
github.com/gochain/gochain/pkg/explorer/web/handlers.go:52.44,54.3 1 0
github.com/gochain/gochain/pkg/explorer/web/handlers.go:57.2,58.13 2 2
github.com/gochain/gochain/pkg/explorer/web/handlers.go:69.95,75.2 1 10
github.com/gochain/gochain/pkg/explorer/web/handlers.go:78.74,82.16 3 2
github.com/gochain/gochain/pkg/explorer/web/handlers.go:82.16,85.3 2 1
github.com/gochain/gochain/pkg/explorer/web/handlers.go:87.2,92.42 2 1
github.com/gochain/gochain/pkg/explorer/web/handlers.go:96.79,103.16 4 1
github.com/gochain/gochain/pkg/explorer/web/handlers.go:103.16,106.3 2 0
github.com/gochain/gochain/pkg/explorer/web/handlers.go:109.2,110.16 2 1
github.com/gochain/gochain/pkg/explorer/web/handlers.go:110.16,113.3 2 0
github.com/gochain/gochain/pkg/explorer/web/handlers.go:115.2,121.44 2 1
github.com/gochain/gochain/pkg/explorer/web/handlers.go:125.81,131.16 4 1
github.com/gochain/gochain/pkg/explorer/web/handlers.go:131.16,134.3 2 0
github.com/gochain/gochain/pkg/explorer/web/handlers.go:136.2,138.16 3 1
github.com/gochain/gochain/pkg/explorer/web/handlers.go:138.16,141.3 2 0
github.com/gochain/gochain/pkg/explorer/web/handlers.go:143.2,148.50 2 1
github.com/gochain/gochain/pkg/explorer/web/handlers.go:152.85,159.16 4 1
github.com/gochain/gochain/pkg/explorer/web/handlers.go:159.16,162.3 2 0
github.com/gochain/gochain/pkg/explorer/web/handlers.go:165.2,166.16 2 1
github.com/gochain/gochain/pkg/explorer/web/handlers.go:166.16,169.3 2 0
github.com/gochain/gochain/pkg/explorer/web/handlers.go:171.2,177.50 2 1
github.com/gochain/gochain/pkg/explorer/web/handlers.go:181.87,187.16 4 1
github.com/gochain/gochain/pkg/explorer/web/handlers.go:187.16,190.3 2 0
github.com/gochain/gochain/pkg/explorer/web/handlers.go:192.2,194.16 3 1
github.com/gochain/gochain/pkg/explorer/web/handlers.go:194.16,197.3 2 0
github.com/gochain/gochain/pkg/explorer/web/handlers.go:199.2,204.56 2 1
github.com/gochain/gochain/pkg/explorer/web/handlers.go:208.83,213.44 3 1
github.com/gochain/gochain/pkg/explorer/web/handlers.go:213.44,216.3 2 0
github.com/gochain/gochain/pkg/explorer/web/handlers.go:218.2,220.16 3 1
github.com/gochain/gochain/pkg/explorer/web/handlers.go:220.16,223.3 2 0
github.com/gochain/gochain/pkg/explorer/web/handlers.go:225.2,230.52 2 1
github.com/gochain/gochain/pkg/explorer/web/handlers.go:234.76,237.40 2 2
github.com/gochain/gochain/pkg/explorer/web/handlers.go:237.40,240.3 2 0
github.com/gochain/gochain/pkg/explorer/web/handlers.go:242.2,243.17 2 2
github.com/gochain/gochain/pkg/explorer/web/handlers.go:243.17,250.3 3 1
github.com/gochain/gochain/pkg/explorer/web/handlers.go:253.2,253.34 1 1
github.com/gochain/gochain/pkg/explorer/web/handlers.go:253.34,256.3 2 0
github.com/gochain/gochain/pkg/explorer/web/handlers.go:258.2,260.16 3 1
github.com/gochain/gochain/pkg/explorer/web/handlers.go:260.16,263.3 2 0
github.com/gochain/gochain/pkg/explorer/web/handlers.go:265.2,271.52 2 1
github.com/gochain/gochain/pkg/explorer/web/handlers.go:275.73,278.2 1 0
github.com/gochain/gochain/pkg/explorer/web/handlers.go:281.80,284.2 1 0
github.com/gochain/gochain/pkg/explorer/web/handlers.go:288.84,297.2 3 1
github.com/gochain/gochain/pkg/explorer/web/handlers.go:299.81,306.20 5 5
github.com/gochain/gochain/pkg/explorer/web/handlers.go:306.20,307.72 1 2
github.com/gochain/gochain/pkg/explorer/web/handlers.go:307.72,309.4 1 1
github.com/gochain/gochain/pkg/explorer/web/handlers.go:312.2,312.21 1 5
github.com/gochain/gochain/pkg/explorer/web/handlers.go:312.21,313.62 1 2
github.com/gochain/gochain/pkg/explorer/web/handlers.go:313.62,315.4 1 1
github.com/gochain/gochain/pkg/explorer/web/handlers.go:318.2,318.22 1 5
github.com/gochain/gochain/pkg/explorer/web/handlers.go:321.88,329.20 6 3
github.com/gochain/gochain/pkg/explorer/web/handlers.go:329.20,331.3 1 2
github.com/gochain/gochain/pkg/explorer/web/handlers.go:333.2,334.25 2 3
github.com/gochain/gochain/pkg/explorer/web/handlers.go:334.25,336.21 2 0
github.com/gochain/gochain/pkg/explorer/web/handlers.go:336.21,338.4 1 0
github.com/gochain/gochain/pkg/explorer/web/handlers.go:341.2,353.3 1 3
github.com/gochain/gochain/pkg/explorer/web/handlers.go:356.58,358.53 1 2
github.com/gochain/gochain/pkg/explorer/web/handlers.go:358.53,360.3 1 0
github.com/gochain/gochain/pkg/explorer/web/handlers.go:361.2,361.47 1 2
github.com/gochain/gochain/pkg/explorer/web/handlers.go:361.47,363.3 1 0
github.com/gochain/gochain/pkg/explorer/web/handlers.go:364.2,364.49 1 2
github.com/gochain/gochain/pkg/explorer/web/handlers.go:364.49,366.3 1 0
github.com/gochain/gochain/pkg/explorer/web/handlers.go:367.2,367.21 1 2
github.com/gochain/gochain/pkg/explorer/web/handlers.go:370.60,385.2 4 1
github.com/gochain/gochain/pkg/explorer/web/routes.go:10.54,33.2 13 0
github.com/gochain/gochain/pkg/explorer/web/routes.go:36.59,37.71 1 0
github.com/gochain/gochain/pkg/explorer/web/routes.go:37.71,50.3 2 0
github.com/gochain/gochain/pkg/explorer/web/routes.go:54.57,55.71 1 0
github.com/gochain/gochain/pkg/explorer/web/routes.go:55.71,63.3 5 0
github.com/gochain/gochain/pkg/explorer/web/routes.go:72.52,75.2 2 0
github.com/gochain/gochain/pkg/explorer/web/routes.go:77.59,79.2 1 0
github.com/gochain/gochain/pkg/explorer/web/server.go:21.71,30.2 3 1
github.com/gochain/gochain/pkg/explorer/web/server.go:33.44,51.2 6 0
github.com/gochain/gochain/pkg/explorer/web/server.go:54.35,55.22 1 0
github.com/gochain/gochain/pkg/explorer/web/server.go:55.22,58.3 2 0
github.com/gochain/gochain/pkg/explorer/web/server.go:59.2,59.12 1 0
github.com/gochain/gochain/pkg/explorer/web/server.go:63.47,65.2 1 1
github.com/gochain/gochain/pkg/explorer/web/server.go:68.48,70.2 1 1
github.com/gochain/gochain/pkg/explorer/web/server.go:73.42,75.25 1 1
github.com/gochain/gochain/pkg/explorer/web/server.go:75.25,77.3 1 0
github.com/gochain/gochain/pkg/explorer/web/server.go:80.2,80.23 1 1
github.com/gochain/gochain/pkg/explorer/web/server.go:80.23,82.3 1 0
github.com/gochain/gochain/pkg/explorer/web/server.go:85.2,85.31 1 1
github.com/gochain/gochain/pkg/explorer/web/server.go:85.31,87.3 1 0
github.com/gochain/gochain/pkg/explorer/web/server.go:89.2,89.12 1 1
github.com/gochain/gochain/pkg/explorer/web/server.go:93.61,101.22 2 1
github.com/gochain/gochain/pkg/explorer/web/server.go:101.22,103.3 1 0
github.com/gochain/gochain/pkg/explorer/web/server.go:105.2,105.13 1 1
github.com/gochain/gochain/pkg/explorer/web/templates.go:17.32,37.2 3 10
github.com/gochain/gochain/pkg/explorer/web/templates.go:40.82,42.13 2 9
github.com/gochain/gochain/pkg/explorer/web/templates.go:42.13,45.3 2 0
github.com/gochain/gochain/pkg/explorer/web/templates.go:47.2,49.16 3 9
github.com/gochain/gochain/pkg/explorer/web/templates.go:49.16,52.3 2 0
github.com/gochain/gochain/pkg/explorer/web/templates.go:54.2,55.22 2 9
github.com/gochain/gochain/pkg/explorer/web/templates.go:59.37,73.41 2 10
github.com/gochain/gochain/pkg/explorer/web/templates.go:73.41,75.3 1 100
github.com/gochain/gochain/pkg/explorer/web/templates.go:79.51,81.29 1 100
github.com/gochain/gochain/pkg/explorer/web/templates.go:81.29,87.17 4 90
github.com/gochain/gochain/pkg/explorer/web/templates.go:87.17,88.64 1 0
github.com/gochain/gochain/pkg/explorer/web/templates.go:92.3,93.17 2 90
github.com/gochain/gochain/pkg/explorer/web/templates.go:93.17,94.80 1 0
github.com/gochain/gochain/pkg/explorer/web/templates.go:97.3,97.31 1 90
github.com/gochain/gochain/pkg/explorer/web/templates.go:98.8,102.17 3 10
github.com/gochain/gochain/pkg/explorer/web/templates.go:102.17,103.72 1 0
github.com/gochain/gochain/pkg/explorer/web/templates.go:105.3,105.31 1 10
github.com/gochain/gochain/pkg/explorer/web/templates.go:110.64,111.18 1 190
github.com/gochain/gochain/pkg/explorer/web/templates.go:112.19,113.22 1 100
github.com/gochain/gochain/pkg/explorer/web/templates.go:114.19,115.22 1 10
github.com/gochain/gochain/pkg/explorer/web/templates.go:116.21,117.24 1 10
github.com/gochain/gochain/pkg/explorer/web/templates.go:118.27,119.29 1 10
github.com/gochain/gochain/pkg/explorer/web/templates.go:120.27,121.30 1 10
github.com/gochain/gochain/pkg/explorer/web/templates.go:122.33,123.35 1 10
github.com/gochain/gochain/pkg/explorer/web/templates.go:124.29,125.31 1 10
github.com/gochain/gochain/pkg/explorer/web/templates.go:126.21,127.24 1 10
github.com/gochain/gochain/pkg/explorer/web/templates.go:128.29,129.31 1 10
github.com/gochain/gochain/pkg/explorer/web/templates.go:130.20,131.23 1 10
github.com/gochain/gochain/pkg/explorer/web/templates.go:132.10,133.65 1 0
github.com/gochain/gochain/pkg/explorer/web/templates.go:139.37,140.20 1 19
github.com/gochain/gochain/pkg/explorer/web/templates.go:140.20,142.3 1 0
github.com/gochain/gochain/pkg/explorer/web/templates.go:143.2,143.20 1 19
github.com/gochain/gochain/pkg/explorer/web/templates.go:143.20,145.3 1 0
github.com/gochain/gochain/pkg/explorer/web/templates.go:146.2,146.61 1 19
github.com/gochain/gochain/pkg/explorer/web/templates.go:149.43,150.24 1 0
github.com/gochain/gochain/pkg/explorer/web/templates.go:150.24,152.3 1 0
github.com/gochain/gochain/pkg/explorer/web/templates.go:153.2,153.70 1 0
github.com/gochain/gochain/pkg/explorer/web/templates.go:156.41,158.17 1 8
github.com/gochain/gochain/pkg/explorer/web/templates.go:158.17,160.3 1 2
github.com/gochain/gochain/pkg/explorer/web/templates.go:163.2,164.38 2 6
github.com/gochain/gochain/pkg/explorer/web/templates.go:167.39,168.23 1 8
github.com/gochain/gochain/pkg/explorer/web/templates.go:169.13,171.30 1 0
github.com/gochain/gochain/pkg/explorer/web/templates.go:172.14,173.11 1 0
github.com/gochain/gochain/pkg/explorer/web/templates.go:174.10,175.30 1 8
github.com/gochain/gochain/pkg/explorer/web/templates.go:179.49,180.21 1 3
github.com/gochain/gochain/pkg/explorer/web/templates.go:180.21,182.3 1 0
github.com/gochain/gochain/pkg/explorer/web/templates.go:185.2,185.30 1 3
github.com/gochain/gochain/pkg/explorer/web/templates.go:185.30,187.3 1 0
github.com/gochain/gochain/pkg/explorer/web/templates.go:187.8,187.34 1 3
github.com/gochain/gochain/pkg/explorer/web/templates.go:187.34,189.3 1 0
github.com/gochain/gochain/pkg/explorer/web/templates.go:189.8,189.31 1 3
github.com/gochain/gochain/pkg/explorer/web/templates.go:189.31,191.3 1 3
github.com/gochain/gochain/pkg/explorer/web/templates.go:192.2,192.38 1 0
github.com/gochain/gochain/pkg/explorer/web/templates.go:195.24,197.2 1 0
github.com/gochain/gochain/pkg/explorer/web/templates.go:199.24,201.2 1 0
github.com/gochain/gochain/pkg/explorer/web/templates.go:203.24,205.2 1 0
github.com/gochain/gochain/pkg/explorer/web/templates.go:207.24,208.12 1 0
github.com/gochain/gochain/pkg/explorer/web/templates.go:208.12,210.3 1 0
github.com/gochain/gochain/pkg/explorer/web/templates.go:211.2,211.14 1 0
github.com/gochain/gochain/pkg/explorer/web/templates.go:214.24,215.12 1 0
github.com/gochain/gochain/pkg/explorer/web/templates.go:215.12,217.3 1 0
github.com/gochain/gochain/pkg/explorer/web/templates.go:218.2,218.14 1 0
