mode: atomic
github.com/gochain/gochain/pkg/explorer/web/handlers.go:25.67,31.2 1 14
github.com/gochain/gochain/pkg/explorer/web/handlers.go:34.56,42.52 5 2
github.com/gochain/gochain/pkg/explorer/web/handlers.go:42.52,44.27 2 1
github.com/gochain/gochain/pkg/explorer/web/handlers.go:44.27,45.28 1 1
github.com/gochain/gochain/pkg/explorer/web/handlers.go:45.28,47.5 1 1
github.com/gochain/gochain/pkg/explorer/web/handlers.go:49.3,49.37 1 1
github.com/gochain/gochain/pkg/explorer/web/handlers.go:53.2,53.44 1 2
github.com/gochain/gochain/pkg/explorer/web/handlers.go:53.44,55.3 1 0
github.com/gochain/gochain/pkg/explorer/web/handlers.go:58.2,59.13 2 2
github.com/gochain/gochain/pkg/explorer/web/handlers.go:70.95,76.2 1 14
github.com/gochain/gochain/pkg/explorer/web/handlers.go:79.74,83.16 3 3
github.com/gochain/gochain/pkg/explorer/web/handlers.go:83.16,86.3 2 1
github.com/gochain/gochain/pkg/explorer/web/handlers.go:88.2,93.42 2 2
github.com/gochain/gochain/pkg/explorer/web/handlers.go:97.79,104.16 4 1
github.com/gochain/gochain/pkg/explorer/web/handlers.go:104.16,107.3 2 0
github.com/gochain/gochain/pkg/explorer/web/handlers.go:110.2,111.16 2 1
github.com/gochain/gochain/pkg/explorer/web/handlers.go:111.16,114.3 2 0
github.com/gochain/gochain/pkg/explorer/web/handlers.go:116.2,122.44 2 1
github.com/gochain/gochain/pkg/explorer/web/handlers.go:126.81,132.16 4 1
github.com/gochain/gochain/pkg/explorer/web/handlers.go:132.16,135.3 2 0
github.com/gochain/gochain/pkg/explorer/web/handlers.go:137.2,139.16 3 1
github.com/gochain/gochain/pkg/explorer/web/handlers.go:139.16,142.3 2 0
github.com/gochain/gochain/pkg/explorer/web/handlers.go:144.2,149.50 2 1
github.com/gochain/gochain/pkg/explorer/web/handlers.go:153.85,160.16 4 1
github.com/gochain/gochain/pkg/explorer/web/handlers.go:160.16,163.3 2 0
github.com/gochain/gochain/pkg/explorer/web/handlers.go:166.2,167.16 2 1
github.com/gochain/gochain/pkg/explorer/web/handlers.go:167.16,170.3 2 0
github.com/gochain/gochain/pkg/explorer/web/handlers.go:172.2,178.50 2 1
github.com/gochain/gochain/pkg/explorer/web/handlers.go:182.87,188.16 4 1
github.com/gochain/gochain/pkg/explorer/web/handlers.go:188.16,191.3 2 0
github.com/gochain/gochain/pkg/explorer/web/handlers.go:193.2,195.16 3 1
github.com/gochain/gochain/pkg/explorer/web/handlers.go:195.16,198.3 2 0
github.com/gochain/gochain/pkg/explorer/web/handlers.go:200.2,205.56 2 1
github.com/gochain/gochain/pkg/explorer/web/handlers.go:209.83,214.44 3 1
github.com/gochain/gochain/pkg/explorer/web/handlers.go:214.44,217.3 2 0
github.com/gochain/gochain/pkg/explorer/web/handlers.go:219.2,221.16 3 1
github.com/gochain/gochain/pkg/explorer/web/handlers.go:221.16,224.3 2 0
github.com/gochain/gochain/pkg/explorer/web/handlers.go:226.2,231.52 2 1
github.com/gochain/gochain/pkg/explorer/web/handlers.go:235.76,238.40 2 2
github.com/gochain/gochain/pkg/explorer/web/handlers.go:238.40,241.3 2 0
github.com/gochain/gochain/pkg/explorer/web/handlers.go:243.2,244.17 2 2
github.com/gochain/gochain/pkg/explorer/web/handlers.go:244.17,251.3 3 1
github.com/gochain/gochain/pkg/explorer/web/handlers.go:254.2,254.34 1 1
github.com/gochain/gochain/pkg/explorer/web/handlers.go:254.34,257.3 2 0
github.com/gochain/gochain/pkg/explorer/web/handlers.go:259.2,261.16 3 1
github.com/gochain/gochain/pkg/explorer/web/handlers.go:261.16,264.3 2 0
github.com/gochain/gochain/pkg/explorer/web/handlers.go:266.2,272.52 2 1
github.com/gochain/gochain/pkg/explorer/web/handlers.go:276.73,279.2 1 2
github.com/gochain/gochain/pkg/explorer/web/handlers.go:282.80,285.2 1 1
github.com/gochain/gochain/pkg/explorer/web/handlers.go:289.84,298.2 3 1
github.com/gochain/gochain/pkg/explorer/web/handlers.go:300.81,307.20 5 10
github.com/gochain/gochain/pkg/explorer/web/handlers.go:307.20,308.72 1 6
github.com/gochain/gochain/pkg/explorer/web/handlers.go:308.72,310.4 1 2
github.com/gochain/gochain/pkg/explorer/web/handlers.go:313.2,313.21 1 10
github.com/gochain/gochain/pkg/explorer/web/handlers.go:313.21,314.62 1 5
github.com/gochain/gochain/pkg/explorer/web/handlers.go:314.62,316.4 1 2
github.com/gochain/gochain/pkg/explorer/web/handlers.go:319.2,319.22 1 10
github.com/gochain/gochain/pkg/explorer/web/handlers.go:322.88,330.20 6 7
github.com/gochain/gochain/pkg/explorer/web/handlers.go:330.20,332.3 1 4
github.com/gochain/gochain/pkg/explorer/web/handlers.go:334.2,335.25 2 7
github.com/gochain/gochain/pkg/explorer/web/handlers.go:335.25,337.21 2 3
github.com/gochain/gochain/pkg/explorer/web/handlers.go:337.21,339.4 1 2
github.com/gochain/gochain/pkg/explorer/web/handlers.go:342.2,354.3 1 7
github.com/gochain/gochain/pkg/explorer/web/handlers.go:357.58,359.53 1 6
github.com/gochain/gochain/pkg/explorer/web/handlers.go:359.53,361.3 1 1
github.com/gochain/gochain/pkg/explorer/web/handlers.go:362.2,362.47 1 5
github.com/gochain/gochain/pkg/explorer/web/handlers.go:362.47,364.3 1 1
github.com/gochain/gochain/pkg/explorer/web/handlers.go:365.2,365.49 1 4
github.com/gochain/gochain/pkg/explorer/web/handlers.go:365.49,367.3 1 1
github.com/gochain/gochain/pkg/explorer/web/handlers.go:368.2,368.21 1 3
github.com/gochain/gochain/pkg/explorer/web/handlers.go:371.60,384.35 4 9
github.com/gochain/gochain/pkg/explorer/web/handlers.go:384.35,386.3 1 0
github.com/gochain/gochain/pkg/explorer/web/handlers.go:389.2,389.40 1 9
github.com/gochain/gochain/pkg/explorer/web/handlers.go:389.40,391.3 1 2
github.com/gochain/gochain/pkg/explorer/web/handlers.go:394.2,394.29 1 7
github.com/gochain/gochain/pkg/explorer/web/handlers.go:394.29,395.99 1 7
github.com/gochain/gochain/pkg/explorer/web/handlers.go:395.99,397.4 1 7
github.com/gochain/gochain/pkg/explorer/web/handlers.go:400.2,400.14 1 0
github.com/gochain/gochain/pkg/explorer/web/routes.go:10.54,33.2 13 4
github.com/gochain/gochain/pkg/explorer/web/routes.go:36.59,37.71 1 4
github.com/gochain/gochain/pkg/explorer/web/routes.go:37.71,50.3 2 4
github.com/gochain/gochain/pkg/explorer/web/routes.go:54.57,55.71 1 4
github.com/gochain/gochain/pkg/explorer/web/routes.go:55.71,63.3 5 4
github.com/gochain/gochain/pkg/explorer/web/routes.go:72.52,75.2 2 4
github.com/gochain/gochain/pkg/explorer/web/routes.go:77.59,79.2 1 5
github.com/gochain/gochain/pkg/explorer/web/server.go:21.71,30.2 3 1
github.com/gochain/gochain/pkg/explorer/web/server.go:33.44,51.2 6 0
github.com/gochain/gochain/pkg/explorer/web/server.go:54.35,55.22 1 0
github.com/gochain/gochain/pkg/explorer/web/server.go:55.22,58.3 2 0
github.com/gochain/gochain/pkg/explorer/web/server.go:59.2,59.12 1 0
github.com/gochain/gochain/pkg/explorer/web/server.go:63.47,65.2 1 1
github.com/gochain/gochain/pkg/explorer/web/server.go:68.48,70.2 1 1
github.com/gochain/gochain/pkg/explorer/web/server.go:73.42,75.25 1 1
github.com/gochain/gochain/pkg/explorer/web/server.go:75.25,77.3 1 0
github.com/gochain/gochain/pkg/explorer/web/server.go:80.2,80.23 1 1
github.com/gochain/gochain/pkg/explorer/web/server.go:80.23,82.3 1 0
github.com/gochain/gochain/pkg/explorer/web/server.go:85.2,85.31 1 1
github.com/gochain/gochain/pkg/explorer/web/server.go:85.31,87.3 1 0
github.com/gochain/gochain/pkg/explorer/web/server.go:89.2,89.12 1 1
github.com/gochain/gochain/pkg/explorer/web/server.go:93.61,101.22 2 1
github.com/gochain/gochain/pkg/explorer/web/server.go:101.22,103.3 1 0
github.com/gochain/gochain/pkg/explorer/web/server.go:105.2,105.13 1 1
github.com/gochain/gochain/pkg/explorer/web/templates.go:17.32,37.2 3 20
github.com/gochain/gochain/pkg/explorer/web/templates.go:40.82,42.13 2 10
github.com/gochain/gochain/pkg/explorer/web/templates.go:42.13,45.3 2 0
github.com/gochain/gochain/pkg/explorer/web/templates.go:47.2,49.16 3 10
github.com/gochain/gochain/pkg/explorer/web/templates.go:49.16,52.3 2 0
github.com/gochain/gochain/pkg/explorer/web/templates.go:54.2,55.22 2 10
github.com/gochain/gochain/pkg/explorer/web/templates.go:59.37,73.41 2 20
github.com/gochain/gochain/pkg/explorer/web/templates.go:73.41,75.3 1 200
github.com/gochain/gochain/pkg/explorer/web/templates.go:79.51,81.29 1 200
github.com/gochain/gochain/pkg/explorer/web/templates.go:81.29,87.17 4 180
github.com/gochain/gochain/pkg/explorer/web/templates.go:87.17,88.64 1 0
github.com/gochain/gochain/pkg/explorer/web/templates.go:92.3,93.17 2 180
github.com/gochain/gochain/pkg/explorer/web/templates.go:93.17,94.80 1 0
github.com/gochain/gochain/pkg/explorer/web/templates.go:97.3,97.31 1 180
github.com/gochain/gochain/pkg/explorer/web/templates.go:98.8,102.17 3 20
github.com/gochain/gochain/pkg/explorer/web/templates.go:102.17,103.72 1 0
github.com/gochain/gochain/pkg/explorer/web/templates.go:105.3,105.31 1 20
github.com/gochain/gochain/pkg/explorer/web/templates.go:110.64,111.18 1 380
github.com/gochain/gochain/pkg/explorer/web/templates.go:112.19,113.22 1 200
github.com/gochain/gochain/pkg/explorer/web/templates.go:114.19,115.22 1 20
github.com/gochain/gochain/pkg/explorer/web/templates.go:116.21,117.24 1 20
github.com/gochain/gochain/pkg/explorer/web/templates.go:118.27,119.29 1 20
github.com/gochain/gochain/pkg/explorer/web/templates.go:120.27,121.30 1 20
github.com/gochain/gochain/pkg/explorer/web/templates.go:122.33,123.35 1 20
github.com/gochain/gochain/pkg/explorer/web/templates.go:124.29,125.31 1 20
github.com/gochain/gochain/pkg/explorer/web/templates.go:126.21,127.24 1 20
github.com/gochain/gochain/pkg/explorer/web/templates.go:128.29,129.31 1 20
github.com/gochain/gochain/pkg/explorer/web/templates.go:130.20,131.23 1 20
github.com/gochain/gochain/pkg/explorer/web/templates.go:132.10,133.65 1 0
github.com/gochain/gochain/pkg/explorer/web/templates.go:139.37,140.20 1 19
github.com/gochain/gochain/pkg/explorer/web/templates.go:140.20,142.3 1 0
github.com/gochain/gochain/pkg/explorer/web/templates.go:143.2,143.20 1 19
github.com/gochain/gochain/pkg/explorer/web/templates.go:143.20,145.3 1 0
github.com/gochain/gochain/pkg/explorer/web/templates.go:146.2,146.61 1 19
github.com/gochain/gochain/pkg/explorer/web/templates.go:149.43,150.24 1 0
github.com/gochain/gochain/pkg/explorer/web/templates.go:150.24,152.3 1 0
github.com/gochain/gochain/pkg/explorer/web/templates.go:153.2,153.70 1 0
github.com/gochain/gochain/pkg/explorer/web/templates.go:156.41,158.17 1 8
github.com/gochain/gochain/pkg/explorer/web/templates.go:158.17,160.3 1 2
github.com/gochain/gochain/pkg/explorer/web/templates.go:163.2,164.38 2 6
github.com/gochain/gochain/pkg/explorer/web/templates.go:167.39,168.23 1 8
github.com/gochain/gochain/pkg/explorer/web/templates.go:169.13,171.30 1 0
github.com/gochain/gochain/pkg/explorer/web/templates.go:172.14,173.11 1 0
github.com/gochain/gochain/pkg/explorer/web/templates.go:174.10,175.30 1 8
github.com/gochain/gochain/pkg/explorer/web/templates.go:179.49,180.21 1 3
github.com/gochain/gochain/pkg/explorer/web/templates.go:180.21,182.3 1 0
github.com/gochain/gochain/pkg/explorer/web/templates.go:185.2,185.30 1 3
github.com/gochain/gochain/pkg/explorer/web/templates.go:185.30,187.3 1 0
github.com/gochain/gochain/pkg/explorer/web/templates.go:187.8,187.34 1 3
github.com/gochain/gochain/pkg/explorer/web/templates.go:187.34,189.3 1 0
github.com/gochain/gochain/pkg/explorer/web/templates.go:189.8,189.31 1 3
github.com/gochain/gochain/pkg/explorer/web/templates.go:189.31,191.3 1 3
github.com/gochain/gochain/pkg/explorer/web/templates.go:192.2,192.38 1 0
github.com/gochain/gochain/pkg/explorer/web/templates.go:195.24,197.2 1 0
github.com/gochain/gochain/pkg/explorer/web/templates.go:199.24,201.2 1 0
github.com/gochain/gochain/pkg/explorer/web/templates.go:203.24,205.2 1 0
github.com/gochain/gochain/pkg/explorer/web/templates.go:207.24,208.12 1 0
github.com/gochain/gochain/pkg/explorer/web/templates.go:208.12,210.3 1 0
github.com/gochain/gochain/pkg/explorer/web/templates.go:211.2,211.14 1 0
github.com/gochain/gochain/pkg/explorer/web/templates.go:214.24,215.12 1 0
github.com/gochain/gochain/pkg/explorer/web/templates.go:215.12,217.3 1 0
github.com/gochain/gochain/pkg/explorer/web/templates.go:218.2,218.14 1 0
